#
# There is insufficient memory for the Java Runtime Environment to continue.
# Native memory allocation (mmap) failed to map 262144 bytes for committing reserved memory.
# Possible reasons:
#   The system is out of physical RAM or swap space
#   In 32 bit mode, the process size limit was hit
# Possible solutions:
#   Reduce memory load on the system
#   Increase physical memory or swap space
#   Check if swap backing store is full
#   Use 64 bit Java on a 64 bit OS
#   Decrease Java heap size (-Xmx/-Xms)
#   Decrease number of Java threads
#   Decrease Java thread stack sizes (-Xss)
#   Set larger code cache with -XX:ReservedCodeCacheSize=
# This output file may be truncated or incomplete.
#
#  Out of Memory Error (os_linux.cpp:2627), pid=11000, tid=0x00007f119715d700
#
# JRE version: Java(TM) SE Runtime Environment (8.0_111-b14) (build 1.8.0_111-b14)
# Java VM: Java HotSpot(TM) 64-Bit Server VM (25.111-b14 mixed mode linux-amd64 compressed oops)
# Failed to write core dump. Core dumps have been disabled. To enable core dumping, try "ulimit -c unlimited" before starting Java again
#

---------------  T H R E A D  ---------------

Current thread (0x00007f119000a000):  JavaThread "main" [_thread_in_vm, id=11001, stack(0x00007f119705d000,0x00007f119715e000)]

Stack: [0x00007f119705d000,0x00007f119715e000],  sp=0x00007f1197158510,  free space=1005k
Native frames: (J=compiled Java code, j=interpreted, Vv=VM code, C=native code)
V  [libjvm.so+0xac5c2a]  VMError::report_and_die()+0x2ba
V  [libjvm.so+0x4fc50b]  report_vm_out_of_memory(char const*, int, unsigned long, VMErrorType, char const*)+0x8b
V  [libjvm.so+0x922ae3]  os::Linux::commit_memory_impl(char*, unsigned long, bool)+0x103
V  [libjvm.so+0x923039]  os::pd_commit_memory(char*, unsigned long, unsigned long, bool)+0x29
V  [libjvm.so+0x91d33a]  os::commit_memory(char*, unsigned long, unsigned long, bool)+0x2a
V  [libjvm.so+0xac1989]  VirtualSpace::expand_by(unsigned long, bool)+0x199
V  [libjvm.so+0x8a1786]  VirtualSpaceList::expand_node_by(VirtualSpaceNode*, unsigned long, unsigned long)+0x76
V  [libjvm.so+0x8a45a0]  VirtualSpaceList::expand_by(unsigned long, unsigned long)+0xf0
V  [libjvm.so+0x8a4733]  VirtualSpaceList::get_new_chunk(unsigned long, unsigned long, unsigned long)+0xb3
V  [libjvm.so+0x8a6282]  SpaceManager::grow_and_allocate(unsigned long)+0x2d2
V  [libjvm.so+0x8a648b]  SpaceManager::allocate_work(unsigned long)+0x14b
V  [libjvm.so+0x8a651c]  SpaceManager::allocate(unsigned long)+0x7c
V  [libjvm.so+0x8a676e]  Metaspace::allocate(ClassLoaderData*, unsigned long, bool, MetaspaceObj::Type, Thread*)+0x17e
V  [libjvm.so+0x8af51c]  Method::allocate(ClassLoaderData*, int, AccessFlags, InlineTableSizes*, ConstMethod::MethodType, Thread*)+0x8c
V  [libjvm.so+0x45f31f]  ClassFileParser::parse_method(bool, AccessFlags*, Thread*)+0x16ff
V  [libjvm.so+0x45fab3]  ClassFileParser::parse_methods(bool, AccessFlags*, bool*, bool*, Thread*)+0x293
V  [libjvm.so+0x46093a]  ClassFileParser::parseClassFile(Symbol*, ClassLoaderData*, Handle, KlassHandle, GrowableArray<Handle>*, TempNewSymbol&, bool, Thread*)+0xcca
V  [libjvm.so+0xa3606f]  SystemDictionary::resolve_from_stream(Symbol*, Handle, Handle, ClassFileStream*, bool, Thread*)+0x17f
V  [libjvm.so+0x71014e]  jvm_define_class_common(JNIEnv_*, char const*, _jobject*, signed char const*, int, _jobject*, char const*, unsigned char, Thread*)+0x2ae
V  [libjvm.so+0x715521]  JVM_DefineClassWithSource+0xe1
C  [libjava.so+0xebb5]  Java_java_lang_ClassLoader_defineClass1+0x155
J 480  java.lang.ClassLoader.defineClass1(Ljava/lang/String;[BIILjava/security/ProtectionDomain;Ljava/lang/String;)Ljava/lang/Class; (0 bytes) @ 0x00007f118123f10b [0x00007f118123f000+0x10b]
J 566 C1 java.lang.ClassLoader.defineClass(Ljava/lang/String;[BIILjava/security/ProtectionDomain;)Ljava/lang/Class; (43 bytes) @ 0x00007f118128f046 [0x00007f118128ea80+0x5c6]
J 472 C1 java.net.URLClassLoader.defineClass(Ljava/lang/String;Lsun/misc/Resource;)Ljava/lang/Class; (142 bytes) @ 0x00007f11812467a8 [0x00007f1181244cc0+0x1ae8]
J 289 C1 java.net.URLClassLoader$1.run()Ljava/lang/Class; (63 bytes) @ 0x00007f11811c95d2 [0x00007f11811c9320+0x2b2]
J 288 C1 java.net.URLClassLoader$1.run()Ljava/lang/Object; (5 bytes) @ 0x00007f11811c9cc9 [0x00007f11811c9c40+0x89]
v  ~StubRoutines::call_stub
V  [libjvm.so+0x690206]  JavaCalls::call_helper(JavaValue*, methodHandle*, JavaCallArguments*, Thread*)+0x1056
V  [libjvm.so+0x728e4c]  JVM_DoPrivileged+0x27c
J 287  java.security.AccessController.doPrivileged(Ljava/security/PrivilegedExceptionAction;Ljava/security/AccessControlContext;)Ljava/lang/Object; (0 bytes) @ 0x00007f11811c4815 [0x00007f11811c4740+0xd5]
J 286 C1 java.net.URLClassLoader.findClass(Ljava/lang/String;)Ljava/lang/Class; (47 bytes) @ 0x00007f11811ca183 [0x00007f11811ca000+0x183]
J 124 C1 java.lang.ClassLoader.loadClass(Ljava/lang/String;Z)Ljava/lang/Class; (122 bytes) @ 0x00007f118114452b [0x00007f1181143be0+0x94b]
J 313 C1 sun.misc.Launcher$AppClassLoader.loadClass(Ljava/lang/String;Z)Ljava/lang/Class; (85 bytes) @ 0x00007f11811e1eb7 [0x00007f11811e1540+0x977]
J 312 C1 java.lang.ClassLoader.loadClass(Ljava/lang/String;)Ljava/lang/Class; (7 bytes) @ 0x00007f11811dcc82 [0x00007f11811dcb80+0x102]
v  ~StubRoutines::call_stub
V  [libjvm.so+0x690206]  JavaCalls::call_helper(JavaValue*, methodHandle*, JavaCallArguments*, Thread*)+0x1056
V  [libjvm.so+0x690711]  JavaCalls::call_virtual(JavaValue*, KlassHandle, Symbol*, Symbol*, JavaCallArguments*, Thread*)+0x321
V  [libjvm.so+0x690b66]  JavaCalls::call_virtual(JavaValue*, Handle, KlassHandle, Symbol*, Symbol*, Handle, Thread*)+0x56
V  [libjvm.so+0xa3b510]  SystemDictionary::load_instance_class(Symbol*, Handle, Thread*)+0x3f0
V  [libjvm.so+0xa3a45c]  SystemDictionary::resolve_instance_class_or_null(Symbol*, Handle, Handle, Thread*)+0x7cc
V  [libjvm.so+0xa3b933]  SystemDictionary::resolve_or_fail(Symbol*, Handle, Handle, bool, Thread*)+0x33
V  [libjvm.so+0x4f3448]  ConstantPool::klass_at_impl(constantPoolHandle, int, Thread*)+0x158
V  [libjvm.so+0x684761]  InterpreterRuntime::_new(JavaThread*, ConstantPool*, int)+0x71
j  org.apache.maven.surefire.report.PojoStackTraceWriter.smartTrimmedStackTrace()Ljava/lang/String;+12
j  org.apache.maven.surefire.booter.ForkingRunListener.encode(Ljava/lang/StringBuilder;Lorg/apache/maven/surefire/report/StackTraceWriter;Z)V+37
j  org.apache.maven.surefire.booter.ForkingRunListener.encode(Ljava/lang/StringBuilder;Lorg/apache/maven/surefire/report/StackTraceWriter;)V+6
j  org.apache.maven.surefire.booter.ForkingRunListener.toString(BLorg/apache/maven/surefire/report/ReportEntry;I)Ljava/lang/String;+123
j  org.apache.maven.surefire.booter.ForkingRunListener.testFailed(Lorg/apache/maven/surefire/report/ReportEntry;)V+9
j  org.apache.maven.surefire.testng.TestNGReporter.onTestFailure(Lorg/testng/ITestResult;)V+56
j  org.apache.maven.surefire.testng.TestNGReporter.onConfigurationFailure(Lorg/testng/ITestResult;)V+2
j  org.testng.internal.Invoker.runConfigurationListeners(Lorg/testng/ITestResult;Z)V+146
j  org.testng.internal.Invoker.handleConfigurationFailure(Ljava/lang/Throwable;Lorg/testng/ITestNGMethod;Lorg/testng/ITestResult;Lorg/testng/annotations/IConfigurationAnnotation;Lorg/testng/ITestNGMethod;Ljava/lang/Object;Lorg/testng/xml/XmlSuite;)V+104
j  org.testng.internal.Invoker.invokeConfigurations(Lorg/testng/IClass;Lorg/testng/ITestNGMethod;[Lorg/testng/ITestNGMethod;Lorg/testng/xml/XmlSuite;Ljava/util/Map;[Ljava/lang/Object;Ljava/lang/Object;Lorg/testng/ITestResult;)V+437
j  org.testng.internal.Invoker.invokeConfigurations(Lorg/testng/IClass;[Lorg/testng/ITestNGMethod;Lorg/testng/xml/XmlSuite;Ljava/util/Map;[Ljava/lang/Object;Ljava/lang/Object;)V+12
j  org.testng.internal.TestMethodWorker.invokeBeforeClassMethods(Lorg/testng/ITestClass;Lorg/testng/IMethodInstance;)V+176
j  org.testng.internal.TestMethodWorker.run()V+43
j  org.testng.TestRunner.privateRun(Lorg/testng/xml/XmlTest;)V+311
j  org.testng.TestRunner.run()V+26
j  org.testng.SuiteRunner.runTest(Lorg/testng/TestRunner;)V+1
j  org.testng.SuiteRunner.runSequentially()V+31
j  org.testng.SuiteRunner.privateRun()V+288
j  org.testng.SuiteRunner.run()V+6
j  org.testng.SuiteRunnerWorker.runSuite(Lorg/testng/internal/SuiteRunnerMap;Lorg/testng/xml/XmlSuite;)V+89
j  org.testng.SuiteRunnerWorker.run()V+12
j  org.testng.TestNG.runSuitesSequentially(Lorg/testng/xml/XmlSuite;Lorg/testng/internal/SuiteRunnerMap;ILjava/lang/String;)V+66
j  org.testng.TestNG.runSuitesLocally()Ljava/util/List;+143
j  org.testng.TestNG.runSuites()Ljava/util/List;+1
j  org.testng.TestNG.run()V+47
j  org.apache.maven.surefire.testng.TestNGExecutor.run(Ljava/util/List;Ljava/lang/String;Ljava/util/Map;Lorg/apache/maven/surefire/report/RunListener;Ljava/io/File;I)V+59
j  org.apache.maven.surefire.testng.TestNGXmlTestSuite.execute(Lorg/apache/maven/surefire/report/RunListener;)V+43
j  org.apache.maven.surefire.testng.TestNGProvider.invoke(Ljava/lang/Object;)Lorg/apache/maven/surefire/suite/RunResult;+82
j  org.apache.maven.surefire.booter.ForkedBooter.invokeProviderInSameClassLoader(Ljava/lang/Object;Ljava/lang/Object;Lorg/apache/maven/surefire/booter/ProviderConfiguration;ZLorg/apache/maven/surefire/booter/StartupConfiguration;Z)Lorg/apache/maven/surefire/suite/RunResult;+19
j  org.apache.maven.surefire.booter.ForkedBooter.runSuitesInProcess(Ljava/lang/Object;Lorg/apache/maven/surefire/booter/StartupConfiguration;Lorg/apache/maven/surefire/booter/ProviderConfiguration;Ljava/io/PrintStream;)Lorg/apache/maven/surefire/suite/RunResult;+14
j  org.apache.maven.surefire.booter.ForkedBooter.main([Ljava/lang/String;)V+194
v  ~StubRoutines::call_stub
V  [libjvm.so+0x690206]  JavaCalls::call_helper(JavaValue*, methodHandle*, JavaCallArguments*, Thread*)+0x1056
V  [libjvm.so+0x6d1612]  jni_invoke_static(JNIEnv_*, JavaValue*, _jobject*, JNICallType, _jmethodID*, JNI_ArgumentPusher*, Thread*)+0x362
V  [libjvm.so+0x6ede7a]  jni_CallStaticVoidMethod+0x17a
C  [libjli.so+0x7bdf]  JavaMain+0x81f
C  [libpthread.so.0+0x8184]  start_thread+0xc4

Java frames: (J=compiled Java code, j=interpreted, Vv=VM code)
J 480  java.lang.ClassLoader.defineClass1(Ljava/lang/String;[BIILjava/security/ProtectionDomain;Ljava/lang/String;)Ljava/lang/Class; (0 bytes) @ 0x00007f118123f091 [0x00007f118123f000+0x91]
J 566 C1 java.lang.ClassLoader.defineClass(Ljava/lang/String;[BIILjava/security/ProtectionDomain;)Ljava/lang/Class; (43 bytes) @ 0x00007f118128f046 [0x00007f118128ea80+0x5c6]
J 472 C1 java.net.URLClassLoader.defineClass(Ljava/lang/String;Lsun/misc/Resource;)Ljava/lang/Class; (142 bytes) @ 0x00007f11812467a8 [0x00007f1181244cc0+0x1ae8]
J 289 C1 java.net.URLClassLoader$1.run()Ljava/lang/Class; (63 bytes) @ 0x00007f11811c95d2 [0x00007f11811c9320+0x2b2]
J 288 C1 java.net.URLClassLoader$1.run()Ljava/lang/Object; (5 bytes) @ 0x00007f11811c9cc9 [0x00007f11811c9c40+0x89]
v  ~StubRoutines::call_stub
J 287  java.security.AccessController.doPrivileged(Ljava/security/PrivilegedExceptionAction;Ljava/security/AccessControlContext;)Ljava/lang/Object; (0 bytes) @ 0x00007f11811c47a3 [0x00007f11811c4740+0x63]
J 286 C1 java.net.URLClassLoader.findClass(Ljava/lang/String;)Ljava/lang/Class; (47 bytes) @ 0x00007f11811ca183 [0x00007f11811ca000+0x183]
J 124 C1 java.lang.ClassLoader.loadClass(Ljava/lang/String;Z)Ljava/lang/Class; (122 bytes) @ 0x00007f118114452b [0x00007f1181143be0+0x94b]
J 313 C1 sun.misc.Launcher$AppClassLoader.loadClass(Ljava/lang/String;Z)Ljava/lang/Class; (85 bytes) @ 0x00007f11811e1eb7 [0x00007f11811e1540+0x977]
J 312 C1 java.lang.ClassLoader.loadClass(Ljava/lang/String;)Ljava/lang/Class; (7 bytes) @ 0x00007f11811dcc82 [0x00007f11811dcb80+0x102]
v  ~StubRoutines::call_stub
j  org.apache.maven.surefire.report.PojoStackTraceWriter.smartTrimmedStackTrace()Ljava/lang/String;+12
j  org.apache.maven.surefire.booter.ForkingRunListener.encode(Ljava/lang/StringBuilder;Lorg/apache/maven/surefire/report/StackTraceWriter;Z)V+37
j  org.apache.maven.surefire.booter.ForkingRunListener.encode(Ljava/lang/StringBuilder;Lorg/apache/maven/surefire/report/StackTraceWriter;)V+6
j  org.apache.maven.surefire.booter.ForkingRunListener.toString(BLorg/apache/maven/surefire/report/ReportEntry;I)Ljava/lang/String;+123
j  org.apache.maven.surefire.booter.ForkingRunListener.testFailed(Lorg/apache/maven/surefire/report/ReportEntry;)V+9
j  org.apache.maven.surefire.testng.TestNGReporter.onTestFailure(Lorg/testng/ITestResult;)V+56
j  org.apache.maven.surefire.testng.TestNGReporter.onConfigurationFailure(Lorg/testng/ITestResult;)V+2
j  org.testng.internal.Invoker.runConfigurationListeners(Lorg/testng/ITestResult;Z)V+146
j  org.testng.internal.Invoker.handleConfigurationFailure(Ljava/lang/Throwable;Lorg/testng/ITestNGMethod;Lorg/testng/ITestResult;Lorg/testng/annotations/IConfigurationAnnotation;Lorg/testng/ITestNGMethod;Ljava/lang/Object;Lorg/testng/xml/XmlSuite;)V+104
j  org.testng.internal.Invoker.invokeConfigurations(Lorg/testng/IClass;Lorg/testng/ITestNGMethod;[Lorg/testng/ITestNGMethod;Lorg/testng/xml/XmlSuite;Ljava/util/Map;[Ljava/lang/Object;Ljava/lang/Object;Lorg/testng/ITestResult;)V+437
j  org.testng.internal.Invoker.invokeConfigurations(Lorg/testng/IClass;[Lorg/testng/ITestNGMethod;Lorg/testng/xml/XmlSuite;Ljava/util/Map;[Ljava/lang/Object;Ljava/lang/Object;)V+12
j  org.testng.internal.TestMethodWorker.invokeBeforeClassMethods(Lorg/testng/ITestClass;Lorg/testng/IMethodInstance;)V+176
j  org.testng.internal.TestMethodWorker.run()V+43
j  org.testng.TestRunner.privateRun(Lorg/testng/xml/XmlTest;)V+311
j  org.testng.TestRunner.run()V+26
j  org.testng.SuiteRunner.runTest(Lorg/testng/TestRunner;)V+1
j  org.testng.SuiteRunner.runSequentially()V+31
j  org.testng.SuiteRunner.privateRun()V+288
j  org.testng.SuiteRunner.run()V+6
j  org.testng.SuiteRunnerWorker.runSuite(Lorg/testng/internal/SuiteRunnerMap;Lorg/testng/xml/XmlSuite;)V+89
j  org.testng.SuiteRunnerWorker.run()V+12
j  org.testng.TestNG.runSuitesSequentially(Lorg/testng/xml/XmlSuite;Lorg/testng/internal/SuiteRunnerMap;ILjava/lang/String;)V+66
j  org.testng.TestNG.runSuitesLocally()Ljava/util/List;+143
j  org.testng.TestNG.runSuites()Ljava/util/List;+1
j  org.testng.TestNG.run()V+47
j  org.apache.maven.surefire.testng.TestNGExecutor.run(Ljava/util/List;Ljava/lang/String;Ljava/util/Map;Lorg/apache/maven/surefire/report/RunListener;Ljava/io/File;I)V+59
j  org.apache.maven.surefire.testng.TestNGXmlTestSuite.execute(Lorg/apache/maven/surefire/report/RunListener;)V+43
j  org.apache.maven.surefire.testng.TestNGProvider.invoke(Ljava/lang/Object;)Lorg/apache/maven/surefire/suite/RunResult;+82
j  org.apache.maven.surefire.booter.ForkedBooter.invokeProviderInSameClassLoader(Ljava/lang/Object;Ljava/lang/Object;Lorg/apache/maven/surefire/booter/ProviderConfiguration;ZLorg/apache/maven/surefire/booter/StartupConfiguration;Z)Lorg/apache/maven/surefire/suite/RunResult;+19
j  org.apache.maven.surefire.booter.ForkedBooter.runSuitesInProcess(Ljava/lang/Object;Lorg/apache/maven/surefire/booter/StartupConfiguration;Lorg/apache/maven/surefire/booter/ProviderConfiguration;Ljava/io/PrintStream;)Lorg/apache/maven/surefire/suite/RunResult;+14
j  org.apache.maven.surefire.booter.ForkedBooter.main([Ljava/lang/String;)V+194
v  ~StubRoutines::call_stub

---------------  P R O C E S S  ---------------

Java Threads: ( => current thread )
  0x00007f11640c2800 JavaThread "Exec Stream Pumper" daemon [_thread_in_native, id=11021, stack(0x00007f1179e91000,0x00007f1179f92000)]
  0x00007f11640c0800 JavaThread "Exec Stream Pumper" daemon [_thread_in_native, id=11020, stack(0x00007f1179f92000,0x00007f117a093000)]
  0x00007f11640bf000 JavaThread "process reaper" daemon [_thread_in_native, id=11019, stack(0x00007f117a093000,0x00007f117a0cc000)]
  0x00007f119098a800 JavaThread "UrlChecker-2" daemon [_thread_blocked, id=11017, stack(0x00007f117a2cc000,0x00007f117a3cd000)]
  0x00007f119098e000 JavaThread "Exec Default Executor" daemon [_thread_blocked, id=11016, stack(0x00007f117a3cd000,0x00007f117a4ce000)]
  0x00007f119011d800 JavaThread "surefire-forkedjvm-command-thread" daemon [_thread_in_native, id=11011, stack(0x00007f117b56e000,0x00007f117b66f000)]
  0x00007f1190111800 JavaThread "last-ditch-daemon-shutdown-thread-30sec" daemon [_thread_blocked, id=11010, stack(0x00007f117b66f000,0x00007f117b770000)]
  0x00007f11900db000 JavaThread "Service Thread" daemon [_thread_blocked, id=11008, stack(0x00007f117b871000,0x00007f117b972000)]
  0x00007f11900d8000 JavaThread "C1 CompilerThread1" daemon [_thread_blocked, id=11007, stack(0x00007f117b972000,0x00007f117ba73000)]
  0x00007f11900d6000 JavaThread "C2 CompilerThread0" daemon [_thread_blocked, id=11006, stack(0x00007f117ba73000,0x00007f117bb74000)]
  0x00007f11900d4800 JavaThread "Signal Dispatcher" daemon [_thread_blocked, id=11005, stack(0x00007f117bb74000,0x00007f117bc75000)]
  0x00007f11900a1800 JavaThread "Finalizer" daemon [_thread_blocked, id=11004, stack(0x00007f117bdfe000,0x00007f117beff000)]
  0x00007f119009d000 JavaThread "Reference Handler" daemon [_thread_blocked, id=11003, stack(0x00007f117beff000,0x00007f117c000000)]
=>0x00007f119000a000 JavaThread "main" [_thread_in_vm, id=11001, stack(0x00007f119705d000,0x00007f119715e000)]

Other Threads:
  0x00007f1190095800 VMThread [stack: 0x00007f11800f1000,0x00007f11801f2000] [id=11002]
  0x00007f11900de000 WatcherThread [stack: 0x00007f117b770000,0x00007f117b871000] [id=11009]

VM state:not at safepoint (normal execution)

VM Mutex/Monitor currently owned by a thread: None

Heap:
 def new generation   total 9792K, used 9082K [0x00000000e0a00000, 0x00000000e14a0000, 0x00000000eb150000)
  eden space 8704K,  99% used [0x00000000e0a00000, 0x00000000e126e370, 0x00000000e1280000)
  from space 1088K,  41% used [0x00000000e1390000, 0x00000000e1400580, 0x00000000e14a0000)
  to   space 1088K,   0% used [0x00000000e1280000, 0x00000000e1280000, 0x00000000e1390000)
 tenured generation   total 21888K, used 4974K [0x00000000eb150000, 0x00000000ec6b0000, 0x0000000100000000)
   the space 21888K,  22% used [0x00000000eb150000, 0x00000000eb62b800, 0x00000000eb62b800, 0x00000000ec6b0000)
 Metaspace       used 14642K, capacity 14828K, committed 14976K, reserved 1062912K
  class space    used 1817K, capacity 1873K, committed 1920K, reserved 1048576K

Card table byte_map: [0x00007f11940c4000,0x00007f11941c0000] byte_map_base: 0x00007f11939bf000

Polling page: 0x00007f119716a000

CodeCache: size=245760Kb used=4006Kb max_used=4018Kb free=241753Kb
 bounds [0x00007f1181000000, 0x00007f11813f0000, 0x00007f1190000000]
 total_blobs=1450 nmethods=1085 adapters=279
 compilation: enabled

Compilation events (10 events):
Event: 27.985 Thread 0x00007f11900d8000 1086       1       java.util.Formatter::access$000 (5 bytes)
Event: 27.985 Thread 0x00007f11900d8000 nmethod 1086 0x00007f11813e9f10 code [0x00007f11813ea060, 0x00007f11813ea150]
Event: 27.985 Thread 0x00007f11900d8000 1087       3       java.util.ArrayList$SubList$1::hasNext (20 bytes)
Event: 27.985 Thread 0x00007f11900d8000 nmethod 1087 0x00007f11813ea1d0 code [0x00007f11813ea340, 0x00007f11813ea4f0]
Event: 27.997 Thread 0x00007f11900d6000 1088       4       java.lang.Character::toLowerCase (6 bytes)
Event: 27.997 Thread 0x00007f11900d8000 1089       1       java.net.InetAddress$InetAddressHolder::getHostName (5 bytes)
Event: 27.998 Thread 0x00007f11900d8000 nmethod 1089 0x00007f11813ea590 code [0x00007f11813ea6e0, 0x00007f11813ea7f0]
Event: 28.002 Thread 0x00007f11900d6000 nmethod 1088 0x00007f11813ed550 code [0x00007f11813ed6a0, 0x00007f11813ed778]
Event: 28.002 Thread 0x00007f11900d6000 1090       4       java.util.regex.Pattern$BmpCharProperty::match (50 bytes)
Event: 28.004 Thread 0x00007f11900d6000 nmethod 1090 0x00007f11813eba50 code [0x00007f11813ebbc0, 0x00007f11813ebdd8]

GC Heap History (10 events):
Event: 5.099 GC heap before
{Heap before GC invocations=4 (full 0):
 def new generation   total 9792K, used 9541K [0x00000000e0a00000, 0x00000000e14a0000, 0x00000000eb150000)
  eden space 8704K, 100% used [0x00000000e0a00000, 0x00000000e1280000, 0x00000000e1280000)
  from space 1088K,  76% used [0x00000000e1280000, 0x00000000e13516c0, 0x00000000e1390000)
  to   space 1088K,   0% used [0x00000000e1390000, 0x00000000e1390000, 0x00000000e14a0000)
 tenured generation   total 21888K, used 1986K [0x00000000eb150000, 0x00000000ec6b0000, 0x0000000100000000)
   the space 21888K,   9% used [0x00000000eb150000, 0x00000000eb340b20, 0x00000000eb340c00, 0x00000000ec6b0000)
 Metaspace       used 9576K, capacity 9652K, committed 9984K, reserved 1058816K
  class space    used 1152K, capacity 1200K, committed 1280K, reserved 1048576K
Event: 5.100 GC heap after
Heap after GC invocations=5 (full 0):
 def new generation   total 9792K, used 849K [0x00000000e0a00000, 0x00000000e14a0000, 0x00000000eb150000)
  eden space 8704K,   0% used [0x00000000e0a00000, 0x00000000e0a00000, 0x00000000e1280000)
  from space 1088K,  78% used [0x00000000e1390000, 0x00000000e1464610, 0x00000000e14a0000)
  to   space 1088K,   0% used [0x00000000e1280000, 0x00000000e1280000, 0x00000000e1390000)
 tenured generation   total 21888K, used 2337K [0x00000000eb150000, 0x00000000ec6b0000, 0x0000000100000000)
   the space 21888K,  10% used [0x00000000eb150000, 0x00000000eb3986d0, 0x00000000eb398800, 0x00000000ec6b0000)
 Metaspace       used 9576K, capacity 9652K, committed 9984K, reserved 1058816K
  class space    used 1152K, capacity 1200K, committed 1280K, reserved 1048576K
}
Event: 5.542 GC heap before
{Heap before GC invocations=5 (full 0):
 def new generation   total 9792K, used 9553K [0x00000000e0a00000, 0x00000000e14a0000, 0x00000000eb150000)
  eden space 8704K, 100% used [0x00000000e0a00000, 0x00000000e1280000, 0x00000000e1280000)
  from space 1088K,  78% used [0x00000000e1390000, 0x00000000e1464610, 0x00000000e14a0000)
  to   space 1088K,   0% used [0x00000000e1280000, 0x00000000e1280000, 0x00000000e1390000)
 tenured generation   total 21888K, used 2337K [0x00000000eb150000, 0x00000000ec6b0000, 0x0000000100000000)
   the space 21888K,  10% used [0x00000000eb150000, 0x00000000eb3986d0, 0x00000000eb398800, 0x00000000ec6b0000)
 Metaspace       used 10299K, capacity 10420K, committed 10496K, reserved 1058816K
  class space    used 1239K, capacity 1264K, committed 1280K, reserved 1048576K
Event: 5.558 GC heap after
Heap after GC invocations=6 (full 0):
 def new generation   total 9792K, used 628K [0x00000000e0a00000, 0x00000000e14a0000, 0x00000000eb150000)
  eden space 8704K,   0% used [0x00000000e0a00000, 0x00000000e0a00000, 0x00000000e1280000)
  from space 1088K,  57% used [0x00000000e1280000, 0x00000000e131d220, 0x00000000e1390000)
  to   space 1088K,   0% used [0x00000000e1390000, 0x00000000e1390000, 0x00000000e14a0000)
 tenured generation   total 21888K, used 2528K [0x00000000eb150000, 0x00000000ec6b0000, 0x0000000100000000)
   the space 21888K,  11% used [0x00000000eb150000, 0x00000000eb3c80f8, 0x00000000eb3c8200, 0x00000000ec6b0000)
 Metaspace       used 10299K, capacity 10420K, committed 10496K, reserved 1058816K
  class space    used 1239K, capacity 1264K, committed 1280K, reserved 1048576K
}
Event: 6.382 GC heap before
{Heap before GC invocations=6 (full 0):
 def new generation   total 9792K, used 9332K [0x00000000e0a00000, 0x00000000e14a0000, 0x00000000eb150000)
  eden space 8704K, 100% used [0x00000000e0a00000, 0x00000000e1280000, 0x00000000e1280000)
  from space 1088K,  57% used [0x00000000e1280000, 0x00000000e131d220, 0x00000000e1390000)
  to   space 1088K,   0% used [0x00000000e1390000, 0x00000000e1390000, 0x00000000e14a0000)
 tenured generation   total 21888K, used 2528K [0x00000000eb150000, 0x00000000ec6b0000, 0x0000000100000000)
   the space 21888K,  11% used [0x00000000eb150000, 0x00000000eb3c80f8, 0x00000000eb3c8200, 0x00000000ec6b0000)
 Metaspace       used 12277K, capacity 12422K, committed 12544K, reserved 1060864K
  class space    used 1491K, capacity 1526K, committed 1536K, reserved 1048576K
Event: 6.385 GC heap after
Heap after GC invocations=7 (full 0):
 def new generation   total 9792K, used 1087K [0x00000000e0a00000, 0x00000000e14a0000, 0x00000000eb150000)
  eden space 8704K,   0% used [0x00000000e0a00000, 0x00000000e0a00000, 0x00000000e1280000)
  from space 1088K,  99% used [0x00000000e1390000, 0x00000000e149ffe0, 0x00000000e14a0000)
  to   space 1088K,   0% used [0x00000000e1280000, 0x00000000e1280000, 0x00000000e1390000)
 tenured generation   total 21888K, used 2718K [0x00000000eb150000, 0x00000000ec6b0000, 0x0000000100000000)
   the space 21888K,  12% used [0x00000000eb150000, 0x00000000eb3f79e8, 0x00000000eb3f7a00, 0x00000000ec6b0000)
 Metaspace       used 12277K, capacity 12422K, committed 12544K, reserved 1060864K
  class space    used 1491K, capacity 1526K, committed 1536K, reserved 1048576K
}
Event: 6.785 GC heap before
{Heap before GC invocations=7 (full 0):
 def new generation   total 9792K, used 9791K [0x00000000e0a00000, 0x00000000e14a0000, 0x00000000eb150000)
  eden space 8704K, 100% used [0x00000000e0a00000, 0x00000000e1280000, 0x00000000e1280000)
  from space 1088K,  99% used [0x00000000e1390000, 0x00000000e149ffe0, 0x00000000e14a0000)
  to   space 1088K,   0% used [0x00000000e1280000, 0x00000000e1280000, 0x00000000e1390000)
 tenured generation   total 21888K, used 2718K [0x00000000eb150000, 0x00000000ec6b0000, 0x0000000100000000)
   the space 21888K,  12% used [0x00000000eb150000, 0x00000000eb3f79e8, 0x00000000eb3f7a00, 0x00000000ec6b0000)
 Metaspace       used 12757K, capacity 12906K, committed 13184K, reserved 1060864K
  class space    used 1552K, capacity 1596K, committed 1664K, reserved 1048576K
Event: 6.791 GC heap after
Heap after GC invocations=8 (full 0):
 def new generation   total 9792K, used 1087K [0x00000000e0a00000, 0x00000000e14a0000, 0x00000000eb150000)
  eden space 8704K,   0% used [0x00000000e0a00000, 0x00000000e0a00000, 0x00000000e1280000)
  from space 1088K,  99% used [0x00000000e1280000, 0x00000000e138fff8, 0x00000000e1390000)
  to   space 1088K,   0% used [0x00000000e1390000, 0x00000000e1390000, 0x00000000e14a0000)
 tenured generation   total 21888K, used 3891K [0x00000000eb150000, 0x00000000ec6b0000, 0x0000000100000000)
   the space 21888K,  17% used [0x00000000eb150000, 0x00000000eb51cc90, 0x00000000eb51ce00, 0x00000000ec6b0000)
 Metaspace       used 12757K, capacity 12906K, committed 13184K, reserved 1060864K
  class space    used 1552K, capacity 1596K, committed 1664K, reserved 1048576K
}
Event: 7.238 GC heap before
{Heap before GC invocations=8 (full 0):
 def new generation   total 9792K, used 9791K [0x00000000e0a00000, 0x00000000e14a0000, 0x00000000eb150000)
  eden space 8704K, 100% used [0x00000000e0a00000, 0x00000000e1280000, 0x00000000e1280000)
  from space 1088K,  99% used [0x00000000e1280000, 0x00000000e138fff8, 0x00000000e1390000)
  to   space 1088K,   0% used [0x00000000e1390000, 0x00000000e1390000, 0x00000000e14a0000)
 tenured generation   total 21888K, used 3891K [0x00000000eb150000, 0x00000000ec6b0000, 0x0000000100000000)
   the space 21888K,  17% used [0x00000000eb150000, 0x00000000eb51cc90, 0x00000000eb51ce00, 0x00000000ec6b0000)
 Metaspace       used 13167K, capacity 13290K, committed 13440K, reserved 1060864K
  class space    used 1620K, capacity 1660K, committed 1664K, reserved 1048576K
Event: 7.406 GC heap after
Heap after GC invocations=9 (full 0):
 def new generation   total 9792K, used 449K [0x00000000e0a00000, 0x00000000e14a0000, 0x00000000eb150000)
  eden space 8704K,   0% used [0x00000000e0a00000, 0x00000000e0a00000, 0x00000000e1280000)
  from space 1088K,  41% used [0x00000000e1390000, 0x00000000e1400580, 0x00000000e14a0000)
  to   space 1088K,   0% used [0x00000000e1280000, 0x00000000e1280000, 0x00000000e1390000)
 tenured generation   total 21888K, used 4974K [0x00000000eb150000, 0x00000000ec6b0000, 0x0000000100000000)
   the space 21888K,  22% used [0x00000000eb150000, 0x00000000eb62b800, 0x00000000eb62b800, 0x00000000ec6b0000)
 Metaspace       used 13167K, capacity 13290K, committed 13440K, reserved 1060864K
  class space    used 1620K, capacity 1660K, committed 1664K, reserved 1048576K
}

Deoptimization events (10 events):
Event: 6.304 Thread 0x00007f119000a000 Uncommon trap: reason=class_check action=maybe_recompile pc=0x00007f11812fb2bc method=java.util.HashMap.putVal(ILjava/lang/Object;Ljava/lang/Object;ZZ)Ljava/lang/Object; @ 203
Event: 6.304 Thread 0x00007f119000a000 Uncommon trap: reason=class_check action=maybe_recompile pc=0x00007f11812fb2bc method=java.util.HashMap.putVal(ILjava/lang/Object;Ljava/lang/Object;ZZ)Ljava/lang/Object; @ 203
Event: 6.304 Thread 0x00007f119000a000 Uncommon trap: reason=class_check action=maybe_recompile pc=0x00007f11812fb2bc method=java.util.HashMap.putVal(ILjava/lang/Object;Ljava/lang/Object;ZZ)Ljava/lang/Object; @ 203
Event: 6.310 Thread 0x00007f119000a000 Uncommon trap: reason=class_check action=maybe_recompile pc=0x00007f11812fb2bc method=java.util.HashMap.putVal(ILjava/lang/Object;Ljava/lang/Object;ZZ)Ljava/lang/Object; @ 203
Event: 7.866 Thread 0x00007f119098e000 Uncommon trap: reason=unstable_if action=reinterpret pc=0x00007f118137c3ec method=java.lang.ThreadLocal.get()Ljava/lang/Object; @ 11
Event: 8.010 Thread 0x00007f119098e000 Uncommon trap: reason=class_check action=maybe_recompile pc=0x00007f118138bf40 method=java.util.concurrent.ConcurrentHashMap.putVal(Ljava/lang/Object;Ljava/lang/Object;Z)Ljava/lang/Object; @ 192
Event: 8.061 Thread 0x00007f119098e000 Uncommon trap: reason=predicate action=maybe_recompile pc=0x00007f11812c6934 method=java.lang.String.regionMatches(ZILjava/lang/String;II)Z @ 63
Event: 8.069 Thread 0x00007f119098a800 Uncommon trap: reason=unstable_if action=reinterpret pc=0x00007f118138d068 method=java.util.Arrays.equals([B[B)Z @ 2
Event: 8.152 Thread 0x00007f119098a800 Uncommon trap: reason=unstable_if action=reinterpret pc=0x00007f118131d828 method=java.lang.CharacterDataLatin1.digit(II)I @ 82
Event: 8.195 Thread 0x00007f119098a800 Uncommon trap: reason=unstable_if action=reinterpret pc=0x00007f1181311d5c method=java.lang.CharacterDataLatin1.digit(II)I @ 82

Internal exceptions (10 events):
Event: 25.262 Thread 0x00007f119098a800 Exception <a 'java/net/ConnectException'> (0x00000000e11fc788) thrown at [/HUDSON3/workspace/8-2-build-linux-amd64/jdk8u111/7883/hotspot/src/share/vm/prims/jni.cpp, line 709]
Event: 25.619 Thread 0x00007f119098a800 Exception <a 'java/net/ConnectException'> (0x00000000e11fdbd0) thrown at [/HUDSON3/workspace/8-2-build-linux-amd64/jdk8u111/7883/hotspot/src/share/vm/prims/jni.cpp, line 709]
Event: 25.964 Thread 0x00007f119098a800 Exception <a 'java/net/ConnectException'> (0x00000000e11ff018) thrown at [/HUDSON3/workspace/8-2-build-linux-amd64/jdk8u111/7883/hotspot/src/share/vm/prims/jni.cpp, line 709]
Event: 26.286 Thread 0x00007f119098a800 Exception <a 'java/net/ConnectException'> (0x00000000e1200460) thrown at [/HUDSON3/workspace/8-2-build-linux-amd64/jdk8u111/7883/hotspot/src/share/vm/prims/jni.cpp, line 709]
Event: 26.640 Thread 0x00007f119098a800 Exception <a 'java/net/ConnectException'> (0x00000000e12018a8) thrown at [/HUDSON3/workspace/8-2-build-linux-amd64/jdk8u111/7883/hotspot/src/share/vm/prims/jni.cpp, line 709]
Event: 26.994 Thread 0x00007f119098a800 Exception <a 'java/net/ConnectException'> (0x00000000e1202d40) thrown at [/HUDSON3/workspace/8-2-build-linux-amd64/jdk8u111/7883/hotspot/src/share/vm/prims/jni.cpp, line 709]
Event: 27.356 Thread 0x00007f119098a800 Exception <a 'java/net/ConnectException'> (0x00000000e1204188) thrown at [/HUDSON3/workspace/8-2-build-linux-amd64/jdk8u111/7883/hotspot/src/share/vm/prims/jni.cpp, line 709]
Event: 27.686 Thread 0x00007f119098a800 Exception <a 'java/net/ConnectException'> (0x00000000e12055d0) thrown at [/HUDSON3/workspace/8-2-build-linux-amd64/jdk8u111/7883/hotspot/src/share/vm/prims/jni.cpp, line 709]
Event: 27.946 Thread 0x00007f119098a800 Exception <a 'java/lang/InterruptedException': sleep interrupted> (0x00000000e1205828) thrown at [/HUDSON3/workspace/8-2-build-linux-amd64/jdk8u111/7883/hotspot/src/share/vm/prims/jvm.cpp, line 3224]
Event: 27.959 Thread 0x00007f119000a000 Exception <a 'java/lang/reflect/InvocationTargetException'> (0x00000000e0f96698) thrown at [/HUDSON3/workspace/8-2-build-linux-amd64/jdk8u111/7883/hotspot/src/share/vm/runtime/reflection.cpp, line 1092]

Events (10 events):
Event: 27.968 loading class org/testng/SkipException
Event: 27.968 loading class org/testng/SkipException done
Event: 27.972 loading class org/openqa/selenium/internal/BuildInfo
Event: 27.972 loading class org/openqa/selenium/internal/BuildInfo done
Event: 27.985 loading class org/apache/maven/surefire/report/PojoStackTraceWriter
Event: 27.985 loading class org/apache/maven/surefire/report/PojoStackTraceWriter done
Event: 27.996 loading class org/apache/maven/surefire/report/SafeThrowable
Event: 27.996 loading class org/apache/maven/surefire/report/SafeThrowable done
Event: 27.999 loading class org/apache/maven/surefire/report/SmartStackTraceParser
Event: 27.999 loading class org/apache/maven/surefire/report/SmartStackTraceParser done


Dynamic libraries:
00400000-00401000 r-xp 00000000 08:01 405883                             /usr/lib/jvm/java-8-oracle/jre/bin/java
00600000-00601000 rw-p 00000000 08:01 405883                             /usr/lib/jvm/java-8-oracle/jre/bin/java
00aed000-00b0e000 rw-p 00000000 00:00 0                                  [heap]
e0a00000-e14a0000 rw-p 00000000 00:00 0 
e14a0000-eb150000 ---p 00000000 00:00 0 
eb150000-ec6b0000 rw-p 00000000 00:00 0 
ec6b0000-100000000 ---p 00000000 00:00 0 
100000000-1001e0000 rw-p 00000000 00:00 0 
1001e0000-140000000 ---p 00000000 00:00 0 
7f115c000000-7f115c021000 rw-p 00000000 00:00 0 
7f115c021000-7f1160000000 ---p 00000000 00:00 0 
7f1164000000-7f116465b000 rw-p 00000000 00:00 0 
7f116465b000-7f1168000000 ---p 00000000 00:00 0 
7f1168000000-7f1168383000 rw-p 00000000 00:00 0 
7f1168383000-7f116c000000 ---p 00000000 00:00 0 
7f116c000000-7f116c021000 rw-p 00000000 00:00 0 
7f116c021000-7f1170000000 ---p 00000000 00:00 0 
7f1170000000-7f11702a3000 rw-p 00000000 00:00 0 
7f11702a3000-7f1174000000 ---p 00000000 00:00 0 
7f1174000000-7f1174021000 rw-p 00000000 00:00 0 
7f1174021000-7f1178000000 ---p 00000000 00:00 0 
7f1179e91000-7f1179e94000 ---p 00000000 00:00 0 
7f1179e94000-7f1179f92000 rw-p 00000000 00:00 0                          [stack:11021]
7f1179f92000-7f1179f95000 ---p 00000000 00:00 0 
7f1179f95000-7f117a093000 rw-p 00000000 00:00 0                          [stack:11020]
7f117a093000-7f117a096000 ---p 00000000 00:00 0 
7f117a096000-7f117a18c000 rw-p 00000000 00:00 0                          [stack:11019]
7f117a1cc000-7f117a2cc000 ---p 00000000 00:00 0 
7f117a2cc000-7f117a2cf000 ---p 00000000 00:00 0 
7f117a2cf000-7f117a3cd000 rw-p 00000000 00:00 0                          [stack:11017]
7f117a3cd000-7f117a3d0000 ---p 00000000 00:00 0 
7f117a3d0000-7f117a4ce000 rw-p 00000000 00:00 0                          [stack:11016]
7f117a4ce000-7f117a4e4000 r-xp 00000000 08:01 2095                       /lib/x86_64-linux-gnu/libgcc_s.so.1
7f117a4e4000-7f117a6e3000 ---p 00016000 08:01 2095                       /lib/x86_64-linux-gnu/libgcc_s.so.1
7f117a6e3000-7f117a6e4000 rw-p 00015000 08:01 2095                       /lib/x86_64-linux-gnu/libgcc_s.so.1
7f117a6ed000-7f117a71f000 r-xp 00000000 08:01 525965                     /usr/lib/jvm/java-8-oracle/jre/lib/amd64/libsunec.so
7f117a71f000-7f117a91e000 ---p 00032000 08:01 525965                     /usr/lib/jvm/java-8-oracle/jre/lib/amd64/libsunec.so
7f117a91e000-7f117a924000 rw-p 00031000 08:01 525965                     /usr/lib/jvm/java-8-oracle/jre/lib/amd64/libsunec.so
7f117a924000-7f117ab34000 rw-p 00000000 00:00 0 
7f117ab34000-7f117ab37000 r-xp 00000000 08:01 59185                      /lib/x86_64-linux-gnu/libnss_myhostname.so.2
7f117ab37000-7f117ad36000 ---p 00003000 08:01 59185                      /lib/x86_64-linux-gnu/libnss_myhostname.so.2
7f117ad36000-7f117ad37000 r--p 00002000 08:01 59185                      /lib/x86_64-linux-gnu/libnss_myhostname.so.2
7f117ad37000-7f117ad38000 rw-p 00003000 08:01 59185                      /lib/x86_64-linux-gnu/libnss_myhostname.so.2
7f117ad3b000-7f117ad3c000 rw-p 00000000 00:00 0 
7f117ad3c000-7f117ad3e000 r--s 00009000 08:01 526028                     /usr/lib/jvm/java-8-oracle/jre/lib/ext/sunec.jar
7f117ad3e000-7f117ad41000 r--s 0001a000 08:01 405932                     /usr/lib/jvm/java-8-oracle/jre/lib/jce.jar
7f117ad41000-7f117af41000 rw-p 00000000 00:00 0 
7f117af41000-7f117af4b000 r--s 00116000 08:01 526031                     /usr/lib/jvm/java-8-oracle/jre/lib/ext/localedata.jar
7f117af4b000-7f117af67000 r--s 00393000 08:01 526027                     /usr/lib/jvm/java-8-oracle/jre/lib/ext/cldrdata.jar
7f117af67000-7f117af7d000 r-xp 00000000 08:01 525977                     /usr/lib/jvm/java-8-oracle/jre/lib/amd64/libnet.so
7f117af7d000-7f117b17d000 ---p 00016000 08:01 525977                     /usr/lib/jvm/java-8-oracle/jre/lib/amd64/libnet.so
7f117b17d000-7f117b17e000 rw-p 00016000 08:01 525977                     /usr/lib/jvm/java-8-oracle/jre/lib/amd64/libnet.so
7f117b17e000-7f117b182000 r--s 00097000 08:01 405900                     /usr/lib/jvm/java-8-oracle/jre/lib/jsse.jar
7f117b182000-7f117b184000 r--s 00009000 00:1a 16161                      /home/vagrant/.m2/repository/org/apache/maven/surefire/common-java5/2.19.1/common-java5-2.19.1.jar
7f117b184000-7f117b186000 r--s 00009000 00:1a 16158                      /home/vagrant/.m2/repository/org/apache/maven/surefire/surefire-testng/2.19.1/surefire-testng-2.19.1.jar
7f117b186000-7f117b188000 r--s 00008000 00:1a 16159                      /home/vagrant/.m2/repository/org/apache/maven/surefire/surefire-grouper/2.19.1/surefire-grouper-2.19.1.jar
7f117b188000-7f117b18a000 r--s 00005000 00:1a 16160                      /home/vagrant/.m2/repository/org/apache/maven/surefire/surefire-testng-utils/2.19.1/surefire-testng-utils-2.19.1.jar
7f117b18a000-7f117b18c000 r--s 00009000 00:1a 13546                      /home/vagrant/.m2/repository/org/eclipse/jetty/websocket/websocket-api/9.2.15.v20160210/websocket-api-9.2.15.v20160210.jar
7f117b18c000-7f117b191000 r--s 00028000 00:1a 13545                      /home/vagrant/.m2/repository/org/eclipse/jetty/websocket/websocket-common/9.2.15.v20160210/websocket-common-9.2.15.v20160210.jar
7f117b191000-7f117b194000 r--s 00018000 00:1a 13544                      /home/vagrant/.m2/repository/org/eclipse/jetty/jetty-io/9.2.15.v20160210/jetty-io-9.2.15.v20160210.jar
7f117b194000-7f117b19a000 r--s 00054000 00:1a 13543                      /home/vagrant/.m2/repository/org/eclipse/jetty/jetty-util/9.2.15.v20160210/jetty-util-9.2.15.v20160210.jar
7f117b19a000-7f117b19b000 r--s 00008000 00:1a 13542                      /home/vagrant/.m2/repository/org/eclipse/jetty/websocket/websocket-client/9.2.15.v20160210/websocket-client-9.2.15.v20160210.jar
7f117b19b000-7f117b19c000 r--s 00002000 00:1a 13541                      /home/vagrant/.m2/repository/com/codeborne/phantomjsdriver/1.3.0/phantomjsdriver-1.3.0.jar
7f117b19c000-7f117b1a0000 r--s 0002f000 00:1a 13540                      /home/vagrant/.m2/repository/commons-io/commons-io/2.5/commons-io-2.5.jar
7f117b1a0000-7f117b1a1000 r--s 00003000 00:1a 13539                      /home/vagrant/.m2/repository/org/w3c/css/sac/1.3/sac-1.3.jar
7f117b1a1000-7f117b1a5000 r--s 00059000 00:1a 13538                      /home/vagrant/.m2/repository/net/sourceforge/cssparser/cssparser/0.9.20/cssparser-0.9.20.jar
7f117b1a5000-7f117b1ae000 r--s 0002d000 00:1a 13537                      /home/vagrant/.m2/repository/xml-apis/xml-apis/1.4.01/xml-apis-1.4.01.jar
7f117b1ae000-7f117b1c7000 r--s 00135000 00:1a 13536                      /home/vagrant/.m2/repository/xerces/xercesImpl/2.11.0/xercesImpl-2.11.0.jar
7f117b1c7000-7f117b1ca000 r--s 0001c000 00:1a 13535                      /home/vagrant/.m2/repository/net/sourceforge/htmlunit/neko-htmlunit/2.23/neko-htmlunit-2.23.jar
7f117b1ca000-7f117b1d9000 r--s 0011b000 00:1a 13534                      /home/vagrant/.m2/repository/net/sourceforge/htmlunit/htmlunit-core-js/2.23/htmlunit-core-js-2.23.jar
7f117b1d9000-7f117b1e0000 r--s 0003f000 00:1a 13533                      /home/vagrant/.m2/repository/commons-codec/commons-codec/1.10/commons-codec-1.10.jar
7f117b1e0000-7f117b1e2000 r--s 00009000 00:1a 13532                      /home/vagrant/.m2/repository/org/apache/httpcomponents/httpmime/4.5.2/httpmime-4.5.2.jar
7f117b1e2000-7f117b1e9000 r--s 00049000 00:1a 13531                      /home/vagrant/.m2/repository/org/apache/httpcomponents/httpcore/4.4.4/httpcore-4.4.4.jar
7f117b1e9000-7f117b1f6000 r--s 000a7000 00:1a 13530                      /home/vagrant/.m2/repository/org/apache/httpcomponents/httpclient/4.5.2/httpclient-4.5.2.jar
7f117b1f6000-7f117b1fd000 r--s 00064000 00:1a 13529                      /home/vagrant/.m2/repository/org/apache/commons/commons-lang3/3.4/commons-lang3-3.4.jar
7f117b1fd000-7f117b201000 r--s 00040000 00:1a 13528                      /home/vagrant/.m2/repository/xalan/serializer/2.7.2/serializer-2.7.2.jar
7f117b201000-7f117b226000 r--s 002de000 00:1a 13527                      /home/vagrant/.m2/repository/xalan/xalan/2.7.2/xalan-2.7.2.jar
7f117b226000-7f117b24c000 r--s 001a7000 00:1a 13526                      /home/vagrant/.m2/repository/net/sourceforge/htmlunit/htmlunit/2.23/htmlunit-2.23.jar
7f117b24c000-7f117b24e000 r--s 00009000 00:1a 595                        /home/vagrant/.m2/repository/org/hamcrest/hamcrest-core/1.3/hamcrest-core-1.3.jar
7f117b24e000-7f117b256000 r--s 00045000 00:1a 594                        /home/vagrant/.m2/repository/junit/junit/4.12/junit-4.12.jar
7f117b256000-7f117b25b000 r--s 00025000 00:1a 13525                      /home/vagrant/.m2/repository/org/seleniumhq/selenium/selenium-support/3.0.1/selenium-support-3.0.1.jar
7f117b25b000-7f117b271000 r--s 000f9000 00:1a 13524                      /home/vagrant/.m2/repository/io/netty/netty/3.5.7.Final/netty-3.5.7.Final.jar
7f117b271000-7f117b273000 r--s 00008000 00:1a 13523                      /home/vagrant/.m2/repository/org/seleniumhq/selenium/selenium-safari-driver/3.0.1/selenium-safari-driver-3.0.1.jar
7f117b273000-7f117b274000 r--s 00001000 00:1a 13522                      /home/vagrant/.m2/repository/org/seleniumhq/selenium/selenium-opera-driver/3.0.1/selenium-opera-driver-3.0.1.jar
7f117b274000-7f117b275000 r--s 00002000 00:1a 13521                      /home/vagrant/.m2/repository/org/seleniumhq/selenium/selenium-ie-driver/3.0.1/selenium-ie-driver-3.0.1.jar
7f117b275000-7f117b276000 r--s 000ba000 00:1a 13520                      /home/vagrant/.m2/repository/org/seleniumhq/selenium/selenium-firefox-driver/3.0.1/selenium-firefox-driver-3.0.1.jar
7f117b276000-7f117b277000 r--s 00001000 00:1a 13519                      /home/vagrant/.m2/repository/org/seleniumhq/selenium/selenium-edge-driver/3.0.1/selenium-edge-driver-3.0.1.jar
7f117b277000-7f117b27b000 r--s 000dc000 00:1a 13518                      /home/vagrant/.m2/repository/net/java/dev/jna/jna/4.1.0/jna-4.1.0.jar
7f117b27b000-7f117b28c000 r--s 00155000 00:1a 13517                      /home/vagrant/.m2/repository/net/java/dev/jna/jna-platform/4.1.0/jna-platform-4.1.0.jar
7f117b28c000-7f117b2b8000 r--s 00208000 00:1a 13516                      /home/vagrant/.m2/repository/com/google/guava/guava/19.0/guava-19.0.jar
7f117b2b8000-7f117b2bd000 r--s 0002f000 00:1a 13515                      /home/vagrant/.m2/repository/com/google/code/gson/gson/2.3.1/gson-2.3.1.jar
7f117b2bd000-7f117b2bf000 r--s 0000c000 00:1a 13514                      /home/vagrant/.m2/repository/org/apache/commons/commons-exec/1.3/commons-exec-1.3.jar
7f117b2bf000-7f117b2c6000 r--s 0004f000 00:1a 13513                      /home/vagrant/.m2/repository/cglib/cglib-nodep/3.2.4/cglib-nodep-3.2.4.jar
7f117b2c6000-7f117b2ca000 r--s 00014000 00:1a 13512                      /home/vagrant/.m2/repository/org/seleniumhq/selenium/selenium-api/3.0.1/selenium-api-3.0.1.jar
7f117b2ca000-7f117b2d0000 r--s 00046000 00:1a 13511                      /home/vagrant/.m2/repository/org/seleniumhq/selenium/selenium-remote-driver/3.0.1/selenium-remote-driver-3.0.1.jar
7f117b2d0000-7f117b2d1000 r--s 00002000 00:1a 13510                      /home/vagrant/.m2/repository/org/seleniumhq/selenium/selenium-chrome-driver/3.0.1/selenium-chrome-driver-3.0.1.jar
7f117b2d1000-7f117b2d2000 r--s 00000000 00:1a 13509                      /home/vagrant/.m2/repository/org/seleniumhq/selenium/selenium-java/3.0.1/selenium-java-3.0.1.jar
7f117b2d2000-7f117b2d4000 r--s 0000e000 00:1a 16029                      /home/vagrant/.m2/repository/com/beust/jcommander/1.48/jcommander-1.48.jar
7f117b2d4000-7f117b2e1000 r--s 000ad000 00:1a 16028                      /home/vagrant/.m2/repository/org/testng/testng/6.10/testng-6.10.jar
7f117b2e1000-7f117b2ef000 r--s 00084000 00:1a 16027                      /home/vagrant/.m2/repository/org/springframework/spring-test/4.3.4.RELEASE/spring-test-4.3.4.RELEASE.jar
7f117b2ef000-7f117b35f000 r--s 00641000 00:1a 3002                       /home/vagrant/.m2/repository/org/codehaus/groovy/groovy-all/2.4.7/groovy-all-2.4.7.jar
7f117b35f000-7f117b3c2000 r--s 00a62000 00:1a 2398                       /home/vagrant/.m2/repository/com/ibm/icu/icu4j/57.1/icu4j-57.1.jar
7f117b3c2000-7f117b3ca000 r--s 0007d000 00:1a 2397                       /home/vagrant/.m2/repository/com/google/zxing/core/3.2.1/core-3.2.1.jar
7f117b3ca000-7f117b3d2000 r--s 00065000 00:1a 2396                       /home/vagrant/.m2/repository/org/olap4j/olap4j/0.9.7.309-JS-3/olap4j-0.9.7.309-JS-3.jar
7f117b3d2000-7f117b3d3000 r--s 00006000 00:1a 2395                       /home/vagrant/.m2/repository/jakarta-regexp/jakarta-regexp/1.4/jakarta-regexp-1.4.jar
7f117b3d3000-7f117b3d5000 r--s 0000a000 00:1a 2394                       /home/vagrant/.m2/repository/org/apache/lucene/lucene-sandbox/4.5.1/lucene-sandbox-4.5.1.jar
7f117b3d5000-7f117b3db000 r--s 0002d000 00:1a 2393                       /home/vagrant/.m2/repository/org/apache/lucene/lucene-queries/4.5.1/lucene-queries-4.5.1.jar
7f117b3db000-7f117b3e4000 r--s 00055000 00:1a 2392                       /home/vagrant/.m2/repository/org/apache/lucene/lucene-queryparser/4.5.1/lucene-queryparser-4.5.1.jar
7f117b3e4000-7f117b3f4000 r--s 00174000 00:1a 2391                       /home/vagrant/.m2/repository/org/apache/lucene/lucene-analyzers-common/4.5.1/lucene-analyzers-common-4.5.1.jar
7f117b3f4000-7f117b41a000 r--s 0020b000 00:1a 2390                       /home/vagrant/.m2/repository/org/apache/lucene/lucene-core/4.5.1/lucene-core-4.5.1.jar
7f117b41a000-7f117b429000 r--s 001b0000 00:1a 2388                       /home/vagrant/.m2/repository/org/eclipse/jdt/core/compiler/ecj/4.3.1/ecj-4.3.1.jar
7f117b429000-7f117b43a000 r--s 0016e000 00:1a 2387                       /home/vagrant/.m2/repository/org/jfree/jfreechart/1.0.19/jfreechart-1.0.19.jar
7f117b43a000-7f117b440000 r--s 0004b000 00:1a 2386                       /home/vagrant/.m2/repository/org/jfree/jcommon/1.0.23/jcommon-1.0.23.jar
7f117b440000-7f117b441000 r--s 00005000 00:1a 2385                       /home/vagrant/.m2/repository/org/bouncycastle/bctsp-jdk14/1.38/bctsp-jdk14-1.38.jar
7f117b441000-7f117b462000 r--s 0015a000 00:1a 2384                       /home/vagrant/.m2/repository/bouncycastle/bcprov-jdk14/138/bcprov-jdk14-138.jar
7f117b462000-7f117b466000 r--s 0002b000 00:1a 2383                       /home/vagrant/.m2/repository/bouncycastle/bcmail-jdk14/138/bcmail-jdk14-138.jar
7f117b466000-7f117b473000 r--s 00108000 00:1a 2382                       /home/vagrant/.m2/repository/com/lowagie/itext/2.1.7.js5/itext-2.1.7.js5.jar
7f117b473000-7f117b479000 r--s 0002b000 00:1a 2380                       /home/vagrant/.m2/repository/commons-digester/commons-digester/2.1/commons-digester-2.1.jar
7f117b479000-7f117b486000 r--s 00083000 00:1a 2379                       /home/vagrant/.m2/repository/commons-collections/commons-collections/3.2.2/commons-collections-3.2.2.jar
7f117b486000-7f117b48b000 r--s 00034000 00:1a 2378                       /home/vagrant/.m2/repository/commons-beanutils/commons-beanutils/1.9.0/commons-beanutils-1.9.0.jar
7f117b48b000-7f117b4ee000 r--s 004ee000 00:1a 2377                       /home/vagrant/.m2/repository/net/sf/jasperreports/jasperreports/6.4.0/jasperreports-6.4.0.jar
7f117b4ee000-7f117b4f4000 r--s 00081000 00:1a 3001                       /home/vagrant/.m2/repository/postgresql/postgresql/9.1-901-1.jdbc4/postgresql-9.1-901-1.jdbc4.jar
7f117b4f4000-7f117b4f5000 r--s 00003000 00:1a 2376                       /home/vagrant/.m2/repository/javax/transaction/jta/1.1/jta-1.1.jar
7f117b4f5000-7f117b4f7000 r--s 00004000 00:1a 2373                       /home/vagrant/.m2/repository/com/fasterxml/jackson/datatype/jackson-datatype-hibernate5/2.7.4/jackson-datatype-hibernate5-2.7.4.jar
7f117b4f7000-7f117b4fa000 r--s 0003b000 00:1a 2375                       /home/vagrant/.m2/repository/com/fasterxml/jackson/core/jackson-core/2.7.4/jackson-core-2.7.4.jar
7f117b4fa000-7f117b4fd000 r--s 0000a000 00:1a 3000                       /home/vagrant/.m2/repository/com/fasterxml/jackson/core/jackson-annotations/2.7.0/jackson-annotations-2.7.0.jar
7f117b4fd000-7f117b50e000 r--s 00115000 00:1a 2374                       /home/vagrant/.m2/repository/com/fasterxml/jackson/core/jackson-databind/2.7.4/jackson-databind-2.7.4.jar
7f117b50e000-7f117b511000 r--s 0000f000 00:1a 2999                       /home/vagrant/.m2/repository/org/apache/tiles/tiles-request-api/1.0.6/tiles-request-api-1.0.6.jar
7f117b511000-7f117b513000 r--s 00003000 00:1a 2998                       /home/vagrant/.m2/repository/org/apache/tiles/tiles-request-jsp/1.0.6/tiles-request-jsp-1.0.6.jar
7f117b513000-7f117b514000 r--s 00002000 00:1a 2997                       /home/vagrant/.m2/repository/org/apache/tiles/tiles-autotag-core-runtime/1.2/tiles-autotag-core-runtime-1.2.jar
7f117b514000-7f117b516000 r--s 00006000 00:1a 2996                       /home/vagrant/.m2/repository/org/apache/tiles/tiles-api/3.0.7/tiles-api-3.0.7.jar
7f117b516000-7f117b517000 r--s 00007000 00:1a 2995                       /home/vagrant/.m2/repository/org/apache/tiles/tiles-template/3.0.7/tiles-template-3.0.7.jar
7f117b517000-7f117b518000 r--s 00004000 00:1a 2994                       /home/vagrant/.m2/repository/org/apache/tiles/tiles-request-servlet/1.0.6/tiles-request-servlet-1.0.6.jar
7f117b518000-7f117b51a000 r--s 00003000 00:1a 2993                       /home/vagrant/.m2/repository/org/slf4j/jcl-over-slf4j/1.7.6/jcl-over-slf4j-1.7.6.jar
7f117b51a000-7f117b51d000 r--s 00011000 00:1a 2992                       /home/vagrant/.m2/repository/org/apache/tiles/tiles-core/3.0.7/tiles-core-3.0.7.jar
7f117b51d000-7f117b51f000 r--s 00005000 00:1a 2991                       /home/vagrant/.m2/repository/org/apache/tiles/tiles-servlet/3.0.7/tiles-servlet-3.0.7.jar
7f117b51f000-7f117b521000 r--s 00007000 00:1a 2990                       /home/vagrant/.m2/repository/org/apache/tiles/tiles-jsp/3.0.7/tiles-jsp-3.0.7.jar
7f117b521000-7f117b52b000 r--s 0005c000 00:1a 2989                       /home/vagrant/.m2/repository/javax/servlet/jstl/1.2/jstl-1.2.jar
7f117b52b000-7f117b52d000 r--s 0000b000 00:1a 2369                       /home/vagrant/.m2/repository/javax/servlet/jsp/javax.servlet.jsp-api/2.3.1/javax.servlet.jsp-api-2.3.1.jar
7f117b52d000-7f117b530000 r--s 00015000 00:1a 2368                       /home/vagrant/.m2/repository/javax/servlet/javax.servlet-api/3.1.0/javax.servlet-api-3.1.0.jar
7f117b530000-7f117b531000 r--s 00009000 00:1a 2372                       /home/vagrant/.m2/repository/org/slf4j/slf4j-api/1.7.20/slf4j-api-1.7.20.jar
7f117b531000-7f117b53b000 r--s 00069000 00:1a 2371                       /home/vagrant/.m2/repository/ch/qos/logback/logback-core/1.1.7/logback-core-1.1.7.jar
7f117b53b000-7f117b542000 r--s 00044000 00:1a 2370                       /home/vagrant/.m2/repository/ch/qos/logback/logback-classic/1.1.7/logback-classic-1.1.7.jar
7f117b542000-7f117b552000 r--s 000a1000 00:1a 2687                       /home/vagrant/.m2/repository/org/hibernate/hibernate-validator/5.3.3.Final/hibernate-validator-5.3.3.Final.jar
7f117b552000-7f117b556000 r--s 0000c000 00:1a 2367                       /home/vagrant/.m2/repository/javax/validation/validation-api/1.1.0.Final/validation-api-1.1.0.Final.jar
7f117b556000-7f117b557000 r--s 00000000 00:1a 2366                       /home/vagrant/.m2/repository/javax/inject/javax.inject/1/javax.inject-1.jar
7f117b557000-7f117b558000 r--s 00001000 00:1a 2365                       /home/vagrant/.m2/repository/javax/annotation/jsr250-api/1.0/jsr250-api-1.0.jar
7f117b558000-7f117b559000 r--s 00001000 00:1a 2364                       /home/vagrant/.m2/repository/org/jboss/spec/javax/interceptor/jboss-interceptors-api_1.1_spec/1.0.0.Beta1/jboss-interceptors-api_1.1_spec-1.0.0.Beta1.jar
7f117b559000-7f117b55b000 r--s 00007000 00:1a 2363                       /home/vagrant/.m2/repository/javax/el/el-api/2.2/el-api-2.2.jar
7f117b55b000-7f117b55f000 r--s 0000e000 00:1a 2362                       /home/vagrant/.m2/repository/javax/enterprise/cdi-api/1.1/cdi-api-1.1.jar
7f117b55f000-7f117b562000 r--s 00010000 00:1a 2361                       /home/vagrant/.m2/repository/org/hibernate/common/hibernate-commons-annotations/5.0.1.Final/hibernate-commons-annotations-5.0.1.Final.jar
7f117b562000-7f117b567000 r--s 00048000 00:1a 2360                       /home/vagrant/.m2/repository/dom4j/dom4j/1.6.1/dom4j-1.6.1.jar
7f117b567000-7f117b569000 r--s 0000e000 00:1a 2359                       /home/vagrant/.m2/repository/com/fasterxml/classmate/1.3.0/classmate-1.3.0.jar
7f117b569000-7f117b56e000 r--s 00068000 00:1a 2356                       /home/vagrant/.m2/repository/antlr/antlr/2.7.7/antlr-2.7.7.jar
7f117b56e000-7f117b571000 ---p 00000000 00:00 0 
7f117b571000-7f117b66f000 rw-p 00000000 00:00 0                          [stack:11011]
7f117b66f000-7f117b672000 ---p 00000000 00:00 0 
7f117b672000-7f117b770000 rw-p 00000000 00:00 0                          [stack:11010]
7f117b770000-7f117b771000 ---p 00000000 00:00 0 
7f117b771000-7f117b871000 rw-p 00000000 00:00 0                          [stack:11009]
7f117b871000-7f117b874000 ---p 00000000 00:00 0 
7f117b874000-7f117b972000 rw-p 00000000 00:00 0                          [stack:11008]
7f117b972000-7f117b975000 ---p 00000000 00:00 0 
7f117b975000-7f117ba73000 rw-p 00000000 00:00 0                          [stack:11007]
7f117ba73000-7f117ba76000 ---p 00000000 00:00 0 
7f117ba76000-7f117bb74000 rw-p 00000000 00:00 0                          [stack:11006]
7f117bb74000-7f117bb77000 ---p 00000000 00:00 0 
7f117bb77000-7f117bc75000 rw-p 00000000 00:00 0                          [stack:11005]
7f117bc75000-7f117bdfe000 r--p 00000000 08:01 5037                       /usr/lib/locale/locale-archive
7f117bdfe000-7f117be01000 ---p 00000000 00:00 0 
7f117be01000-7f117beff000 rw-p 00000000 00:00 0                          [stack:11004]
7f117beff000-7f117bf02000 ---p 00000000 00:00 0 
7f117bf02000-7f117c000000 rw-p 00000000 00:00 0                          [stack:11003]
7f117c000000-7f117c02a000 rw-p 00000000 00:00 0 
7f117c02a000-7f1180000000 ---p 00000000 00:00 0 
7f1180000000-7f1180003000 r--s 0002b000 00:1a 2358                       /home/vagrant/.m2/repository/org/jboss/jandex/2.0.3.Final/jandex-2.0.3.Final.jar
7f1180003000-7f1180004000 r--s 00003000 00:1a 2357                       /home/vagrant/.m2/repository/org/apache/geronimo/specs/geronimo-jta_1.1_spec/1.1.1/geronimo-jta_1.1_spec-1.1.1.jar
7f1180004000-7f118000e000 r--s 000ae000 00:1a 2355                       /home/vagrant/.m2/repository/org/javassist/javassist/3.20.0-GA/javassist-3.20.0-GA.jar
7f118000e000-7f1180013000 r--s 00017000 00:1a 2354                       /home/vagrant/.m2/repository/org/hibernate/javax/persistence/hibernate-jpa-2.1-api/1.0.0.Final/hibernate-jpa-2.1-api-1.0.0.Final.jar
7f1180013000-7f1180015000 r--s 0000f000 00:1a 2353                       /home/vagrant/.m2/repository/org/jboss/logging/jboss-logging/3.3.0.Final/jboss-logging-3.3.0.Final.jar
7f1180015000-7f1180090000 r--s 005c3000 00:1a 2352                       /home/vagrant/.m2/repository/org/hibernate/hibernate-core/5.2.5.Final/hibernate-core-5.2.5.Final.jar
7f1180090000-7f118009a000 r--s 00086000 00:1a 2986                       /home/vagrant/.m2/repository/org/springframework/security/spring-security-config/4.2.0.RELEASE/spring-security-config-4.2.0.RELEASE.jar
7f118009a000-7f11800a6000 r--s 00055000 00:1a 2350                       /home/vagrant/.m2/repository/org/springframework/security/spring-security-core/4.2.0.RELEASE/spring-security-core-4.2.0.RELEASE.jar
7f11800a6000-7f11800b1000 r--s 00053000 00:1a 2985                       /home/vagrant/.m2/repository/org/springframework/security/spring-security-web/4.2.0.RELEASE/spring-security-web-4.2.0.RELEASE.jar
7f11800b1000-7f11800bb000 r--s 0005f000 00:1a 2983                       /home/vagrant/.m2/repository/org/springframework/spring-jdbc/4.3.4.RELEASE/spring-jdbc-4.3.4.RELEASE.jar
7f11800bb000-7f11800c5000 r--s 0006b000 00:1a 2982                       /home/vagrant/.m2/repository/org/springframework/spring-orm/4.3.4.RELEASE/spring-orm-4.3.4.RELEASE.jar
7f11800c5000-7f11800d7000 r--s 000ce000 00:1a 2348                       /home/vagrant/.m2/repository/org/springframework/spring-webmvc/4.3.4.RELEASE/spring-webmvc-4.3.4.RELEASE.jar
7f11800d7000-7f11800f1000 r--s 000fc000 00:1a 2347                       /home/vagrant/.m2/repository/org/springframework/spring-context/4.3.4.RELEASE/spring-context-4.3.4.RELEASE.jar
7f11800f1000-7f11800f2000 ---p 00000000 00:00 0 
7f11800f2000-7f11801f2000 rw-p 00000000 00:00 0                          [stack:11002]
7f11801f2000-7f11803ca000 r--s 03d2a000 08:01 405951                     /usr/lib/jvm/java-8-oracle/jre/lib/rt.jar
7f11803ca000-7f1180c40000 rw-p 00000000 00:00 0 
7f1180c40000-7f1180c50000 rw-p 00000000 00:00 0 
7f1180c50000-7f1181000000 ---p 00000000 00:00 0 
7f1181000000-7f11813f0000 rwxp 00000000 00:00 0 
7f11813f0000-7f1190000000 ---p 00000000 00:00 0 
7f1190000000-7f1190c2e000 rw-p 00000000 00:00 0 
7f1190c2e000-7f1194000000 ---p 00000000 00:00 0 
7f1194000000-7f1194003000 r--s 00012000 00:1a 2988                       /home/vagrant/.m2/repository/org/springframework/security/spring-security-acl/4.2.0.RELEASE/spring-security-acl-4.2.0.RELEASE.jar
7f1194003000-7f1194004000 r--s 00004000 00:1a 2987                       /home/vagrant/.m2/repository/org/springframework/security/spring-security-taglibs/4.2.0.RELEASE/spring-security-taglibs-4.2.0.RELEASE.jar
7f1194004000-7f119400c000 r--s 0003a000 00:1a 2342                       /home/vagrant/.m2/repository/org/springframework/spring-tx/4.3.4.RELEASE/spring-tx-4.3.4.RELEASE.jar
7f119400c000-7f119401a000 r--s 000ac000 00:1a 2343                       /home/vagrant/.m2/repository/org/springframework/spring-beans/4.3.4.RELEASE/spring-beans-4.3.4.RELEASE.jar
7f119401a000-7f11940ca000 rw-p 00000000 00:00 0 
7f11940ca000-7f1194117000 ---p 00000000 00:00 0 
7f1194117000-7f1194123000 rw-p 00000000 00:00 0 
7f1194123000-7f11941bf000 ---p 00000000 00:00 0 
7f11941bf000-7f11941c0000 rw-p 00000000 00:00 0 
7f11941c0000-7f11941da000 r-xp 00000000 08:01 525978                     /usr/lib/jvm/java-8-oracle/jre/lib/amd64/libzip.so
7f11941da000-7f11943da000 ---p 0001a000 08:01 525978                     /usr/lib/jvm/java-8-oracle/jre/lib/amd64/libzip.so
7f11943da000-7f11943db000 rw-p 0001a000 08:01 525978                     /usr/lib/jvm/java-8-oracle/jre/lib/amd64/libzip.so
7f11943db000-7f11943e5000 r-xp 00000000 08:01 2261                       /lib/x86_64-linux-gnu/libnss_files-2.19.so
7f11943e5000-7f11945e4000 ---p 0000a000 08:01 2261                       /lib/x86_64-linux-gnu/libnss_files-2.19.so
7f11945e4000-7f11945e5000 r--p 00009000 08:01 2261                       /lib/x86_64-linux-gnu/libnss_files-2.19.so
7f11945e5000-7f11945e6000 rw-p 0000a000 08:01 2261                       /lib/x86_64-linux-gnu/libnss_files-2.19.so
7f11945e6000-7f11945f1000 r-xp 00000000 08:01 2137                       /lib/x86_64-linux-gnu/libnss_nis-2.19.so
7f11945f1000-7f11947f0000 ---p 0000b000 08:01 2137                       /lib/x86_64-linux-gnu/libnss_nis-2.19.so
7f11947f0000-7f11947f1000 r--p 0000a000 08:01 2137                       /lib/x86_64-linux-gnu/libnss_nis-2.19.so
7f11947f1000-7f11947f2000 rw-p 0000b000 08:01 2137                       /lib/x86_64-linux-gnu/libnss_nis-2.19.so
7f11947f2000-7f1194809000 r-xp 00000000 08:01 2193                       /lib/x86_64-linux-gnu/libnsl-2.19.so
7f1194809000-7f1194a08000 ---p 00017000 08:01 2193                       /lib/x86_64-linux-gnu/libnsl-2.19.so
7f1194a08000-7f1194a09000 r--p 00016000 08:01 2193                       /lib/x86_64-linux-gnu/libnsl-2.19.so
7f1194a09000-7f1194a0a000 rw-p 00017000 08:01 2193                       /lib/x86_64-linux-gnu/libnsl-2.19.so
7f1194a0a000-7f1194a0c000 rw-p 00000000 00:00 0 
7f1194a0c000-7f1194a15000 r-xp 00000000 08:01 2142                       /lib/x86_64-linux-gnu/libnss_compat-2.19.so
7f1194a15000-7f1194c14000 ---p 00009000 08:01 2142                       /lib/x86_64-linux-gnu/libnss_compat-2.19.so
7f1194c14000-7f1194c15000 r--p 00008000 08:01 2142                       /lib/x86_64-linux-gnu/libnss_compat-2.19.so
7f1194c15000-7f1194c16000 rw-p 00009000 08:01 2142                       /lib/x86_64-linux-gnu/libnss_compat-2.19.so
7f1194c16000-7f1194c41000 r-xp 00000000 08:01 525982                     /usr/lib/jvm/java-8-oracle/jre/lib/amd64/libjava.so
7f1194c41000-7f1194e40000 ---p 0002b000 08:01 525982                     /usr/lib/jvm/java-8-oracle/jre/lib/amd64/libjava.so
7f1194e40000-7f1194e42000 rw-p 0002a000 08:01 525982                     /usr/lib/jvm/java-8-oracle/jre/lib/amd64/libjava.so
7f1194e42000-7f1194e4f000 r-xp 00000000 08:01 525952                     /usr/lib/jvm/java-8-oracle/jre/lib/amd64/libverify.so
7f1194e4f000-7f119504e000 ---p 0000d000 08:01 525952                     /usr/lib/jvm/java-8-oracle/jre/lib/amd64/libverify.so
7f119504e000-7f1195050000 rw-p 0000c000 08:01 525952                     /usr/lib/jvm/java-8-oracle/jre/lib/amd64/libverify.so
7f1195050000-7f1195057000 r-xp 00000000 08:01 2152                       /lib/x86_64-linux-gnu/librt-2.19.so
7f1195057000-7f1195256000 ---p 00007000 08:01 2152                       /lib/x86_64-linux-gnu/librt-2.19.so
7f1195256000-7f1195257000 r--p 00006000 08:01 2152                       /lib/x86_64-linux-gnu/librt-2.19.so
7f1195257000-7f1195258000 rw-p 00007000 08:01 2152                       /lib/x86_64-linux-gnu/librt-2.19.so
7f1195258000-7f119535d000 r-xp 00000000 08:01 2130                       /lib/x86_64-linux-gnu/libm-2.19.so
7f119535d000-7f119555c000 ---p 00105000 08:01 2130                       /lib/x86_64-linux-gnu/libm-2.19.so
7f119555c000-7f119555d000 r--p 00104000 08:01 2130                       /lib/x86_64-linux-gnu/libm-2.19.so
7f119555d000-7f119555e000 rw-p 00105000 08:01 2130                       /lib/x86_64-linux-gnu/libm-2.19.so
7f119555e000-7f119622b000 r-xp 00000000 08:01 525973                     /usr/lib/jvm/java-8-oracle/jre/lib/amd64/server/libjvm.so
7f119622b000-7f119642a000 ---p 00ccd000 08:01 525973                     /usr/lib/jvm/java-8-oracle/jre/lib/amd64/server/libjvm.so
7f119642a000-7f1196503000 rw-p 00ccc000 08:01 525973                     /usr/lib/jvm/java-8-oracle/jre/lib/amd64/server/libjvm.so
7f1196503000-7f119654e000 rw-p 00000000 00:00 0 
7f119654e000-7f1196708000 r-xp 00000000 08:01 2258                       /lib/x86_64-linux-gnu/libc-2.19.so
7f1196708000-7f1196908000 ---p 001ba000 08:01 2258                       /lib/x86_64-linux-gnu/libc-2.19.so
7f1196908000-7f119690c000 r--p 001ba000 08:01 2258                       /lib/x86_64-linux-gnu/libc-2.19.so
7f119690c000-7f119690e000 rw-p 001be000 08:01 2258                       /lib/x86_64-linux-gnu/libc-2.19.so
7f119690e000-7f1196913000 rw-p 00000000 00:00 0 
7f1196913000-7f1196916000 r-xp 00000000 08:01 2080                       /lib/x86_64-linux-gnu/libdl-2.19.so
7f1196916000-7f1196b15000 ---p 00003000 08:01 2080                       /lib/x86_64-linux-gnu/libdl-2.19.so
7f1196b15000-7f1196b16000 r--p 00002000 08:01 2080                       /lib/x86_64-linux-gnu/libdl-2.19.so
7f1196b16000-7f1196b17000 rw-p 00003000 08:01 2080                       /lib/x86_64-linux-gnu/libdl-2.19.so
7f1196b17000-7f1196b2c000 r-xp 00000000 08:01 526003                     /usr/lib/jvm/java-8-oracle/jre/lib/amd64/jli/libjli.so
7f1196b2c000-7f1196d2c000 ---p 00015000 08:01 526003                     /usr/lib/jvm/java-8-oracle/jre/lib/amd64/jli/libjli.so
7f1196d2c000-7f1196d2d000 rw-p 00015000 08:01 526003                     /usr/lib/jvm/java-8-oracle/jre/lib/amd64/jli/libjli.so
7f1196d2d000-7f1196d46000 r-xp 00000000 08:01 2072                       /lib/x86_64-linux-gnu/libpthread-2.19.so
7f1196d46000-7f1196f45000 ---p 00019000 08:01 2072                       /lib/x86_64-linux-gnu/libpthread-2.19.so
7f1196f45000-7f1196f46000 r--p 00018000 08:01 2072                       /lib/x86_64-linux-gnu/libpthread-2.19.so
7f1196f46000-7f1196f47000 rw-p 00019000 08:01 2072                       /lib/x86_64-linux-gnu/libpthread-2.19.so
7f1196f47000-7f1196f4b000 rw-p 00000000 00:00 0 
7f1196f4b000-7f1196f6e000 r-xp 00000000 08:01 2277                       /lib/x86_64-linux-gnu/ld-2.19.so
7f1196f6e000-7f1196f73000 r--s 00029000 00:1a 2984                       /home/vagrant/.m2/repository/org/springframework/spring-context-support/4.3.4.RELEASE/spring-context-support-4.3.4.RELEASE.jar
7f1196f73000-7f1196f78000 r--s 0003c000 00:1a 2349                       /home/vagrant/.m2/repository/org/springframework/spring-expression/4.3.4.RELEASE/spring-expression-4.3.4.RELEASE.jar
7f1196f78000-7f1196f81000 r--s 00054000 00:1a 2346                       /home/vagrant/.m2/repository/org/springframework/spring-aop/4.3.4.RELEASE/spring-aop-4.3.4.RELEASE.jar
7f1196f81000-7f1196f92000 r--s 000b6000 00:1a 2345                       /home/vagrant/.m2/repository/org/springframework/spring-web/4.3.4.RELEASE/spring-web-4.3.4.RELEASE.jar
7f1196f92000-7f1196fa8000 r--s 000fa000 00:1a 2344                       /home/vagrant/.m2/repository/org/springframework/spring-core/4.3.4.RELEASE/spring-core-4.3.4.RELEASE.jar
7f1196fa8000-7f1196fad000 r--s 0002b000 00:1a 1355                       /home/vagrant/.m2/repository/org/apache/maven/surefire/surefire-api/2.19.1/surefire-api-2.19.1.jar
7f1196fad000-7f1196fb8000 rw-p 00000000 00:00 0 
7f1196fb8000-7f1197055000 ---p 00000000 00:00 0 
7f1197055000-7f119705d000 rw-s 00000000 08:01 270096                     /tmp/hsperfdata_vagrant/11000
7f119705d000-7f1197060000 ---p 00000000 00:00 0 
7f1197060000-7f1197162000 rw-p 00000000 00:00 0                          [stack:11001]
7f1197162000-7f1197164000 r--s 00000000 00:1a 2351                       /home/vagrant/.m2/repository/aopalliance/aopalliance/1.0/aopalliance-1.0.jar
7f1197164000-7f1197166000 r--s 0000e000 00:1a 628                        /home/vagrant/.m2/repository/commons-logging/commons-logging/1.2/commons-logging-1.2.jar
7f1197166000-7f1197168000 r--s 0000a000 00:1a 1333                       /home/vagrant/.m2/repository/org/apache/maven/surefire/surefire-booter/2.19.1/surefire-booter-2.19.1.jar
7f1197168000-7f1197169000 r--s 00003000 00:23 17376                      /home/vagrant/github/casa_das_quentinhas/casa_das_quentinhas-web/target/surefire/surefirebooter171981618982470420.jar
7f1197169000-7f119716a000 rw-p 00000000 00:00 0 
7f119716a000-7f119716b000 r--p 00000000 00:00 0 
7f119716b000-7f119716d000 rw-p 00000000 00:00 0 
7f119716d000-7f119716e000 r--p 00022000 08:01 2277                       /lib/x86_64-linux-gnu/ld-2.19.so
7f119716e000-7f119716f000 rw-p 00023000 08:01 2277                       /lib/x86_64-linux-gnu/ld-2.19.so
7f119716f000-7f1197170000 rw-p 00000000 00:00 0 
7ffe78c89000-7ffe78caa000 rw-p 00000000 00:00 0                          [stack]
7ffe78dc3000-7ffe78dc5000 r-xp 00000000 00:00 0                          [vdso]
ffffffffff600000-ffffffffff601000 r-xp 00000000 00:00 0                  [vsyscall]

VM Arguments:
java_command: /home/vagrant/github/casa_das_quentinhas/casa_das_quentinhas-web/target/surefire/surefirebooter171981618982470420.jar /home/vagrant/github/casa_das_quentinhas/casa_das_quentinhas-web/target/surefire/surefire752251964767900974tmp /home/vagrant/github/casa_das_quentinhas/casa_das_quentinhas-web/target/surefire/surefire_05770974287198034454tmp
java_class_path (initial): /home/vagrant/github/casa_das_quentinhas/casa_das_quentinhas-web/target/surefire/surefirebooter171981618982470420.jar
Launcher Type: SUN_STANDARD

Environment Variables:
JAVA_HOME=/usr/lib/jvm/java-8-oracle
PATH=/usr/local/heroku/bin:/usr/local/sbin:/usr/local/bin:/usr/sbin:/usr/bin:/sbin:/bin:/usr/games:/usr/local/games:/usr/lib/jvm/java-8-oracle/bin:/usr/lib/jvm/java-8-oracle/db/bin:/usr/lib/jvm/java-8-oracle/jre/bin:/home/vagrant/apache-maven/bin:/home/vagrant/gradle/bin:/home/vagrant/spring-roo/bin
SHELL=/bin/bash

Signal Handlers:
SIGSEGV: [libjvm.so+0xac64b0], sa_mask[0]=11111111011111111101111111111110, sa_flags=SA_RESTART|SA_SIGINFO
SIGBUS: [libjvm.so+0xac64b0], sa_mask[0]=11111111011111111101111111111110, sa_flags=SA_RESTART|SA_SIGINFO
SIGFPE: [libjvm.so+0x91f950], sa_mask[0]=11111111011111111101111111111110, sa_flags=SA_RESTART|SA_SIGINFO
SIGPIPE: [libjvm.so+0x91f950], sa_mask[0]=11111111011111111101111111111110, sa_flags=SA_RESTART|SA_SIGINFO
SIGXFSZ: [libjvm.so+0x91f950], sa_mask[0]=11111111011111111101111111111110, sa_flags=SA_RESTART|SA_SIGINFO
SIGILL: [libjvm.so+0x91f950], sa_mask[0]=11111111011111111101111111111110, sa_flags=SA_RESTART|SA_SIGINFO
SIGUSR1: SIG_DFL, sa_mask[0]=00000000000000000000000000000000, sa_flags=none
SIGUSR2: [libjvm.so+0x920f80], sa_mask[0]=00100000000000000000000000000000, sa_flags=SA_RESTART|SA_SIGINFO
SIGHUP: [libjvm.so+0x922380], sa_mask[0]=11111111011111111101111111111110, sa_flags=SA_RESTART|SA_SIGINFO
SIGINT: [libjvm.so+0x922380], sa_mask[0]=11111111011111111101111111111110, sa_flags=SA_RESTART|SA_SIGINFO
SIGTERM: [libjvm.so+0x922380], sa_mask[0]=11111111011111111101111111111110, sa_flags=SA_RESTART|SA_SIGINFO
SIGQUIT: [libjvm.so+0x922380], sa_mask[0]=11111111011111111101111111111110, sa_flags=SA_RESTART|SA_SIGINFO


---------------  S Y S T E M  ---------------

OS:DISTRIB_ID=Ubuntu
DISTRIB_RELEASE=14.04
DISTRIB_CODENAME=trusty
DISTRIB_DESCRIPTION="Ubuntu 14.04.5 LTS"

uname:Linux 3.13.0-101-generic #148-Ubuntu SMP Thu Oct 20 22:08:32 UTC 2016 x86_64
libc:glibc 2.19 NPTL 2.19 
rlimit: STACK 8192k, CORE 0k, NPROC 15937, NOFILE 4096, AS infinity
load average:0.65 0.25 0.22

/proc/meminfo:
MemTotal:        2049972 kB
MemFree:           62908 kB
Buffers:             204 kB
Cached:            19580 kB
SwapCached:            0 kB
Active:          1825008 kB
Inactive:          16348 kB
Active(anon):    1824648 kB
Inactive(anon):    11436 kB
Active(file):        360 kB
Inactive(file):     4912 kB
Unevictable:           0 kB
Mlocked:               0 kB
SwapTotal:             0 kB
SwapFree:              0 kB
Dirty:                 0 kB
Writeback:             0 kB
AnonPages:       1821640 kB
Mapped:           100964 kB
Shmem:             14444 kB
Slab:              25180 kB
SReclaimable:      13128 kB
SUnreclaim:        12052 kB
KernelStack:        2176 kB
PageTables:        11584 kB
NFS_Unstable:          0 kB
Bounce:                0 kB
WritebackTmp:          0 kB
CommitLimit:     1024984 kB
Committed_AS:    2156496 kB
VmallocTotal:   34359738367 kB
VmallocUsed:       26568 kB
VmallocChunk:   34359706616 kB
HardwareCorrupted:     0 kB
AnonHugePages:   1198080 kB
HugePages_Total:       0
HugePages_Free:        0
HugePages_Rsvd:        0
HugePages_Surp:        0
Hugepagesize:       2048 kB
DirectMap4k:       32704 kB
DirectMap2M:     2064384 kB


CPU:total 1 (1 cores per cpu, 1 threads per core) family 6 model 42 stepping 7, cmov, cx8, fxsr, mmx, sse, sse2, sse3, ssse3, sse4.1, sse4.2, popcnt, avx, aes, clmul, tsc, tscinvbit

/proc/cpuinfo:
processor	: 0
vendor_id	: GenuineIntel
cpu family	: 6
model		: 42
model name	: Intel(R) Core(TM) i7-2600 CPU @ 3.40GHz
stepping	: 7
cpu MHz		: 3392.260
cache size	: 8192 KB
physical id	: 0
siblings	: 1
core id		: 0
cpu cores	: 1
apicid		: 0
initial apicid	: 0
fpu		: yes
fpu_exception	: yes
cpuid level	: 13
wp		: yes
flags		: fpu vme de pse tsc msr pae mce cx8 apic sep mtrr pge mca cmov pat pse36 clflush mmx fxsr sse sse2 syscall nx rdtscp lm constant_tsc rep_good nopl xtopology nonstop_tsc pni pclmulqdq monitor ssse3 cx16 sse4_1 sse4_2 popcnt aes xsave avx lahf_lm
bogomips	: 6784.52
clflush size	: 64
cache_alignment	: 64
address sizes	: 36 bits physical, 48 bits virtual
power management:



Memory: 4k page, physical 2049972k(62908k free), swap 0k(0k free)

vm_info: Java HotSpot(TM) 64-Bit Server VM (25.111-b14) for linux-amd64 JRE (1.8.0_111-b14), built on Sep 22 2016 16:14:03 by "java_re" with gcc 4.3.0 20080428 (Red Hat 4.3.0-8)

time: Fri Jan 20 13:18:45 2017
elapsed time: 28 seconds (0d 0h 0m 28s)

