#
# There is insufficient memory for the Java Runtime Environment to continue.
# Native memory allocation (mmap) failed to map 65536 bytes for committing reserved memory.
# Possible reasons:
#   The system is out of physical RAM or swap space
#   In 32 bit mode, the process size limit was hit
# Possible solutions:
#   Reduce memory load on the system
#   Increase physical memory or swap space
#   Check if swap backing store is full
#   Use 64 bit Java on a 64 bit OS
#   Decrease Java heap size (-Xmx/-Xms)
#   Decrease number of Java threads
#   Decrease Java thread stack sizes (-Xss)
#   Set larger code cache with -XX:ReservedCodeCacheSize=
# This output file may be truncated or incomplete.
#
#  Out of Memory Error (os_linux.cpp:2627), pid=12488, tid=0x00007f3c68fff700
#
# JRE version: Java(TM) SE Runtime Environment (8.0_111-b14) (build 1.8.0_111-b14)
# Java VM: Java HotSpot(TM) 64-Bit Server VM (25.111-b14 mixed mode linux-amd64 compressed oops)
# Failed to write core dump. Core dumps have been disabled. To enable core dumping, try "ulimit -c unlimited" before starting Java again
#

---------------  T H R E A D  ---------------

Current thread (0x00007f3c780d6000):  JavaThread "C2 CompilerThread0" daemon [_thread_in_vm, id=12497, stack(0x00007f3c68eff000,0x00007f3c69000000)]

Stack: [0x00007f3c68eff000,0x00007f3c69000000],  sp=0x00007f3c68ffc9b0,  free space=1014k
Native frames: (J=compiled Java code, j=interpreted, Vv=VM code, C=native code)
V  [libjvm.so+0xac5c2a]  VMError::report_and_die()+0x2ba
V  [libjvm.so+0x4fc50b]  report_vm_out_of_memory(char const*, int, unsigned long, VMErrorType, char const*)+0x8b
V  [libjvm.so+0x922ae3]  os::Linux::commit_memory_impl(char*, unsigned long, bool)+0x103
V  [libjvm.so+0x923039]  os::pd_commit_memory(char*, unsigned long, unsigned long, bool)+0x29
V  [libjvm.so+0x91d33a]  os::commit_memory(char*, unsigned long, unsigned long, bool)+0x2a
V  [libjvm.so+0xac1989]  VirtualSpace::expand_by(unsigned long, bool)+0x199
V  [libjvm.so+0x61a1ac]  CodeHeap::expand_by(unsigned long)+0x8c
V  [libjvm.so+0x4802a0]  CodeCache::allocate(int, bool)+0x60
V  [libjvm.so+0x8eb13c]  nmethod::new_nmethod(methodHandle, int, int, CodeOffsets*, int, DebugInformationRecorder*, Dependencies*, CodeBuffer*, int, OopMapSet*, ExceptionHandlerTable*, ImplicitExceptionTable*, AbstractCompiler*, int)+0x1fc
V  [libjvm.so+0x415ceb]  ciEnv::register_method(ciMethod*, int, CodeOffsets*, int, CodeBuffer*, int, OopMapSet*, ExceptionHandlerTable*, ImplicitExceptionTable*, AbstractCompiler*, int, bool, bool, RTMState)+0x42b
V  [libjvm.so+0x4a573d]  Compile::Compile(ciEnv*, C2Compiler*, ciMethod*, int, bool, bool, bool)+0x15ad
V  [libjvm.so+0x3f24f5]  C2Compiler::compile_method(ciEnv*, ciMethod*, int)+0x1f5
V  [libjvm.so+0x4afb8a]  CompileBroker::invoke_compiler_on_method(CompileTask*)+0xc9a
V  [libjvm.so+0x4b0b36]  CompileBroker::compiler_thread_loop()+0x5d6
V  [libjvm.so+0xa742b3]  JavaThread::thread_main_inner()+0x103
V  [libjvm.so+0xa743fc]  JavaThread::run()+0x11c
V  [libjvm.so+0x924ea8]  java_start(Thread*)+0x108
C  [libpthread.so.0+0x8184]  start_thread+0xc4


Current CompileTask:
C2:   7007  631       4       java.net.URLStreamHandler::parseURL (1158 bytes)


---------------  P R O C E S S  ---------------

Java Threads: ( => current thread )
  0x00007f3c7811d800 JavaThread "surefire-forkedjvm-command-thread" daemon [_thread_in_native, id=12502, stack(0x00007f3c689fa000,0x00007f3c68afb000)]
  0x00007f3c78111800 JavaThread "last-ditch-daemon-shutdown-thread-30sec" daemon [_thread_blocked, id=12501, stack(0x00007f3c68afb000,0x00007f3c68bfc000)]
  0x00007f3c780db000 JavaThread "Service Thread" daemon [_thread_blocked, id=12499, stack(0x00007f3c68cfd000,0x00007f3c68dfe000)]
  0x00007f3c780d8000 JavaThread "C1 CompilerThread1" daemon [_thread_blocked, id=12498, stack(0x00007f3c68dfe000,0x00007f3c68eff000)]
=>0x00007f3c780d6000 JavaThread "C2 CompilerThread0" daemon [_thread_in_vm, id=12497, stack(0x00007f3c68eff000,0x00007f3c69000000)]
  0x00007f3c780d4800 JavaThread "Signal Dispatcher" daemon [_thread_blocked, id=12496, stack(0x00007f3c7c043000,0x00007f3c7c144000)]
  0x00007f3c780a1800 JavaThread "Finalizer" daemon [_thread_blocked, id=12495, stack(0x00007f3c7c2cd000,0x00007f3c7c3ce000)]
  0x00007f3c7809d000 JavaThread "Reference Handler" daemon [_thread_blocked, id=12494, stack(0x00007f3c7c3ce000,0x00007f3c7c4cf000)]
  0x00007f3c7800a000 JavaThread "main" [_thread_blocked, id=12492, stack(0x00007f3c80421000,0x00007f3c80522000)]

Other Threads:
  0x00007f3c78095800 VMThread [stack: 0x00007f3c7c4cf000,0x00007f3c7c5d0000] [id=12493]
  0x00007f3c780de000 WatcherThread [stack: 0x00007f3c68bfc000,0x00007f3c68cfd000] [id=12500]

VM state:not at safepoint (normal execution)

VM Mutex/Monitor currently owned by a thread:  ([mutex/lock_event])
[0x00007f3c78005450] CodeCache_lock - owner thread: 0x00007f3c780d6000
[0x00007f3c78006ad0] Compile_lock - owner thread: 0x00007f3c780d6000
[0x00007f3c78006bd0] MethodCompileQueue_lock - owner thread: 0x00007f3c780d6000

Heap:
 def new generation   total 9792K, used 8890K [0x00000000e0a00000, 0x00000000e14a0000, 0x00000000eb150000)
  eden space 8704K,  92% used [0x00000000e0a00000, 0x00000000e11da180, 0x00000000e1280000)
  from space 1088K,  78% used [0x00000000e1390000, 0x00000000e14646d0, 0x00000000e14a0000)
  to   space 1088K,   0% used [0x00000000e1280000, 0x00000000e1280000, 0x00000000e1390000)
 tenured generation   total 21888K, used 2338K [0x00000000eb150000, 0x00000000ec6b0000, 0x0000000100000000)
   the space 21888K,  10% used [0x00000000eb150000, 0x00000000eb398878, 0x00000000eb398a00, 0x00000000ec6b0000)
 Metaspace       used 10161K, capacity 10244K, committed 10496K, reserved 1058816K
  class space    used 1225K, capacity 1264K, committed 1280K, reserved 1048576K

Card table byte_map: [0x00007f3c7d0c8000,0x00007f3c7d1c4000] byte_map_base: 0x00007f3c7c9c3000

Polling page: 0x00007f3c8052e000

CodeCache: size=245760Kb used=2849Kb max_used=2849Kb free=242910Kb
 bounds [0x00007f3c69000000, 0x00007f3c692d0000, 0x00007f3c78000000]
 total_blobs=950 nmethods=631 adapters=230
 compilation: enabled

Compilation events (10 events):
Event: 6.395 Thread 0x00007f3c780d8000 nmethod 627 0x00007f3c692c0810 code [0x00007f3c692c09a0, 0x00007f3c692c0ea0]
Event: 6.417 Thread 0x00007f3c780d6000  628   !   4       java.net.URL::<init> (543 bytes)
Event: 6.477 Thread 0x00007f3c780d6000 nmethod 628 0x00007f3c692c4b50 code [0x00007f3c692c4da0, 0x00007f3c692c5fb0]
Event: 6.495 Thread 0x00007f3c780d6000  629   !   4       java.net.URL::set (114 bytes)
Event: 6.497 Thread 0x00007f3c780d6000 nmethod 629 0x00007f3c692be950 code [0x00007f3c692beaa0, 0x00007f3c692bed58]
Event: 6.498 Thread 0x00007f3c780d6000  630       4       java.net.URLStreamHandler::setURL (40 bytes)
Event: 6.500 Thread 0x00007f3c780d6000 nmethod 630 0x00007f3c692be350 code [0x00007f3c692be4a0, 0x00007f3c692be798]
Event: 6.665 Thread 0x00007f3c780d6000  631       4       java.net.URLStreamHandler::parseURL (1158 bytes)
Event: 6.739 Thread 0x00007f3c780d8000  633       3       java.util.Hashtable::addEntry (87 bytes)
Event: 6.742 Thread 0x00007f3c780d8000 nmethod 633 0x00007f3c692bfd10 code [0x00007f3c692bfec0, 0x00007f3c692c0510]

GC Heap History (10 events):
Event: 1.967 GC heap before
{Heap before GC invocations=0 (full 0):
 def new generation   total 9792K, used 8704K [0x00000000e0a00000, 0x00000000e14a0000, 0x00000000eb150000)
  eden space 8704K, 100% used [0x00000000e0a00000, 0x00000000e1280000, 0x00000000e1280000)
  from space 1088K,   0% used [0x00000000e1280000, 0x00000000e1280000, 0x00000000e1390000)
  to   space 1088K,   0% used [0x00000000e1390000, 0x00000000e1390000, 0x00000000e14a0000)
 tenured generation   total 21888K, used 0K [0x00000000eb150000, 0x00000000ec6b0000, 0x0000000100000000)
   the space 21888K,   0% used [0x00000000eb150000, 0x00000000eb150000, 0x00000000eb150200, 0x00000000ec6b0000)
 Metaspace       used 3847K, capacity 4940K, committed 5120K, reserved 1056768K
  class space    used 432K, capacity 456K, committed 512K, reserved 1048576K
Event: 1.974 GC heap after
Heap after GC invocations=1 (full 0):
 def new generation   total 9792K, used 1088K [0x00000000e0a00000, 0x00000000e14a0000, 0x00000000eb150000)
  eden space 8704K,   0% used [0x00000000e0a00000, 0x00000000e0a00000, 0x00000000e1280000)
  from space 1088K, 100% used [0x00000000e1390000, 0x00000000e14a0000, 0x00000000e14a0000)
  to   space 1088K,   0% used [0x00000000e1280000, 0x00000000e1280000, 0x00000000e1390000)
 tenured generation   total 21888K, used 491K [0x00000000eb150000, 0x00000000ec6b0000, 0x0000000100000000)
   the space 21888K,   2% used [0x00000000eb150000, 0x00000000eb1cacb8, 0x00000000eb1cae00, 0x00000000ec6b0000)
 Metaspace       used 3847K, capacity 4940K, committed 5120K, reserved 1056768K
  class space    used 432K, capacity 456K, committed 512K, reserved 1048576K
}
Event: 3.436 GC heap before
{Heap before GC invocations=1 (full 0):
 def new generation   total 9792K, used 9792K [0x00000000e0a00000, 0x00000000e14a0000, 0x00000000eb150000)
  eden space 8704K, 100% used [0x00000000e0a00000, 0x00000000e1280000, 0x00000000e1280000)
  from space 1088K, 100% used [0x00000000e1390000, 0x00000000e14a0000, 0x00000000e14a0000)
  to   space 1088K,   0% used [0x00000000e1280000, 0x00000000e1280000, 0x00000000e1390000)
 tenured generation   total 21888K, used 491K [0x00000000eb150000, 0x00000000ec6b0000, 0x0000000100000000)
   the space 21888K,   2% used [0x00000000eb150000, 0x00000000eb1cacb8, 0x00000000eb1cae00, 0x00000000ec6b0000)
 Metaspace       used 6084K, capacity 6180K, committed 6400K, reserved 1056768K
  class space    used 699K, capacity 720K, committed 768K, reserved 1048576K
Event: 3.448 GC heap after
Heap after GC invocations=2 (full 0):
 def new generation   total 9792K, used 954K [0x00000000e0a00000, 0x00000000e14a0000, 0x00000000eb150000)
  eden space 8704K,   0% used [0x00000000e0a00000, 0x00000000e0a00000, 0x00000000e1280000)
  from space 1088K,  87% used [0x00000000e1280000, 0x00000000e136e860, 0x00000000e1390000)
  to   space 1088K,   0% used [0x00000000e1390000, 0x00000000e1390000, 0x00000000e14a0000)
 tenured generation   total 21888K, used 1314K [0x00000000eb150000, 0x00000000ec6b0000, 0x0000000100000000)
   the space 21888K,   6% used [0x00000000eb150000, 0x00000000eb2989f0, 0x00000000eb298a00, 0x00000000ec6b0000)
 Metaspace       used 6084K, capacity 6180K, committed 6400K, reserved 1056768K
  class space    used 699K, capacity 720K, committed 768K, reserved 1048576K
}
Event: 4.239 GC heap before
{Heap before GC invocations=2 (full 0):
 def new generation   total 9792K, used 9658K [0x00000000e0a00000, 0x00000000e14a0000, 0x00000000eb150000)
  eden space 8704K, 100% used [0x00000000e0a00000, 0x00000000e1280000, 0x00000000e1280000)
  from space 1088K,  87% used [0x00000000e1280000, 0x00000000e136e860, 0x00000000e1390000)
  to   space 1088K,   0% used [0x00000000e1390000, 0x00000000e1390000, 0x00000000e14a0000)
 tenured generation   total 21888K, used 1314K [0x00000000eb150000, 0x00000000ec6b0000, 0x0000000100000000)
   the space 21888K,   6% used [0x00000000eb150000, 0x00000000eb2989f0, 0x00000000eb298a00, 0x00000000ec6b0000)
 Metaspace       used 7379K, capacity 7492K, committed 7552K, reserved 1056768K
  class space    used 855K, capacity 880K, committed 896K, reserved 1048576K
Event: 4.243 GC heap after
Heap after GC invocations=3 (full 0):
 def new generation   total 9792K, used 725K [0x00000000e0a00000, 0x00000000e14a0000, 0x00000000eb150000)
  eden space 8704K,   0% used [0x00000000e0a00000, 0x00000000e0a00000, 0x00000000e1280000)
  from space 1088K,  66% used [0x00000000e1390000, 0x00000000e14456b0, 0x00000000e14a0000)
  to   space 1088K,   0% used [0x00000000e1280000, 0x00000000e1280000, 0x00000000e1390000)
 tenured generation   total 21888K, used 1764K [0x00000000eb150000, 0x00000000ec6b0000, 0x0000000100000000)
   the space 21888K,   8% used [0x00000000eb150000, 0x00000000eb3093b0, 0x00000000eb309400, 0x00000000ec6b0000)
 Metaspace       used 7379K, capacity 7492K, committed 7552K, reserved 1056768K
  class space    used 855K, capacity 880K, committed 896K, reserved 1048576K
}
Event: 5.680 GC heap before
{Heap before GC invocations=3 (full 0):
 def new generation   total 9792K, used 9429K [0x00000000e0a00000, 0x00000000e14a0000, 0x00000000eb150000)
  eden space 8704K, 100% used [0x00000000e0a00000, 0x00000000e1280000, 0x00000000e1280000)
  from space 1088K,  66% used [0x00000000e1390000, 0x00000000e14456b0, 0x00000000e14a0000)
  to   space 1088K,   0% used [0x00000000e1280000, 0x00000000e1280000, 0x00000000e1390000)
 tenured generation   total 21888K, used 1764K [0x00000000eb150000, 0x00000000ec6b0000, 0x0000000100000000)
   the space 21888K,   8% used [0x00000000eb150000, 0x00000000eb3093b0, 0x00000000eb309400, 0x00000000ec6b0000)
 Metaspace       used 8688K, capacity 8836K, committed 9088K, reserved 1056768K
  class space    used 1030K, capacity 1072K, committed 1152K, reserved 1048576K
Event: 5.683 GC heap after
Heap after GC invocations=4 (full 0):
 def new generation   total 9792K, used 837K [0x00000000e0a00000, 0x00000000e14a0000, 0x00000000eb150000)
  eden space 8704K,   0% used [0x00000000e0a00000, 0x00000000e0a00000, 0x00000000e1280000)
  from space 1088K,  76% used [0x00000000e1280000, 0x00000000e1351518, 0x00000000e1390000)
  to   space 1088K,   0% used [0x00000000e1390000, 0x00000000e1390000, 0x00000000e14a0000)
 tenured generation   total 21888K, used 1987K [0x00000000eb150000, 0x00000000ec6b0000, 0x0000000100000000)
   the space 21888K,   9% used [0x00000000eb150000, 0x00000000eb340df0, 0x00000000eb340e00, 0x00000000ec6b0000)
 Metaspace       used 8688K, capacity 8836K, committed 9088K, reserved 1056768K
  class space    used 1030K, capacity 1072K, committed 1152K, reserved 1048576K
}
Event: 6.388 GC heap before
{Heap before GC invocations=4 (full 0):
 def new generation   total 9792K, used 9541K [0x00000000e0a00000, 0x00000000e14a0000, 0x00000000eb150000)
  eden space 8704K, 100% used [0x00000000e0a00000, 0x00000000e1280000, 0x00000000e1280000)
  from space 1088K,  76% used [0x00000000e1280000, 0x00000000e1351518, 0x00000000e1390000)
  to   space 1088K,   0% used [0x00000000e1390000, 0x00000000e1390000, 0x00000000e14a0000)
 tenured generation   total 21888K, used 1987K [0x00000000eb150000, 0x00000000ec6b0000, 0x0000000100000000)
   the space 21888K,   9% used [0x00000000eb150000, 0x00000000eb340df0, 0x00000000eb340e00, 0x00000000ec6b0000)
 Metaspace       used 9567K, capacity 9668K, committed 9984K, reserved 1058816K
  class space    used 1152K, capacity 1200K, committed 1280K, reserved 1048576K
Event: 6.392 GC heap after
Heap after GC invocations=5 (full 0):
 def new generation   total 9792K, used 849K [0x00000000e0a00000, 0x00000000e14a0000, 0x00000000eb150000)
  eden space 8704K,   0% used [0x00000000e0a00000, 0x00000000e0a00000, 0x00000000e1280000)
  from space 1088K,  78% used [0x00000000e1390000, 0x00000000e14646d0, 0x00000000e14a0000)
  to   space 1088K,   0% used [0x00000000e1280000, 0x00000000e1280000, 0x00000000e1390000)
 tenured generation   total 21888K, used 2338K [0x00000000eb150000, 0x00000000ec6b0000, 0x0000000100000000)
   the space 21888K,  10% used [0x00000000eb150000, 0x00000000eb398878, 0x00000000eb398a00, 0x00000000ec6b0000)
 Metaspace       used 9567K, capacity 9668K, committed 9984K, reserved 1058816K
  class space    used 1152K, capacity 1200K, committed 1280K, reserved 1048576K
}

Deoptimization events (3 events):
Event: 3.041 Thread 0x00007f3c7800a000 Uncommon trap: reason=unstable_if action=reinterpret pc=0x00007f3c691abe0c method=java.lang.String.indexOf([CII[CIII)I @ 3
Event: 3.199 Thread 0x00007f3c7800a000 Uncommon trap: reason=unstable_if action=reinterpret pc=0x00007f3c691c4e98 method=java.io.UnixFileSystem.normalize(Ljava/lang/String;)Ljava/lang/String; @ 60
Event: 5.279 Thread 0x00007f3c7800a000 Uncommon trap: reason=unstable_if action=reinterpret pc=0x00007f3c69207d0c method=sun.misc.MetaIndex.mayContain(Ljava/lang/String;)Z @ 38

Internal exceptions (10 events):
Event: 1.331 Thread 0x00007f3c7800a000 Exception <a 'java/security/PrivilegedActionException'> (0x00000000e10c5fc8) thrown at [/HUDSON3/workspace/8-2-build-linux-amd64/jdk8u111/7883/hotspot/src/share/vm/prims/jvm.cpp, line 1386]
Event: 1.332 Thread 0x00007f3c7800a000 Exception <a 'java/security/PrivilegedActionException'> (0x00000000e10c6be8) thrown at [/HUDSON3/workspace/8-2-build-linux-amd64/jdk8u111/7883/hotspot/src/share/vm/prims/jvm.cpp, line 1386]
Event: 1.332 Thread 0x00007f3c7800a000 Exception <a 'java/security/PrivilegedActionException'> (0x00000000e10c6df8) thrown at [/HUDSON3/workspace/8-2-build-linux-amd64/jdk8u111/7883/hotspot/src/share/vm/prims/jvm.cpp, line 1386]
Event: 1.338 Thread 0x00007f3c7800a000 Exception <a 'java/security/PrivilegedActionException'> (0x00000000e10ce290) thrown at [/HUDSON3/workspace/8-2-build-linux-amd64/jdk8u111/7883/hotspot/src/share/vm/prims/jvm.cpp, line 1386]
Event: 1.338 Thread 0x00007f3c7800a000 Exception <a 'java/security/PrivilegedActionException'> (0x00000000e10ce4a0) thrown at [/HUDSON3/workspace/8-2-build-linux-amd64/jdk8u111/7883/hotspot/src/share/vm/prims/jvm.cpp, line 1386]
Event: 2.070 Thread 0x00007f3c7800a000 Exception <a 'java/security/PrivilegedActionException'> (0x00000000e0a9a3b0) thrown at [/HUDSON3/workspace/8-2-build-linux-amd64/jdk8u111/7883/hotspot/src/share/vm/prims/jvm.cpp, line 1386]
Event: 2.070 Thread 0x00007f3c7800a000 Exception <a 'java/security/PrivilegedActionException'> (0x00000000e0a9a5c0) thrown at [/HUDSON3/workspace/8-2-build-linux-amd64/jdk8u111/7883/hotspot/src/share/vm/prims/jvm.cpp, line 1386]
Event: 2.070 Thread 0x00007f3c7800a000 Exception <a 'java/security/PrivilegedActionException'> (0x00000000e0a9ca00) thrown at [/HUDSON3/workspace/8-2-build-linux-amd64/jdk8u111/7883/hotspot/src/share/vm/prims/jvm.cpp, line 1386]
Event: 2.070 Thread 0x00007f3c7800a000 Exception <a 'java/security/PrivilegedActionException'> (0x00000000e0a9cc10) thrown at [/HUDSON3/workspace/8-2-build-linux-amd64/jdk8u111/7883/hotspot/src/share/vm/prims/jvm.cpp, line 1386]
Event: 6.082 Thread 0x00007f3c7800a000 Exception <a 'java/io/FileNotFoundException'> (0x00000000e0cf6f00) thrown at [/HUDSON3/workspace/8-2-build-linux-amd64/jdk8u111/7883/hotspot/src/share/vm/prims/jni.cpp, line 709]

Events (10 events):
Event: 6.812 loading class org/apache/xerces/impl/ExternalSubsetResolver
Event: 6.812 loading class org/apache/xerces/impl/ExternalSubsetResolver done
Event: 6.819 loading class org/apache/xerces/util/ErrorHandlerWrapper
Event: 6.819 loading class org/apache/xerces/util/ErrorHandlerWrapper done
Event: 6.872 loading class org/apache/xerces/xni/parser/XMLInputSource
Event: 6.873 loading class org/apache/xerces/xni/parser/XMLInputSource done
Event: 6.880 loading class org/apache/xerces/impl/XMLEntityManager$EncodingInfo
Event: 6.880 loading class org/apache/xerces/impl/XMLEntityManager$EncodingInfo done
Event: 6.887 loading class org/apache/xerces/util/XMLSymbols
Event: 6.887 loading class org/apache/xerces/util/XMLSymbols done


Dynamic libraries:
00400000-00401000 r-xp 00000000 08:01 405883                             /usr/lib/jvm/java-8-oracle/jre/bin/java
00600000-00601000 rw-p 00000000 08:01 405883                             /usr/lib/jvm/java-8-oracle/jre/bin/java
022ff000-02320000 rw-p 00000000 00:00 0                                  [heap]
e0a00000-e14a0000 rw-p 00000000 00:00 0 
e14a0000-eb150000 ---p 00000000 00:00 0 
eb150000-ec6b0000 rw-p 00000000 00:00 0 
ec6b0000-100000000 ---p 00000000 00:00 0 
100000000-100140000 rw-p 00000000 00:00 0 
100140000-140000000 ---p 00000000 00:00 0 
7f3c4c000000-7f3c4c305000 rw-p 00000000 00:00 0 
7f3c4c305000-7f3c50000000 ---p 00000000 00:00 0 
7f3c50000000-7f3c50021000 rw-p 00000000 00:00 0 
7f3c50021000-7f3c54000000 ---p 00000000 00:00 0 
7f3c54000000-7f3c54021000 rw-p 00000000 00:00 0 
7f3c54021000-7f3c58000000 ---p 00000000 00:00 0 
7f3c58000000-7f3c58ab0000 rw-p 00000000 00:00 0 
7f3c58ab0000-7f3c5c000000 ---p 00000000 00:00 0 
7f3c5c000000-7f3c5c021000 rw-p 00000000 00:00 0 
7f3c5c021000-7f3c60000000 ---p 00000000 00:00 0 
7f3c60000000-7f3c60021000 rw-p 00000000 00:00 0 
7f3c60021000-7f3c64000000 ---p 00000000 00:00 0 
7f3c64000000-7f3c64021000 rw-p 00000000 00:00 0 
7f3c64021000-7f3c68000000 ---p 00000000 00:00 0 
7f3c68105000-7f3c68205000 rw-p 00000000 00:00 0 
7f3c68205000-7f3c68305000 ---p 00000000 00:00 0 
7f3c68305000-7f3c6830f000 r--s 00116000 08:01 526031                     /usr/lib/jvm/java-8-oracle/jre/lib/ext/localedata.jar
7f3c6830f000-7f3c6832b000 r--s 00393000 08:01 526027                     /usr/lib/jvm/java-8-oracle/jre/lib/ext/cldrdata.jar
7f3c6832b000-7f3c68341000 r-xp 00000000 08:01 525977                     /usr/lib/jvm/java-8-oracle/jre/lib/amd64/libnet.so
7f3c68341000-7f3c68541000 ---p 00016000 08:01 525977                     /usr/lib/jvm/java-8-oracle/jre/lib/amd64/libnet.so
7f3c68541000-7f3c68542000 rw-p 00016000 08:01 525977                     /usr/lib/jvm/java-8-oracle/jre/lib/amd64/libnet.so
7f3c68542000-7f3c68546000 r--s 00097000 08:01 405900                     /usr/lib/jvm/java-8-oracle/jre/lib/jsse.jar
7f3c68546000-7f3c68548000 r--s 00009000 00:1a 25187                      /home/vagrant/.m2/repository/org/apache/maven/surefire/common-java5/2.19.1/common-java5-2.19.1.jar
7f3c68548000-7f3c6854a000 r--s 00009000 00:1a 25183                      /home/vagrant/.m2/repository/org/apache/maven/surefire/surefire-testng/2.19.1/surefire-testng-2.19.1.jar
7f3c6854a000-7f3c6854c000 r--s 00008000 00:1a 25180                      /home/vagrant/.m2/repository/org/apache/maven/surefire/surefire-grouper/2.19.1/surefire-grouper-2.19.1.jar
7f3c6854c000-7f3c6854e000 r--s 00005000 00:1a 25177                      /home/vagrant/.m2/repository/org/apache/maven/surefire/surefire-testng-utils/2.19.1/surefire-testng-utils-2.19.1.jar
7f3c6854e000-7f3c68550000 r--s 00009000 00:1a 25174                      /home/vagrant/.m2/repository/org/eclipse/jetty/websocket/websocket-api/9.2.15.v20160210/websocket-api-9.2.15.v20160210.jar
7f3c68550000-7f3c68555000 r--s 00028000 00:1a 25171                      /home/vagrant/.m2/repository/org/eclipse/jetty/websocket/websocket-common/9.2.15.v20160210/websocket-common-9.2.15.v20160210.jar
7f3c68555000-7f3c68558000 r--s 00018000 00:1a 25168                      /home/vagrant/.m2/repository/org/eclipse/jetty/jetty-io/9.2.15.v20160210/jetty-io-9.2.15.v20160210.jar
7f3c68558000-7f3c6855e000 r--s 00054000 00:1a 25165                      /home/vagrant/.m2/repository/org/eclipse/jetty/jetty-util/9.2.15.v20160210/jetty-util-9.2.15.v20160210.jar
7f3c6855e000-7f3c6855f000 r--s 00008000 00:1a 25162                      /home/vagrant/.m2/repository/org/eclipse/jetty/websocket/websocket-client/9.2.15.v20160210/websocket-client-9.2.15.v20160210.jar
7f3c6855f000-7f3c68560000 r--s 00002000 00:1a 25157                      /home/vagrant/.m2/repository/com/codeborne/phantomjsdriver/1.3.0/phantomjsdriver-1.3.0.jar
7f3c68560000-7f3c68564000 r--s 0002f000 00:1a 25153                      /home/vagrant/.m2/repository/commons-io/commons-io/2.5/commons-io-2.5.jar
7f3c68564000-7f3c68565000 r--s 00003000 00:1a 25151                      /home/vagrant/.m2/repository/org/w3c/css/sac/1.3/sac-1.3.jar
7f3c68565000-7f3c68569000 r--s 00059000 00:1a 25146                      /home/vagrant/.m2/repository/net/sourceforge/cssparser/cssparser/0.9.20/cssparser-0.9.20.jar
7f3c68569000-7f3c68572000 r--s 0002d000 00:1a 25142                      /home/vagrant/.m2/repository/xml-apis/xml-apis/1.4.01/xml-apis-1.4.01.jar
7f3c68572000-7f3c6858b000 r--s 00135000 00:1a 25138                      /home/vagrant/.m2/repository/xerces/xercesImpl/2.11.0/xercesImpl-2.11.0.jar
7f3c6858b000-7f3c6858e000 r--s 0001c000 00:1a 25134                      /home/vagrant/.m2/repository/net/sourceforge/htmlunit/neko-htmlunit/2.23/neko-htmlunit-2.23.jar
7f3c6858e000-7f3c6859d000 r--s 0011b000 00:1a 25131                      /home/vagrant/.m2/repository/net/sourceforge/htmlunit/htmlunit-core-js/2.23/htmlunit-core-js-2.23.jar
7f3c6859d000-7f3c685a4000 r--s 0003f000 00:1a 25128                      /home/vagrant/.m2/repository/commons-codec/commons-codec/1.10/commons-codec-1.10.jar
7f3c685a4000-7f3c685a6000 r--s 00009000 00:1a 25124                      /home/vagrant/.m2/repository/org/apache/httpcomponents/httpmime/4.5.2/httpmime-4.5.2.jar
7f3c685a6000-7f3c685ad000 r--s 00049000 00:1a 25121                      /home/vagrant/.m2/repository/org/apache/httpcomponents/httpcore/4.4.4/httpcore-4.4.4.jar
7f3c685ad000-7f3c685ba000 r--s 000a7000 00:1a 25118                      /home/vagrant/.m2/repository/org/apache/httpcomponents/httpclient/4.5.2/httpclient-4.5.2.jar
7f3c685ba000-7f3c685c1000 r--s 00064000 00:1a 25114                      /home/vagrant/.m2/repository/org/apache/commons/commons-lang3/3.4/commons-lang3-3.4.jar
7f3c685c1000-7f3c685c5000 r--s 00040000 00:1a 25112                      /home/vagrant/.m2/repository/xalan/serializer/2.7.2/serializer-2.7.2.jar
7f3c685c5000-7f3c685ea000 r--s 002de000 00:1a 25109                      /home/vagrant/.m2/repository/xalan/xalan/2.7.2/xalan-2.7.2.jar
7f3c685ea000-7f3c68610000 r--s 001a7000 00:1a 25105                      /home/vagrant/.m2/repository/net/sourceforge/htmlunit/htmlunit/2.23/htmlunit-2.23.jar
7f3c68610000-7f3c68612000 r--s 00009000 00:1a 595                        /home/vagrant/.m2/repository/org/hamcrest/hamcrest-core/1.3/hamcrest-core-1.3.jar
7f3c68612000-7f3c6861a000 r--s 00045000 00:1a 594                        /home/vagrant/.m2/repository/junit/junit/4.12/junit-4.12.jar
7f3c6861a000-7f3c6861f000 r--s 00025000 00:1a 25100                      /home/vagrant/.m2/repository/org/seleniumhq/selenium/selenium-support/3.0.1/selenium-support-3.0.1.jar
7f3c6861f000-7f3c68635000 r--s 000f9000 00:1a 25097                      /home/vagrant/.m2/repository/io/netty/netty/3.5.7.Final/netty-3.5.7.Final.jar
7f3c68635000-7f3c68637000 r--s 00008000 00:1a 25092                      /home/vagrant/.m2/repository/org/seleniumhq/selenium/selenium-safari-driver/3.0.1/selenium-safari-driver-3.0.1.jar
7f3c68637000-7f3c68638000 r--s 00001000 00:1a 25089                      /home/vagrant/.m2/repository/org/seleniumhq/selenium/selenium-opera-driver/3.0.1/selenium-opera-driver-3.0.1.jar
7f3c68638000-7f3c68639000 r--s 00002000 00:1a 25086                      /home/vagrant/.m2/repository/org/seleniumhq/selenium/selenium-ie-driver/3.0.1/selenium-ie-driver-3.0.1.jar
7f3c68639000-7f3c6863a000 r--s 000ba000 00:1a 25083                      /home/vagrant/.m2/repository/org/seleniumhq/selenium/selenium-firefox-driver/3.0.1/selenium-firefox-driver-3.0.1.jar
7f3c6863a000-7f3c6863b000 r--s 00001000 00:1a 25080                      /home/vagrant/.m2/repository/org/seleniumhq/selenium/selenium-edge-driver/3.0.1/selenium-edge-driver-3.0.1.jar
7f3c6863b000-7f3c6863f000 r--s 000dc000 00:1a 25077                      /home/vagrant/.m2/repository/net/java/dev/jna/jna/4.1.0/jna-4.1.0.jar
7f3c6863f000-7f3c68650000 r--s 00155000 00:1a 25075                      /home/vagrant/.m2/repository/net/java/dev/jna/jna-platform/4.1.0/jna-platform-4.1.0.jar
7f3c68650000-7f3c6867c000 r--s 00208000 00:1a 25072                      /home/vagrant/.m2/repository/com/google/guava/guava/19.0/guava-19.0.jar
7f3c6867c000-7f3c68681000 r--s 0002f000 00:1a 25068                      /home/vagrant/.m2/repository/com/google/code/gson/gson/2.3.1/gson-2.3.1.jar
7f3c68681000-7f3c68683000 r--s 0000c000 00:1a 25064                      /home/vagrant/.m2/repository/org/apache/commons/commons-exec/1.3/commons-exec-1.3.jar
7f3c68683000-7f3c6868a000 r--s 0004f000 00:1a 25061                      /home/vagrant/.m2/repository/cglib/cglib-nodep/3.2.4/cglib-nodep-3.2.4.jar
7f3c6868a000-7f3c6868e000 r--s 00014000 00:1a 25057                      /home/vagrant/.m2/repository/org/seleniumhq/selenium/selenium-api/3.0.1/selenium-api-3.0.1.jar
7f3c6868e000-7f3c68694000 r--s 00046000 00:1a 25054                      /home/vagrant/.m2/repository/org/seleniumhq/selenium/selenium-remote-driver/3.0.1/selenium-remote-driver-3.0.1.jar
7f3c68694000-7f3c68695000 r--s 00002000 00:1a 25051                      /home/vagrant/.m2/repository/org/seleniumhq/selenium/selenium-chrome-driver/3.0.1/selenium-chrome-driver-3.0.1.jar
7f3c68695000-7f3c68696000 r--s 00000000 00:1a 25048                      /home/vagrant/.m2/repository/org/seleniumhq/selenium/selenium-java/3.0.1/selenium-java-3.0.1.jar
7f3c68696000-7f3c68698000 r--s 0000e000 00:1a 25043                      /home/vagrant/.m2/repository/com/beust/jcommander/1.48/jcommander-1.48.jar
7f3c68698000-7f3c686a5000 r--s 000ad000 00:1a 25039                      /home/vagrant/.m2/repository/org/testng/testng/6.10/testng-6.10.jar
7f3c686a5000-7f3c686b3000 r--s 00084000 00:1a 25035                      /home/vagrant/.m2/repository/org/springframework/spring-test/4.3.4.RELEASE/spring-test-4.3.4.RELEASE.jar
7f3c686b3000-7f3c68723000 r--s 00641000 00:1a 25032                      /home/vagrant/.m2/repository/org/codehaus/groovy/groovy-all/2.4.7/groovy-all-2.4.7.jar
7f3c68723000-7f3c68786000 r--s 00a62000 00:1a 25028                      /home/vagrant/.m2/repository/com/ibm/icu/icu4j/57.1/icu4j-57.1.jar
7f3c68786000-7f3c6878e000 r--s 0007d000 00:1a 25023                      /home/vagrant/.m2/repository/com/google/zxing/core/3.2.1/core-3.2.1.jar
7f3c6878e000-7f3c68796000 r--s 00065000 00:1a 25019                      /home/vagrant/.m2/repository/org/olap4j/olap4j/0.9.7.309-JS-3/olap4j-0.9.7.309-JS-3.jar
7f3c68796000-7f3c68797000 r--s 00006000 00:1a 25015                      /home/vagrant/.m2/repository/jakarta-regexp/jakarta-regexp/1.4/jakarta-regexp-1.4.jar
7f3c68797000-7f3c68799000 r--s 0000a000 00:1a 25011                      /home/vagrant/.m2/repository/org/apache/lucene/lucene-sandbox/4.5.1/lucene-sandbox-4.5.1.jar
7f3c68799000-7f3c6879f000 r--s 0002d000 00:1a 25008                      /home/vagrant/.m2/repository/org/apache/lucene/lucene-queries/4.5.1/lucene-queries-4.5.1.jar
7f3c6879f000-7f3c687a8000 r--s 00055000 00:1a 25005                      /home/vagrant/.m2/repository/org/apache/lucene/lucene-queryparser/4.5.1/lucene-queryparser-4.5.1.jar
7f3c687a8000-7f3c687b8000 r--s 00174000 00:1a 25002                      /home/vagrant/.m2/repository/org/apache/lucene/lucene-analyzers-common/4.5.1/lucene-analyzers-common-4.5.1.jar
7f3c687b8000-7f3c687de000 r--s 0020b000 00:1a 24999                      /home/vagrant/.m2/repository/org/apache/lucene/lucene-core/4.5.1/lucene-core-4.5.1.jar
7f3c687de000-7f3c687ed000 r--s 001b0000 00:1a 24995                      /home/vagrant/.m2/repository/org/eclipse/jdt/core/compiler/ecj/4.3.1/ecj-4.3.1.jar
7f3c687ed000-7f3c687fe000 r--s 0016e000 00:1a 24989                      /home/vagrant/.m2/repository/org/jfree/jfreechart/1.0.19/jfreechart-1.0.19.jar
7f3c687fe000-7f3c68804000 r--s 0004b000 00:1a 24986                      /home/vagrant/.m2/repository/org/jfree/jcommon/1.0.23/jcommon-1.0.23.jar
7f3c68804000-7f3c68805000 r--s 00005000 00:1a 24984                      /home/vagrant/.m2/repository/org/bouncycastle/bctsp-jdk14/1.38/bctsp-jdk14-1.38.jar
7f3c68805000-7f3c68826000 r--s 0015a000 00:1a 24980                      /home/vagrant/.m2/repository/bouncycastle/bcprov-jdk14/138/bcprov-jdk14-138.jar
7f3c68826000-7f3c6882a000 r--s 0002b000 00:1a 24977                      /home/vagrant/.m2/repository/bouncycastle/bcmail-jdk14/138/bcmail-jdk14-138.jar
7f3c6882a000-7f3c68837000 r--s 00108000 00:1a 24973                      /home/vagrant/.m2/repository/com/lowagie/itext/2.1.7.js5/itext-2.1.7.js5.jar
7f3c68837000-7f3c6883d000 r--s 0002b000 00:1a 24969                      /home/vagrant/.m2/repository/commons-digester/commons-digester/2.1/commons-digester-2.1.jar
7f3c6883d000-7f3c6884a000 r--s 00083000 00:1a 24965                      /home/vagrant/.m2/repository/commons-collections/commons-collections/3.2.2/commons-collections-3.2.2.jar
7f3c6884a000-7f3c6884f000 r--s 00034000 00:1a 24963                      /home/vagrant/.m2/repository/commons-beanutils/commons-beanutils/1.9.0/commons-beanutils-1.9.0.jar
7f3c6884f000-7f3c688b2000 r--s 004ee000 00:1a 24961                      /home/vagrant/.m2/repository/net/sf/jasperreports/jasperreports/6.4.0/jasperreports-6.4.0.jar
7f3c688b2000-7f3c688b8000 r--s 00081000 00:1a 24956                      /home/vagrant/.m2/repository/postgresql/postgresql/9.1-901-1.jdbc4/postgresql-9.1-901-1.jdbc4.jar
7f3c688b8000-7f3c688b9000 r--s 00003000 00:1a 24952                      /home/vagrant/.m2/repository/javax/transaction/jta/1.1/jta-1.1.jar
7f3c688b9000-7f3c688bb000 r--s 00004000 00:1a 24948                      /home/vagrant/.m2/repository/com/fasterxml/jackson/datatype/jackson-datatype-hibernate5/2.7.4/jackson-datatype-hibernate5-2.7.4.jar
7f3c688bb000-7f3c688be000 r--s 0003b000 00:1a 24946                      /home/vagrant/.m2/repository/com/fasterxml/jackson/core/jackson-core/2.7.4/jackson-core-2.7.4.jar
7f3c688be000-7f3c688c1000 r--s 0000a000 00:1a 24944                      /home/vagrant/.m2/repository/com/fasterxml/jackson/core/jackson-annotations/2.7.0/jackson-annotations-2.7.0.jar
7f3c688c1000-7f3c688d2000 r--s 00115000 00:1a 24941                      /home/vagrant/.m2/repository/com/fasterxml/jackson/core/jackson-databind/2.7.4/jackson-databind-2.7.4.jar
7f3c688d2000-7f3c688d5000 r--s 0000f000 00:1a 24938                      /home/vagrant/.m2/repository/org/apache/tiles/tiles-request-api/1.0.6/tiles-request-api-1.0.6.jar
7f3c688d5000-7f3c688d7000 r--s 00003000 00:1a 24936                      /home/vagrant/.m2/repository/org/apache/tiles/tiles-request-jsp/1.0.6/tiles-request-jsp-1.0.6.jar
7f3c688d7000-7f3c688d8000 r--s 00002000 00:1a 24933                      /home/vagrant/.m2/repository/org/apache/tiles/tiles-autotag-core-runtime/1.2/tiles-autotag-core-runtime-1.2.jar
7f3c688d8000-7f3c688da000 r--s 00006000 00:1a 24931                      /home/vagrant/.m2/repository/org/apache/tiles/tiles-api/3.0.7/tiles-api-3.0.7.jar
7f3c688da000-7f3c688db000 r--s 00007000 00:1a 24928                      /home/vagrant/.m2/repository/org/apache/tiles/tiles-template/3.0.7/tiles-template-3.0.7.jar
7f3c688db000-7f3c688dc000 r--s 00004000 00:1a 24925                      /home/vagrant/.m2/repository/org/apache/tiles/tiles-request-servlet/1.0.6/tiles-request-servlet-1.0.6.jar
7f3c688dc000-7f3c688de000 r--s 00003000 00:1a 24922                      /home/vagrant/.m2/repository/org/slf4j/jcl-over-slf4j/1.7.6/jcl-over-slf4j-1.7.6.jar
7f3c688de000-7f3c688e1000 r--s 00011000 00:1a 24920                      /home/vagrant/.m2/repository/org/apache/tiles/tiles-core/3.0.7/tiles-core-3.0.7.jar
7f3c688e1000-7f3c688e3000 r--s 00005000 00:1a 24917                      /home/vagrant/.m2/repository/org/apache/tiles/tiles-servlet/3.0.7/tiles-servlet-3.0.7.jar
7f3c688e3000-7f3c688e5000 r--s 00007000 00:1a 24914                      /home/vagrant/.m2/repository/org/apache/tiles/tiles-jsp/3.0.7/tiles-jsp-3.0.7.jar
7f3c688e5000-7f3c688ef000 r--s 0005c000 00:1a 24912                      /home/vagrant/.m2/repository/javax/servlet/jstl/1.2/jstl-1.2.jar
7f3c688ef000-7f3c688f1000 r--s 0000b000 00:1a 24909                      /home/vagrant/.m2/repository/javax/servlet/jsp/javax.servlet.jsp-api/2.3.1/javax.servlet.jsp-api-2.3.1.jar
7f3c688f1000-7f3c688f4000 r--s 00015000 00:1a 24907                      /home/vagrant/.m2/repository/javax/servlet/javax.servlet-api/3.1.0/javax.servlet-api-3.1.0.jar
7f3c688f4000-7f3c688f5000 r--s 00009000 00:1a 24905                      /home/vagrant/.m2/repository/org/slf4j/slf4j-api/1.7.20/slf4j-api-1.7.20.jar
7f3c688f5000-7f3c688ff000 r--s 00069000 00:1a 24903                      /home/vagrant/.m2/repository/ch/qos/logback/logback-core/1.1.7/logback-core-1.1.7.jar
7f3c688ff000-7f3c68906000 r--s 00044000 00:1a 24900                      /home/vagrant/.m2/repository/ch/qos/logback/logback-classic/1.1.7/logback-classic-1.1.7.jar
7f3c68906000-7f3c68916000 r--s 000a1000 00:1a 24898                      /home/vagrant/.m2/repository/org/hibernate/hibernate-validator/5.3.3.Final/hibernate-validator-5.3.3.Final.jar
7f3c68916000-7f3c6891a000 r--s 0000c000 00:1a 24896                      /home/vagrant/.m2/repository/javax/validation/validation-api/1.1.0.Final/validation-api-1.1.0.Final.jar
7f3c6891a000-7f3c6891b000 r--s 00000000 00:1a 24892                      /home/vagrant/.m2/repository/javax/inject/javax.inject/1/javax.inject-1.jar
7f3c6891b000-7f3c6891c000 r--s 00001000 00:1a 24888                      /home/vagrant/.m2/repository/javax/annotation/jsr250-api/1.0/jsr250-api-1.0.jar
7f3c6891c000-7f3c6891d000 r--s 00001000 00:1a 24884                      /home/vagrant/.m2/repository/org/jboss/spec/javax/interceptor/jboss-interceptors-api_1.1_spec/1.0.0.Beta1/jboss-interceptors-api_1.1_spec-1.0.0.Beta1.jar
7f3c6891d000-7f3c6891f000 r--s 00007000 00:1a 24882                      /home/vagrant/.m2/repository/javax/el/el-api/2.2/el-api-2.2.jar
7f3c6891f000-7f3c68923000 r--s 0000e000 00:1a 24880                      /home/vagrant/.m2/repository/javax/enterprise/cdi-api/1.1/cdi-api-1.1.jar
7f3c68923000-7f3c68926000 r--s 00010000 00:1a 24876                      /home/vagrant/.m2/repository/org/hibernate/common/hibernate-commons-annotations/5.0.1.Final/hibernate-commons-annotations-5.0.1.Final.jar
7f3c68926000-7f3c6892b000 r--s 00048000 00:1a 24872                      /home/vagrant/.m2/repository/dom4j/dom4j/1.6.1/dom4j-1.6.1.jar
7f3c6892b000-7f3c6892d000 r--s 0000e000 00:1a 24868                      /home/vagrant/.m2/repository/com/fasterxml/classmate/1.3.0/classmate-1.3.0.jar
7f3c6892d000-7f3c68930000 r--s 0002b000 00:1a 24866                      /home/vagrant/.m2/repository/org/jboss/jandex/2.0.3.Final/jandex-2.0.3.Final.jar
7f3c68930000-7f3c68931000 r--s 00003000 00:1a 24864                      /home/vagrant/.m2/repository/org/apache/geronimo/specs/geronimo-jta_1.1_spec/1.1.1/geronimo-jta_1.1_spec-1.1.1.jar
7f3c68931000-7f3c68936000 r--s 00068000 00:1a 24862                      /home/vagrant/.m2/repository/antlr/antlr/2.7.7/antlr-2.7.7.jar
7f3c68936000-7f3c68940000 r--s 000ae000 00:1a 24858                      /home/vagrant/.m2/repository/org/javassist/javassist/3.20.0-GA/javassist-3.20.0-GA.jar
7f3c68940000-7f3c68945000 r--s 00017000 00:1a 24854                      /home/vagrant/.m2/repository/org/hibernate/javax/persistence/hibernate-jpa-2.1-api/1.0.0.Final/hibernate-jpa-2.1-api-1.0.0.Final.jar
7f3c68945000-7f3c68947000 r--s 0000f000 00:1a 24849                      /home/vagrant/.m2/repository/org/jboss/logging/jboss-logging/3.3.0.Final/jboss-logging-3.3.0.Final.jar
7f3c68947000-7f3c689c2000 r--s 005c3000 00:1a 24847                      /home/vagrant/.m2/repository/org/hibernate/hibernate-core/5.2.5.Final/hibernate-core-5.2.5.Final.jar
7f3c689c2000-7f3c689c5000 r--s 00012000 00:1a 24844                      /home/vagrant/.m2/repository/org/springframework/security/spring-security-acl/4.2.0.RELEASE/spring-security-acl-4.2.0.RELEASE.jar
7f3c689c5000-7f3c689cf000 r--s 00086000 00:1a 24838                      /home/vagrant/.m2/repository/org/springframework/security/spring-security-config/4.2.0.RELEASE/spring-security-config-4.2.0.RELEASE.jar
7f3c689cf000-7f3c689db000 r--s 00055000 00:1a 24835                      /home/vagrant/.m2/repository/org/springframework/security/spring-security-core/4.2.0.RELEASE/spring-security-core-4.2.0.RELEASE.jar
7f3c689db000-7f3c689e6000 r--s 00053000 00:1a 24828                      /home/vagrant/.m2/repository/org/springframework/security/spring-security-web/4.2.0.RELEASE/spring-security-web-4.2.0.RELEASE.jar
7f3c689e6000-7f3c689f0000 r--s 0005f000 00:1a 24821                      /home/vagrant/.m2/repository/org/springframework/spring-jdbc/4.3.4.RELEASE/spring-jdbc-4.3.4.RELEASE.jar
7f3c689f0000-7f3c689fa000 r--s 0006b000 00:1a 24818                      /home/vagrant/.m2/repository/org/springframework/spring-orm/4.3.4.RELEASE/spring-orm-4.3.4.RELEASE.jar
7f3c689fa000-7f3c689fd000 ---p 00000000 00:00 0 
7f3c689fd000-7f3c68afb000 rw-p 00000000 00:00 0                          [stack:12502]
7f3c68afb000-7f3c68afe000 ---p 00000000 00:00 0 
7f3c68afe000-7f3c68bfc000 rw-p 00000000 00:00 0                          [stack:12501]
7f3c68bfc000-7f3c68bfd000 ---p 00000000 00:00 0 
7f3c68bfd000-7f3c68cfd000 rw-p 00000000 00:00 0                          [stack:12500]
7f3c68cfd000-7f3c68d00000 ---p 00000000 00:00 0 
7f3c68d00000-7f3c68dfe000 rw-p 00000000 00:00 0                          [stack:12499]
7f3c68dfe000-7f3c68e01000 ---p 00000000 00:00 0 
7f3c68e01000-7f3c68eff000 rw-p 00000000 00:00 0                          [stack:12498]
7f3c68eff000-7f3c68f02000 ---p 00000000 00:00 0 
7f3c68f02000-7f3c69000000 rw-p 00000000 00:00 0                          [stack:12497]
7f3c69000000-7f3c692d0000 rwxp 00000000 00:00 0 
7f3c692e0000-7f3c78000000 ---p 00000000 00:00 0 
7f3c78000000-7f3c78932000 rw-p 00000000 00:00 0 
7f3c78932000-7f3c7c000000 ---p 00000000 00:00 0 
7f3c7c000000-7f3c7c001000 r--s 00004000 00:1a 24841                      /home/vagrant/.m2/repository/org/springframework/security/spring-security-taglibs/4.2.0.RELEASE/spring-security-taglibs-4.2.0.RELEASE.jar
7f3c7c001000-7f3c7c009000 r--s 0003a000 00:1a 24815                      /home/vagrant/.m2/repository/org/springframework/spring-tx/4.3.4.RELEASE/spring-tx-4.3.4.RELEASE.jar
7f3c7c009000-7f3c7c01b000 r--s 000ce000 00:1a 24809                      /home/vagrant/.m2/repository/org/springframework/spring-webmvc/4.3.4.RELEASE/spring-webmvc-4.3.4.RELEASE.jar
7f3c7c01b000-7f3c7c035000 r--s 000fc000 00:1a 24806                      /home/vagrant/.m2/repository/org/springframework/spring-context/4.3.4.RELEASE/spring-context-4.3.4.RELEASE.jar
7f3c7c035000-7f3c7c043000 r--s 000ac000 00:1a 24803                      /home/vagrant/.m2/repository/org/springframework/spring-beans/4.3.4.RELEASE/spring-beans-4.3.4.RELEASE.jar
7f3c7c043000-7f3c7c046000 ---p 00000000 00:00 0 
7f3c7c046000-7f3c7c144000 rw-p 00000000 00:00 0                          [stack:12496]
7f3c7c144000-7f3c7c2cd000 r--p 00000000 08:01 5037                       /usr/lib/locale/locale-archive
7f3c7c2cd000-7f3c7c2d0000 ---p 00000000 00:00 0 
7f3c7c2d0000-7f3c7c3ce000 rw-p 00000000 00:00 0                          [stack:12495]
7f3c7c3ce000-7f3c7c3d1000 ---p 00000000 00:00 0 
7f3c7c3d1000-7f3c7c4cf000 rw-p 00000000 00:00 0                          [stack:12494]
7f3c7c4cf000-7f3c7c4d0000 ---p 00000000 00:00 0 
7f3c7c4d0000-7f3c7c61f000 rw-p 00000000 00:00 0                          [stack:12493]
7f3c7c61f000-7f3c7c7f7000 r--s 03d2a000 08:01 405951                     /usr/lib/jvm/java-8-oracle/jre/lib/rt.jar
7f3c7c7f7000-7f3c7d0c8000 rw-p 00000000 00:00 0 
7f3c7d0c8000-7f3c7d0ce000 rw-p 00000000 00:00 0 
7f3c7d0ce000-7f3c7d11b000 ---p 00000000 00:00 0 
7f3c7d11b000-7f3c7d127000 rw-p 00000000 00:00 0 
7f3c7d127000-7f3c7d1c3000 ---p 00000000 00:00 0 
7f3c7d1c3000-7f3c7d1d0000 rw-p 00000000 00:00 0 
7f3c7d1d0000-7f3c7d584000 ---p 00000000 00:00 0 
7f3c7d584000-7f3c7d59e000 r-xp 00000000 08:01 525978                     /usr/lib/jvm/java-8-oracle/jre/lib/amd64/libzip.so
7f3c7d59e000-7f3c7d79e000 ---p 0001a000 08:01 525978                     /usr/lib/jvm/java-8-oracle/jre/lib/amd64/libzip.so
7f3c7d79e000-7f3c7d79f000 rw-p 0001a000 08:01 525978                     /usr/lib/jvm/java-8-oracle/jre/lib/amd64/libzip.so
7f3c7d79f000-7f3c7d7a9000 r-xp 00000000 08:01 2261                       /lib/x86_64-linux-gnu/libnss_files-2.19.so
7f3c7d7a9000-7f3c7d9a8000 ---p 0000a000 08:01 2261                       /lib/x86_64-linux-gnu/libnss_files-2.19.so
7f3c7d9a8000-7f3c7d9a9000 r--p 00009000 08:01 2261                       /lib/x86_64-linux-gnu/libnss_files-2.19.so
7f3c7d9a9000-7f3c7d9aa000 rw-p 0000a000 08:01 2261                       /lib/x86_64-linux-gnu/libnss_files-2.19.so
7f3c7d9aa000-7f3c7d9b5000 r-xp 00000000 08:01 2137                       /lib/x86_64-linux-gnu/libnss_nis-2.19.so
7f3c7d9b5000-7f3c7dbb4000 ---p 0000b000 08:01 2137                       /lib/x86_64-linux-gnu/libnss_nis-2.19.so
7f3c7dbb4000-7f3c7dbb5000 r--p 0000a000 08:01 2137                       /lib/x86_64-linux-gnu/libnss_nis-2.19.so
7f3c7dbb5000-7f3c7dbb6000 rw-p 0000b000 08:01 2137                       /lib/x86_64-linux-gnu/libnss_nis-2.19.so
7f3c7dbb6000-7f3c7dbcd000 r-xp 00000000 08:01 2193                       /lib/x86_64-linux-gnu/libnsl-2.19.so
7f3c7dbcd000-7f3c7ddcc000 ---p 00017000 08:01 2193                       /lib/x86_64-linux-gnu/libnsl-2.19.so
7f3c7ddcc000-7f3c7ddcd000 r--p 00016000 08:01 2193                       /lib/x86_64-linux-gnu/libnsl-2.19.so
7f3c7ddcd000-7f3c7ddce000 rw-p 00017000 08:01 2193                       /lib/x86_64-linux-gnu/libnsl-2.19.so
7f3c7ddce000-7f3c7ddd0000 rw-p 00000000 00:00 0 
7f3c7ddd0000-7f3c7ddd9000 r-xp 00000000 08:01 2142                       /lib/x86_64-linux-gnu/libnss_compat-2.19.so
7f3c7ddd9000-7f3c7dfd8000 ---p 00009000 08:01 2142                       /lib/x86_64-linux-gnu/libnss_compat-2.19.so
7f3c7dfd8000-7f3c7dfd9000 r--p 00008000 08:01 2142                       /lib/x86_64-linux-gnu/libnss_compat-2.19.so
7f3c7dfd9000-7f3c7dfda000 rw-p 00009000 08:01 2142                       /lib/x86_64-linux-gnu/libnss_compat-2.19.so
7f3c7dfda000-7f3c7e005000 r-xp 00000000 08:01 525982                     /usr/lib/jvm/java-8-oracle/jre/lib/amd64/libjava.so
7f3c7e005000-7f3c7e204000 ---p 0002b000 08:01 525982                     /usr/lib/jvm/java-8-oracle/jre/lib/amd64/libjava.so
7f3c7e204000-7f3c7e206000 rw-p 0002a000 08:01 525982                     /usr/lib/jvm/java-8-oracle/jre/lib/amd64/libjava.so
7f3c7e206000-7f3c7e213000 r-xp 00000000 08:01 525952                     /usr/lib/jvm/java-8-oracle/jre/lib/amd64/libverify.so
7f3c7e213000-7f3c7e412000 ---p 0000d000 08:01 525952                     /usr/lib/jvm/java-8-oracle/jre/lib/amd64/libverify.so
7f3c7e412000-7f3c7e414000 rw-p 0000c000 08:01 525952                     /usr/lib/jvm/java-8-oracle/jre/lib/amd64/libverify.so
7f3c7e414000-7f3c7e41b000 r-xp 00000000 08:01 2152                       /lib/x86_64-linux-gnu/librt-2.19.so
7f3c7e41b000-7f3c7e61a000 ---p 00007000 08:01 2152                       /lib/x86_64-linux-gnu/librt-2.19.so
7f3c7e61a000-7f3c7e61b000 r--p 00006000 08:01 2152                       /lib/x86_64-linux-gnu/librt-2.19.so
7f3c7e61b000-7f3c7e61c000 rw-p 00007000 08:01 2152                       /lib/x86_64-linux-gnu/librt-2.19.so
7f3c7e61c000-7f3c7e721000 r-xp 00000000 08:01 2130                       /lib/x86_64-linux-gnu/libm-2.19.so
7f3c7e721000-7f3c7e920000 ---p 00105000 08:01 2130                       /lib/x86_64-linux-gnu/libm-2.19.so
7f3c7e920000-7f3c7e921000 r--p 00104000 08:01 2130                       /lib/x86_64-linux-gnu/libm-2.19.so
7f3c7e921000-7f3c7e922000 rw-p 00105000 08:01 2130                       /lib/x86_64-linux-gnu/libm-2.19.so
7f3c7e922000-7f3c7f5ef000 r-xp 00000000 08:01 525973                     /usr/lib/jvm/java-8-oracle/jre/lib/amd64/server/libjvm.so
7f3c7f5ef000-7f3c7f7ee000 ---p 00ccd000 08:01 525973                     /usr/lib/jvm/java-8-oracle/jre/lib/amd64/server/libjvm.so
7f3c7f7ee000-7f3c7f8c7000 rw-p 00ccc000 08:01 525973                     /usr/lib/jvm/java-8-oracle/jre/lib/amd64/server/libjvm.so
7f3c7f8c7000-7f3c7f912000 rw-p 00000000 00:00 0 
7f3c7f912000-7f3c7facc000 r-xp 00000000 08:01 2258                       /lib/x86_64-linux-gnu/libc-2.19.so
7f3c7facc000-7f3c7fccc000 ---p 001ba000 08:01 2258                       /lib/x86_64-linux-gnu/libc-2.19.so
7f3c7fccc000-7f3c7fcd0000 r--p 001ba000 08:01 2258                       /lib/x86_64-linux-gnu/libc-2.19.so
7f3c7fcd0000-7f3c7fcd2000 rw-p 001be000 08:01 2258                       /lib/x86_64-linux-gnu/libc-2.19.so
7f3c7fcd2000-7f3c7fcd7000 rw-p 00000000 00:00 0 
7f3c7fcd7000-7f3c7fcda000 r-xp 00000000 08:01 2080                       /lib/x86_64-linux-gnu/libdl-2.19.so
7f3c7fcda000-7f3c7fed9000 ---p 00003000 08:01 2080                       /lib/x86_64-linux-gnu/libdl-2.19.so
7f3c7fed9000-7f3c7feda000 r--p 00002000 08:01 2080                       /lib/x86_64-linux-gnu/libdl-2.19.so
7f3c7feda000-7f3c7fedb000 rw-p 00003000 08:01 2080                       /lib/x86_64-linux-gnu/libdl-2.19.so
7f3c7fedb000-7f3c7fef0000 r-xp 00000000 08:01 526003                     /usr/lib/jvm/java-8-oracle/jre/lib/amd64/jli/libjli.so
7f3c7fef0000-7f3c800f0000 ---p 00015000 08:01 526003                     /usr/lib/jvm/java-8-oracle/jre/lib/amd64/jli/libjli.so
7f3c800f0000-7f3c800f1000 rw-p 00015000 08:01 526003                     /usr/lib/jvm/java-8-oracle/jre/lib/amd64/jli/libjli.so
7f3c800f1000-7f3c8010a000 r-xp 00000000 08:01 2072                       /lib/x86_64-linux-gnu/libpthread-2.19.so
7f3c8010a000-7f3c80309000 ---p 00019000 08:01 2072                       /lib/x86_64-linux-gnu/libpthread-2.19.so
7f3c80309000-7f3c8030a000 r--p 00018000 08:01 2072                       /lib/x86_64-linux-gnu/libpthread-2.19.so
7f3c8030a000-7f3c8030b000 rw-p 00019000 08:01 2072                       /lib/x86_64-linux-gnu/libpthread-2.19.so
7f3c8030b000-7f3c8030f000 rw-p 00000000 00:00 0 
7f3c8030f000-7f3c80332000 r-xp 00000000 08:01 2277                       /lib/x86_64-linux-gnu/ld-2.19.so
7f3c80332000-7f3c80337000 r--s 00029000 00:1a 24824                      /home/vagrant/.m2/repository/org/springframework/spring-context-support/4.3.4.RELEASE/spring-context-support-4.3.4.RELEASE.jar
7f3c80337000-7f3c8033c000 r--s 0003c000 00:1a 24812                      /home/vagrant/.m2/repository/org/springframework/spring-expression/4.3.4.RELEASE/spring-expression-4.3.4.RELEASE.jar
7f3c8033c000-7f3c80345000 r--s 00054000 00:1a 24800                      /home/vagrant/.m2/repository/org/springframework/spring-aop/4.3.4.RELEASE/spring-aop-4.3.4.RELEASE.jar
7f3c80345000-7f3c80356000 r--s 000b6000 00:1a 24797                      /home/vagrant/.m2/repository/org/springframework/spring-web/4.3.4.RELEASE/spring-web-4.3.4.RELEASE.jar
7f3c80356000-7f3c8036c000 r--s 000fa000 00:1a 24792                      /home/vagrant/.m2/repository/org/springframework/spring-core/4.3.4.RELEASE/spring-core-4.3.4.RELEASE.jar
7f3c8036c000-7f3c80371000 r--s 0002b000 00:1a 1355                       /home/vagrant/.m2/repository/org/apache/maven/surefire/surefire-api/2.19.1/surefire-api-2.19.1.jar
7f3c80371000-7f3c8037c000 rw-p 00000000 00:00 0 
7f3c8037c000-7f3c80419000 ---p 00000000 00:00 0 
7f3c80419000-7f3c80421000 rw-s 00000000 08:01 270096                     /tmp/hsperfdata_vagrant/12488
7f3c80421000-7f3c80424000 ---p 00000000 00:00 0 
7f3c80424000-7f3c80526000 rw-p 00000000 00:00 0                          [stack:12492]
7f3c80526000-7f3c80528000 r--s 00000000 00:1a 24832                      /home/vagrant/.m2/repository/aopalliance/aopalliance/1.0/aopalliance-1.0.jar
7f3c80528000-7f3c8052a000 r--s 0000e000 00:1a 24794                      /home/vagrant/.m2/repository/commons-logging/commons-logging/1.2/commons-logging-1.2.jar
7f3c8052a000-7f3c8052c000 r--s 0000a000 00:1a 1333                       /home/vagrant/.m2/repository/org/apache/maven/surefire/surefire-booter/2.19.1/surefire-booter-2.19.1.jar
7f3c8052c000-7f3c8052d000 r--s 00003000 00:23 24788                      /home/vagrant/github/casa_das_quentinhas/casa_das_quentinhas-web/target/surefire/surefirebooter1332549270610135490.jar
7f3c8052d000-7f3c8052e000 rw-p 00000000 00:00 0 
7f3c8052e000-7f3c8052f000 r--p 00000000 00:00 0 
7f3c8052f000-7f3c80531000 rw-p 00000000 00:00 0 
7f3c80531000-7f3c80532000 r--p 00022000 08:01 2277                       /lib/x86_64-linux-gnu/ld-2.19.so
7f3c80532000-7f3c80533000 rw-p 00023000 08:01 2277                       /lib/x86_64-linux-gnu/ld-2.19.so
7f3c80533000-7f3c80534000 rw-p 00000000 00:00 0 
7fff790b4000-7fff790d5000 rw-p 00000000 00:00 0                          [stack]
7fff79110000-7fff79112000 r-xp 00000000 00:00 0                          [vdso]
ffffffffff600000-ffffffffff601000 r-xp 00000000 00:00 0                  [vsyscall]

VM Arguments:
java_command: /home/vagrant/github/casa_das_quentinhas/casa_das_quentinhas-web/target/surefire/surefirebooter1332549270610135490.jar /home/vagrant/github/casa_das_quentinhas/casa_das_quentinhas-web/target/surefire/surefire8797170211575600950tmp /home/vagrant/github/casa_das_quentinhas/casa_das_quentinhas-web/target/surefire/surefire_0504687535931051658tmp
java_class_path (initial): /home/vagrant/github/casa_das_quentinhas/casa_das_quentinhas-web/target/surefire/surefirebooter1332549270610135490.jar
Launcher Type: SUN_STANDARD

Environment Variables:
JAVA_HOME=/usr/lib/jvm/java-8-oracle
PATH=/usr/local/heroku/bin:/usr/local/sbin:/usr/local/bin:/usr/sbin:/usr/bin:/sbin:/bin:/usr/games:/usr/local/games:/usr/lib/jvm/java-8-oracle/bin:/usr/lib/jvm/java-8-oracle/db/bin:/usr/lib/jvm/java-8-oracle/jre/bin:/home/vagrant/apache-maven/bin:/home/vagrant/gradle/bin:/home/vagrant/spring-roo/bin
SHELL=/bin/bash

Signal Handlers:
SIGSEGV: [libjvm.so+0xac64b0], sa_mask[0]=11111111011111111101111111111110, sa_flags=SA_RESTART|SA_SIGINFO
SIGBUS: [libjvm.so+0xac64b0], sa_mask[0]=11111111011111111101111111111110, sa_flags=SA_RESTART|SA_SIGINFO
SIGFPE: [libjvm.so+0x91f950], sa_mask[0]=11111111011111111101111111111110, sa_flags=SA_RESTART|SA_SIGINFO
SIGPIPE: [libjvm.so+0x91f950], sa_mask[0]=11111111011111111101111111111110, sa_flags=SA_RESTART|SA_SIGINFO
SIGXFSZ: [libjvm.so+0x91f950], sa_mask[0]=11111111011111111101111111111110, sa_flags=SA_RESTART|SA_SIGINFO
SIGILL: [libjvm.so+0x91f950], sa_mask[0]=11111111011111111101111111111110, sa_flags=SA_RESTART|SA_SIGINFO
SIGUSR1: SIG_DFL, sa_mask[0]=00000000000000000000000000000000, sa_flags=none
SIGUSR2: [libjvm.so+0x920f80], sa_mask[0]=00100000000000000000000000000000, sa_flags=SA_RESTART|SA_SIGINFO
SIGHUP: [libjvm.so+0x922380], sa_mask[0]=11111111011111111101111111111110, sa_flags=SA_RESTART|SA_SIGINFO
SIGINT: [libjvm.so+0x922380], sa_mask[0]=11111111011111111101111111111110, sa_flags=SA_RESTART|SA_SIGINFO
SIGTERM: [libjvm.so+0x922380], sa_mask[0]=11111111011111111101111111111110, sa_flags=SA_RESTART|SA_SIGINFO
SIGQUIT: [libjvm.so+0x922380], sa_mask[0]=11111111011111111101111111111110, sa_flags=SA_RESTART|SA_SIGINFO


---------------  S Y S T E M  ---------------

OS:DISTRIB_ID=Ubuntu
DISTRIB_RELEASE=14.04
DISTRIB_CODENAME=trusty
DISTRIB_DESCRIPTION="Ubuntu 14.04.5 LTS"

uname:Linux 3.13.0-101-generic #148-Ubuntu SMP Thu Oct 20 22:08:32 UTC 2016 x86_64
libc:glibc 2.19 NPTL 2.19 
rlimit: STACK 8192k, CORE 0k, NPROC 15937, NOFILE 4096, AS infinity
load average:0.93 0.32 0.33

/proc/meminfo:
MemTotal:        2049972 kB
MemFree:           58188 kB
Buffers:             240 kB
Cached:            20044 kB
SwapCached:            0 kB
Active:          1830112 kB
Inactive:          16252 kB
Active(anon):    1829152 kB
Inactive(anon):    11436 kB
Active(file):        960 kB
Inactive(file):     4816 kB
Unevictable:           0 kB
Mlocked:               0 kB
SwapTotal:             0 kB
SwapFree:              0 kB
Dirty:                 4 kB
Writeback:             0 kB
AnonPages:       1826148 kB
Mapped:           101228 kB
Shmem:             14444 kB
Slab:              24776 kB
SReclaimable:      12712 kB
SUnreclaim:        12064 kB
KernelStack:        2136 kB
PageTables:        11708 kB
NFS_Unstable:          0 kB
Bounce:                0 kB
WritebackTmp:          0 kB
CommitLimit:     1024984 kB
Committed_AS:    2169384 kB
VmallocTotal:   34359738367 kB
VmallocUsed:       26568 kB
VmallocChunk:   34359706616 kB
HardwareCorrupted:     0 kB
AnonHugePages:   1114112 kB
HugePages_Total:       0
HugePages_Free:        0
HugePages_Rsvd:        0
HugePages_Surp:        0
Hugepagesize:       2048 kB
DirectMap4k:       32704 kB
DirectMap2M:     2064384 kB


CPU:total 1 (1 cores per cpu, 1 threads per core) family 6 model 42 stepping 7, cmov, cx8, fxsr, mmx, sse, sse2, sse3, ssse3, sse4.1, sse4.2, popcnt, avx, aes, clmul, tsc, tscinvbit

/proc/cpuinfo:
processor	: 0
vendor_id	: GenuineIntel
cpu family	: 6
model		: 42
model name	: Intel(R) Core(TM) i7-2600 CPU @ 3.40GHz
stepping	: 7
cpu MHz		: 3392.260
cache size	: 8192 KB
physical id	: 0
siblings	: 1
core id		: 0
cpu cores	: 1
apicid		: 0
initial apicid	: 0
fpu		: yes
fpu_exception	: yes
cpuid level	: 13
wp		: yes
flags		: fpu vme de pse tsc msr pae mce cx8 apic sep mtrr pge mca cmov pat pse36 clflush mmx fxsr sse sse2 syscall nx rdtscp lm constant_tsc rep_good nopl xtopology nonstop_tsc pni pclmulqdq monitor ssse3 cx16 sse4_1 sse4_2 popcnt aes xsave avx lahf_lm
bogomips	: 6784.52
clflush size	: 64
cache_alignment	: 64
address sizes	: 36 bits physical, 48 bits virtual
power management:



Memory: 4k page, physical 2049972k(58188k free), swap 0k(0k free)

vm_info: Java HotSpot(TM) 64-Bit Server VM (25.111-b14) for linux-amd64 JRE (1.8.0_111-b14), built on Sep 22 2016 16:14:03 by "java_re" with gcc 4.3.0 20080428 (Red Hat 4.3.0-8)

time: Fri Jan 20 13:49:12 2017
elapsed time: 7 seconds (0d 0h 0m 7s)

