#
# There is insufficient memory for the Java Runtime Environment to continue.
# Native memory allocation (mmap) failed to map 262144 bytes for committing reserved memory.
# Possible reasons:
#   The system is out of physical RAM or swap space
#   In 32 bit mode, the process size limit was hit
# Possible solutions:
#   Reduce memory load on the system
#   Increase physical memory or swap space
#   Check if swap backing store is full
#   Use 64 bit Java on a 64 bit OS
#   Decrease Java heap size (-Xmx/-Xms)
#   Decrease number of Java threads
#   Decrease Java thread stack sizes (-Xss)
#   Set larger code cache with -XX:ReservedCodeCacheSize=
# This output file may be truncated or incomplete.
#
#  Out of Memory Error (os_linux.cpp:2627), pid=8297, tid=0x00007f10cd0ad700
#
# JRE version: Java(TM) SE Runtime Environment (8.0_111-b14) (build 1.8.0_111-b14)
# Java VM: Java HotSpot(TM) 64-Bit Server VM (25.111-b14 mixed mode linux-amd64 compressed oops)
# Failed to write core dump. Core dumps have been disabled. To enable core dumping, try "ulimit -c unlimited" before starting Java again
#

---------------  T H R E A D  ---------------

Current thread (0x00007f10c400a000):  JavaThread "main" [_thread_in_vm, id=8301, stack(0x00007f10ccfad000,0x00007f10cd0ae000)]

Stack: [0x00007f10ccfad000,0x00007f10cd0ae000],  sp=0x00007f10cd0a66c0,  free space=997k
Native frames: (J=compiled Java code, j=interpreted, Vv=VM code, C=native code)
V  [libjvm.so+0xac5c2a]  VMError::report_and_die()+0x2ba
V  [libjvm.so+0x4fc50b]  report_vm_out_of_memory(char const*, int, unsigned long, VMErrorType, char const*)+0x8b
V  [libjvm.so+0x922ae3]  os::Linux::commit_memory_impl(char*, unsigned long, bool)+0x103
V  [libjvm.so+0x923039]  os::pd_commit_memory(char*, unsigned long, unsigned long, bool)+0x29
V  [libjvm.so+0x91d33a]  os::commit_memory(char*, unsigned long, unsigned long, bool)+0x2a
V  [libjvm.so+0xac1989]  VirtualSpace::expand_by(unsigned long, bool)+0x199
V  [libjvm.so+0x8a1786]  VirtualSpaceList::expand_node_by(VirtualSpaceNode*, unsigned long, unsigned long)+0x76
V  [libjvm.so+0x8a45a0]  VirtualSpaceList::expand_by(unsigned long, unsigned long)+0xf0
V  [libjvm.so+0x8a4733]  VirtualSpaceList::get_new_chunk(unsigned long, unsigned long, unsigned long)+0xb3
V  [libjvm.so+0x8a6282]  SpaceManager::grow_and_allocate(unsigned long)+0x2d2
V  [libjvm.so+0x8a648b]  SpaceManager::allocate_work(unsigned long)+0x14b
V  [libjvm.so+0x8a651c]  SpaceManager::allocate(unsigned long)+0x7c
V  [libjvm.so+0x8a676e]  Metaspace::allocate(ClassLoaderData*, unsigned long, bool, MetaspaceObj::Type, Thread*)+0x17e
V  [libjvm.so+0x4f19d5]  ConstantPool::allocate(ClassLoaderData*, int, Thread*)+0x135
V  [libjvm.so+0x45c837]  ClassFileParser::parse_constant_pool(Thread*)+0x387
V  [libjvm.so+0x46032b]  ClassFileParser::parseClassFile(Symbol*, ClassLoaderData*, Handle, KlassHandle, GrowableArray<Handle>*, TempNewSymbol&, bool, Thread*)+0x6bb
V  [libjvm.so+0x4658cb]  ClassLoader::load_classfile(Symbol*, Thread*)+0x3fb
V  [libjvm.so+0xa3b4a0]  SystemDictionary::load_instance_class(Symbol*, Handle, Thread*)+0x380
V  [libjvm.so+0xa3a45c]  SystemDictionary::resolve_instance_class_or_null(Symbol*, Handle, Handle, Thread*)+0x7cc
V  [libjvm.so+0xa3b933]  SystemDictionary::resolve_or_fail(Symbol*, Handle, Handle, bool, Thread*)+0x33
V  [libjvm.so+0x4f3448]  ConstantPool::klass_at_impl(constantPoolHandle, int, Thread*)+0x158
V  [libjvm.so+0x684761]  InterpreterRuntime::_new(JavaThread*, ConstantPool*, int)+0x71
j  sun.security.x509.GeneralNames.<init>(Lsun/security/util/DerValue;)V+61
j  sun.security.x509.SubjectAlternativeNameExtension.<init>(Ljava/lang/Boolean;Ljava/lang/Object;)V+72
v  ~StubRoutines::call_stub
V  [libjvm.so+0x690206]  JavaCalls::call_helper(JavaValue*, methodHandle*, JavaCallArguments*, Thread*)+0x1056
V  [libjvm.so+0x99af17]  Reflection::invoke(instanceKlassHandle, methodHandle, Handle, bool, objArrayHandle, BasicType, objArrayHandle, bool, Thread*)+0x5d7
V  [libjvm.so+0x99bb93]  Reflection::invoke_constructor(oopDesc*, objArrayHandle, Thread*)+0x313
V  [libjvm.so+0x71ae7a]  JVM_NewInstanceFromConstructor+0x10a
j  sun.reflect.NativeConstructorAccessorImpl.newInstance0(Ljava/lang/reflect/Constructor;[Ljava/lang/Object;)Ljava/lang/Object;+0
j  sun.reflect.NativeConstructorAccessorImpl.newInstance([Ljava/lang/Object;)Ljava/lang/Object;+85
j  sun.reflect.DelegatingConstructorAccessorImpl.newInstance([Ljava/lang/Object;)Ljava/lang/Object;+5
j  java.lang.reflect.Constructor.newInstance([Ljava/lang/Object;)Ljava/lang/Object;+79
j  sun.security.x509.CertificateExtensions.parseExtension(Lsun/security/x509/Extension;)V+89
j  sun.security.x509.CertificateExtensions.init(Lsun/security/util/DerInputStream;)V+29
j  sun.security.x509.CertificateExtensions.<init>(Lsun/security/util/DerInputStream;)V+25
j  sun.security.x509.X509CertInfo.parse(Lsun/security/util/DerValue;)V+330
j  sun.security.x509.X509CertInfo.<init>(Lsun/security/util/DerValue;)V+67
j  sun.security.x509.X509CertImpl.parse(Lsun/security/util/DerValue;)V+227
j  sun.security.x509.X509CertImpl.<init>([B)V+50
j  sun.security.provider.X509Factory.engineGenerateCertificate(Ljava/io/InputStream;)Ljava/security/cert/Certificate;+54
j  java.security.cert.CertificateFactory.generateCertificate(Ljava/io/InputStream;)Ljava/security/cert/Certificate;+5
j  sun.security.pkcs.PKCS7.parseSignedData(Lsun/security/util/DerValue;)V+264
j  sun.security.pkcs.PKCS7.parse(Lsun/security/util/DerInputStream;Z)V+47
j  sun.security.pkcs.PKCS7.parse(Lsun/security/util/DerInputStream;)V+11
j  sun.security.pkcs.PKCS7.<init>([B)V+50
j  sun.security.util.SignatureFileVerifier.<init>(Ljava/util/ArrayList;Lsun/security/util/ManifestDigester;Ljava/lang/String;[B)V+29
j  java.util.jar.JarVerifier.processEntry(Lsun/security/util/ManifestEntryVerifier;)V+311
j  java.util.jar.JarVerifier.update(I[BIILsun/security/util/ManifestEntryVerifier;)V+39
j  java.util.jar.JarFile.initializeVerifier()V+143
J 498 C1 java.util.jar.JarFile.getInputStream(Ljava/util/zip/ZipEntry;)Ljava/io/InputStream; (89 bytes) @ 0x00007f10b527004c [0x00007f10b526fe60+0x1ec]
J 507 C1 sun.misc.URLClassPath$JarLoader$2.getInputStream()Ljava/io/InputStream; (15 bytes) @ 0x00007f10b5271194 [0x00007f10b5271080+0x114]
J 496 C1 java.net.URLClassLoader.defineClass(Ljava/lang/String;Lsun/misc/Resource;)Ljava/lang/Class; (142 bytes) @ 0x00007f10b526cf13 [0x00007f10b526c7c0+0x753]
J 407 C1 java.net.URLClassLoader$1.run()Ljava/lang/Class; (63 bytes) @ 0x00007f10b5222401 [0x00007f10b5222160+0x2a1]
J 352 C1 java.net.URLClassLoader$1.run()Ljava/lang/Object; (5 bytes) @ 0x00007f10b51fc449 [0x00007f10b51fc3c0+0x89]
v  ~StubRoutines::call_stub
V  [libjvm.so+0x690206]  JavaCalls::call_helper(JavaValue*, methodHandle*, JavaCallArguments*, Thread*)+0x1056
V  [libjvm.so+0x728e4c]  JVM_DoPrivileged+0x27c
J 351  java.security.AccessController.doPrivileged(Ljava/security/PrivilegedExceptionAction;Ljava/security/AccessControlContext;)Ljava/lang/Object; (0 bytes) @ 0x00007f10b51fc815 [0x00007f10b51fc740+0xd5]
J 311 C1 java.net.URLClassLoader.findClass(Ljava/lang/String;)Ljava/lang/Class; (47 bytes) @ 0x00007f10b51cfdc3 [0x00007f10b51cfc40+0x183]
J 261 C1 java.lang.ClassLoader.loadClass(Ljava/lang/String;Z)Ljava/lang/Class; (122 bytes) @ 0x00007f10b51a4ccb [0x00007f10b51a4380+0x94b]
J 261 C1 java.lang.ClassLoader.loadClass(Ljava/lang/String;Z)Ljava/lang/Class; (122 bytes) @ 0x00007f10b51a4a76 [0x00007f10b51a4380+0x6f6]
J 330 C1 sun.misc.Launcher$AppClassLoader.loadClass(Ljava/lang/String;Z)Ljava/lang/Class; (85 bytes) @ 0x00007f10b51ef837 [0x00007f10b51eeec0+0x977]
J 329 C1 java.lang.ClassLoader.loadClass(Ljava/lang/String;)Ljava/lang/Class; (7 bytes) @ 0x00007f10b51d9b42 [0x00007f10b51d9a40+0x102]
j  sun.security.jca.ProviderConfig$2.run()Ljava/security/Provider;+50
j  sun.security.jca.ProviderConfig$2.run()Ljava/lang/Object;+1
v  ~StubRoutines::call_stub
V  [libjvm.so+0x690206]  JavaCalls::call_helper(JavaValue*, methodHandle*, JavaCallArguments*, Thread*)+0x1056
V  [libjvm.so+0x728e4c]  JVM_DoPrivileged+0x27c
j  java.security.AccessController.doPrivileged(Ljava/security/PrivilegedAction;)Ljava/lang/Object;+0
j  sun.security.jca.ProviderConfig.doLoadProvider()Ljava/security/Provider;+8
j  sun.security.jca.ProviderConfig.getProvider()Ljava/security/Provider;+88
j  sun.security.jca.ProviderList.getProvider(I)Ljava/security/Provider;+6
j  sun.security.jca.ProviderList.getService(Ljava/lang/String;Ljava/lang/String;)Ljava/security/Provider$Service;+13
j  sun.security.jca.GetInstance.getInstance(Ljava/lang/String;Ljava/lang/Class;Ljava/lang/String;)Lsun/security/jca/GetInstance$Instance;+7
j  javax.net.ssl.SSLContext.getInstance(Ljava/lang/String;)Ljavax/net/ssl/SSLContext;+5
j  org.apache.http.ssl.SSLContexts.createDefault()Ljavax/net/ssl/SSLContext;+2
j  org.apache.http.conn.ssl.SSLConnectionSocketFactory.getSocketFactory()Lorg/apache/http/conn/ssl/SSLConnectionSocketFactory;+4
j  org.openqa.selenium.remote.internal.HttpClientFactory.getClientConnectionManager()Lorg/apache/http/conn/HttpClientConnectionManager;+13
j  org.openqa.selenium.remote.internal.HttpClientFactory.<init>(II)V+5
j  org.openqa.selenium.remote.internal.HttpClientFactory.<init>()V+7
j  org.openqa.selenium.remote.internal.ApacheHttpClient$Factory.getDefaultHttpClientFactory()Lorg/openqa/selenium/remote/internal/HttpClientFactory;+10
j  org.openqa.selenium.remote.internal.ApacheHttpClient$Factory.<init>()V+1
j  org.openqa.selenium.remote.HttpCommandExecutor.getDefaultClientFactory()Lorg/openqa/selenium/remote/http/HttpClient$Factory;+10
j  org.openqa.selenium.remote.HttpCommandExecutor.<init>(Ljava/util/Map;Ljava/net/URL;)V+3
j  org.openqa.selenium.phantomjs.PhantomJSCommandExecutor.<init>(Lorg/openqa/selenium/phantomjs/PhantomJSDriverService;)V+8
j  org.openqa.selenium.phantomjs.PhantomJSDriver.<init>(Lorg/openqa/selenium/phantomjs/PhantomJSDriverService;Lorg/openqa/selenium/Capabilities;)V+6
j  org.openqa.selenium.phantomjs.PhantomJSDriver.<init>(Lorg/openqa/selenium/Capabilities;)V+6
j  org.openqa.selenium.phantomjs.PhantomJSDriver.<init>()V+4
j  br.com.cams7.casa_das_quentinhas.SampleTest.setDriverAndUrl()V+32
j  br.com.cams7.casa_das_quentinhas.SampleTest.setUp()V+1
v  ~StubRoutines::call_stub
V  [libjvm.so+0x690206]  JavaCalls::call_helper(JavaValue*, methodHandle*, JavaCallArguments*, Thread*)+0x1056
V  [libjvm.so+0x99af17]  Reflection::invoke(instanceKlassHandle, methodHandle, Handle, bool, objArrayHandle, BasicType, objArrayHandle, bool, Thread*)+0x5d7
V  [libjvm.so+0x99e627]  Reflection::invoke_method(oopDesc*, Handle, objArrayHandle, Thread*)+0x147
V  [libjvm.so+0x71b2ab]  JVM_InvokeMethod+0x26b
j  sun.reflect.NativeMethodAccessorImpl.invoke0(Ljava/lang/reflect/Method;Ljava/lang/Object;[Ljava/lang/Object;)Ljava/lang/Object;+0
j  sun.reflect.NativeMethodAccessorImpl.invoke(Ljava/lang/Object;[Ljava/lang/Object;)Ljava/lang/Object;+100
j  sun.reflect.DelegatingMethodAccessorImpl.invoke(Ljava/lang/Object;[Ljava/lang/Object;)Ljava/lang/Object;+6
j  java.lang.reflect.Method.invoke(Ljava/lang/Object;[Ljava/lang/Object;)Ljava/lang/Object;+56
...<more frames>...

Java frames: (J=compiled Java code, j=interpreted, Vv=VM code)
j  sun.security.x509.GeneralNames.<init>(Lsun/security/util/DerValue;)V+61
j  sun.security.x509.SubjectAlternativeNameExtension.<init>(Ljava/lang/Boolean;Ljava/lang/Object;)V+72
v  ~StubRoutines::call_stub
j  sun.reflect.NativeConstructorAccessorImpl.newInstance0(Ljava/lang/reflect/Constructor;[Ljava/lang/Object;)Ljava/lang/Object;+0
j  sun.reflect.NativeConstructorAccessorImpl.newInstance([Ljava/lang/Object;)Ljava/lang/Object;+85
j  sun.reflect.DelegatingConstructorAccessorImpl.newInstance([Ljava/lang/Object;)Ljava/lang/Object;+5
j  java.lang.reflect.Constructor.newInstance([Ljava/lang/Object;)Ljava/lang/Object;+79
j  sun.security.x509.CertificateExtensions.parseExtension(Lsun/security/x509/Extension;)V+89
j  sun.security.x509.CertificateExtensions.init(Lsun/security/util/DerInputStream;)V+29
j  sun.security.x509.CertificateExtensions.<init>(Lsun/security/util/DerInputStream;)V+25
j  sun.security.x509.X509CertInfo.parse(Lsun/security/util/DerValue;)V+330
j  sun.security.x509.X509CertInfo.<init>(Lsun/security/util/DerValue;)V+67
j  sun.security.x509.X509CertImpl.parse(Lsun/security/util/DerValue;)V+227
j  sun.security.x509.X509CertImpl.<init>([B)V+50
j  sun.security.provider.X509Factory.engineGenerateCertificate(Ljava/io/InputStream;)Ljava/security/cert/Certificate;+54
j  java.security.cert.CertificateFactory.generateCertificate(Ljava/io/InputStream;)Ljava/security/cert/Certificate;+5
j  sun.security.pkcs.PKCS7.parseSignedData(Lsun/security/util/DerValue;)V+264
j  sun.security.pkcs.PKCS7.parse(Lsun/security/util/DerInputStream;Z)V+47
j  sun.security.pkcs.PKCS7.parse(Lsun/security/util/DerInputStream;)V+11
j  sun.security.pkcs.PKCS7.<init>([B)V+50
j  sun.security.util.SignatureFileVerifier.<init>(Ljava/util/ArrayList;Lsun/security/util/ManifestDigester;Ljava/lang/String;[B)V+29
j  java.util.jar.JarVerifier.processEntry(Lsun/security/util/ManifestEntryVerifier;)V+311
j  java.util.jar.JarVerifier.update(I[BIILsun/security/util/ManifestEntryVerifier;)V+39
j  java.util.jar.JarFile.initializeVerifier()V+143
J 498 C1 java.util.jar.JarFile.getInputStream(Ljava/util/zip/ZipEntry;)Ljava/io/InputStream; (89 bytes) @ 0x00007f10b527004c [0x00007f10b526fe60+0x1ec]
J 507 C1 sun.misc.URLClassPath$JarLoader$2.getInputStream()Ljava/io/InputStream; (15 bytes) @ 0x00007f10b5271194 [0x00007f10b5271080+0x114]
J 496 C1 java.net.URLClassLoader.defineClass(Ljava/lang/String;Lsun/misc/Resource;)Ljava/lang/Class; (142 bytes) @ 0x00007f10b526cf13 [0x00007f10b526c7c0+0x753]
J 407 C1 java.net.URLClassLoader$1.run()Ljava/lang/Class; (63 bytes) @ 0x00007f10b5222401 [0x00007f10b5222160+0x2a1]
J 352 C1 java.net.URLClassLoader$1.run()Ljava/lang/Object; (5 bytes) @ 0x00007f10b51fc449 [0x00007f10b51fc3c0+0x89]
v  ~StubRoutines::call_stub
J 351  java.security.AccessController.doPrivileged(Ljava/security/PrivilegedExceptionAction;Ljava/security/AccessControlContext;)Ljava/lang/Object; (0 bytes) @ 0x00007f10b51fc7a3 [0x00007f10b51fc740+0x63]
J 311 C1 java.net.URLClassLoader.findClass(Ljava/lang/String;)Ljava/lang/Class; (47 bytes) @ 0x00007f10b51cfdc3 [0x00007f10b51cfc40+0x183]
J 261 C1 java.lang.ClassLoader.loadClass(Ljava/lang/String;Z)Ljava/lang/Class; (122 bytes) @ 0x00007f10b51a4ccb [0x00007f10b51a4380+0x94b]
J 261 C1 java.lang.ClassLoader.loadClass(Ljava/lang/String;Z)Ljava/lang/Class; (122 bytes) @ 0x00007f10b51a4a76 [0x00007f10b51a4380+0x6f6]
J 330 C1 sun.misc.Launcher$AppClassLoader.loadClass(Ljava/lang/String;Z)Ljava/lang/Class; (85 bytes) @ 0x00007f10b51ef837 [0x00007f10b51eeec0+0x977]
J 329 C1 java.lang.ClassLoader.loadClass(Ljava/lang/String;)Ljava/lang/Class; (7 bytes) @ 0x00007f10b51d9b42 [0x00007f10b51d9a40+0x102]
j  sun.security.jca.ProviderConfig$2.run()Ljava/security/Provider;+50
j  sun.security.jca.ProviderConfig$2.run()Ljava/lang/Object;+1
v  ~StubRoutines::call_stub
j  java.security.AccessController.doPrivileged(Ljava/security/PrivilegedAction;)Ljava/lang/Object;+0
j  sun.security.jca.ProviderConfig.doLoadProvider()Ljava/security/Provider;+8
j  sun.security.jca.ProviderConfig.getProvider()Ljava/security/Provider;+88
j  sun.security.jca.ProviderList.getProvider(I)Ljava/security/Provider;+6
j  sun.security.jca.ProviderList.getService(Ljava/lang/String;Ljava/lang/String;)Ljava/security/Provider$Service;+13
j  sun.security.jca.GetInstance.getInstance(Ljava/lang/String;Ljava/lang/Class;Ljava/lang/String;)Lsun/security/jca/GetInstance$Instance;+7
j  javax.net.ssl.SSLContext.getInstance(Ljava/lang/String;)Ljavax/net/ssl/SSLContext;+5
j  org.apache.http.ssl.SSLContexts.createDefault()Ljavax/net/ssl/SSLContext;+2
j  org.apache.http.conn.ssl.SSLConnectionSocketFactory.getSocketFactory()Lorg/apache/http/conn/ssl/SSLConnectionSocketFactory;+4
j  org.openqa.selenium.remote.internal.HttpClientFactory.getClientConnectionManager()Lorg/apache/http/conn/HttpClientConnectionManager;+13
j  org.openqa.selenium.remote.internal.HttpClientFactory.<init>(II)V+5
j  org.openqa.selenium.remote.internal.HttpClientFactory.<init>()V+7
j  org.openqa.selenium.remote.internal.ApacheHttpClient$Factory.getDefaultHttpClientFactory()Lorg/openqa/selenium/remote/internal/HttpClientFactory;+10
j  org.openqa.selenium.remote.internal.ApacheHttpClient$Factory.<init>()V+1
j  org.openqa.selenium.remote.HttpCommandExecutor.getDefaultClientFactory()Lorg/openqa/selenium/remote/http/HttpClient$Factory;+10
j  org.openqa.selenium.remote.HttpCommandExecutor.<init>(Ljava/util/Map;Ljava/net/URL;)V+3
j  org.openqa.selenium.phantomjs.PhantomJSCommandExecutor.<init>(Lorg/openqa/selenium/phantomjs/PhantomJSDriverService;)V+8
j  org.openqa.selenium.phantomjs.PhantomJSDriver.<init>(Lorg/openqa/selenium/phantomjs/PhantomJSDriverService;Lorg/openqa/selenium/Capabilities;)V+6
j  org.openqa.selenium.phantomjs.PhantomJSDriver.<init>(Lorg/openqa/selenium/Capabilities;)V+6
j  org.openqa.selenium.phantomjs.PhantomJSDriver.<init>()V+4
j  br.com.cams7.casa_das_quentinhas.SampleTest.setDriverAndUrl()V+32
j  br.com.cams7.casa_das_quentinhas.SampleTest.setUp()V+1
v  ~StubRoutines::call_stub
j  sun.reflect.NativeMethodAccessorImpl.invoke0(Ljava/lang/reflect/Method;Ljava/lang/Object;[Ljava/lang/Object;)Ljava/lang/Object;+0
j  sun.reflect.NativeMethodAccessorImpl.invoke(Ljava/lang/Object;[Ljava/lang/Object;)Ljava/lang/Object;+100
j  sun.reflect.DelegatingMethodAccessorImpl.invoke(Ljava/lang/Object;[Ljava/lang/Object;)Ljava/lang/Object;+6
j  java.lang.reflect.Method.invoke(Ljava/lang/Object;[Ljava/lang/Object;)Ljava/lang/Object;+56
j  org.junit.runners.model.FrameworkMethod$1.runReflectiveCall()Ljava/lang/Object;+15
j  org.junit.internal.runners.model.ReflectiveCallable.run()Ljava/lang/Object;+1
j  org.junit.runners.model.FrameworkMethod.invokeExplosively(Ljava/lang/Object;[Ljava/lang/Object;)Ljava/lang/Object;+10
j  org.junit.internal.runners.statements.RunBefores.evaluate()V+38
j  org.junit.internal.runners.statements.RunAfters.evaluate()V+12
j  org.junit.runners.ParentRunner.runLeaf(Lorg/junit/runners/model/Statement;Lorg/junit/runner/Description;Lorg/junit/runner/notification/RunNotifier;)V+17
j  org.junit.runners.BlockJUnit4ClassRunner.runChild(Lorg/junit/runners/model/FrameworkMethod;Lorg/junit/runner/notification/RunNotifier;)V+30
j  org.junit.runners.BlockJUnit4ClassRunner.runChild(Ljava/lang/Object;Lorg/junit/runner/notification/RunNotifier;)V+6
j  org.junit.runners.ParentRunner$3.run()V+12
j  org.junit.runners.ParentRunner$1.schedule(Ljava/lang/Runnable;)V+1
j  org.junit.runners.ParentRunner.runChildren(Lorg/junit/runner/notification/RunNotifier;)V+44
j  org.junit.runners.ParentRunner.access$000(Lorg/junit/runners/ParentRunner;Lorg/junit/runner/notification/RunNotifier;)V+2
j  org.junit.runners.ParentRunner$2.evaluate()V+8
j  org.junit.runners.ParentRunner.run(Lorg/junit/runner/notification/RunNotifier;)V+20
j  org.apache.maven.surefire.junit4.JUnit4Provider.execute(Ljava/lang/Class;Lorg/apache/maven/surefire/common/junit4/Notifier;Lorg/junit/runner/manipulation/Filter;)V+58
j  org.apache.maven.surefire.junit4.JUnit4Provider.executeWithRerun(Ljava/lang/Class;Lorg/apache/maven/surefire/common/junit4/Notifier;)V+61
j  org.apache.maven.surefire.junit4.JUnit4Provider.executeTestSet(Ljava/lang/Class;Lorg/apache/maven/surefire/report/RunListener;Lorg/apache/maven/surefire/common/junit4/Notifier;)V+31
j  org.apache.maven.surefire.junit4.JUnit4Provider.invoke(Ljava/lang/Object;)Lorg/apache/maven/surefire/suite/RunResult;+197
j  org.apache.maven.surefire.booter.ForkedBooter.invokeProviderInSameClassLoader(Ljava/lang/Object;Ljava/lang/Object;Lorg/apache/maven/surefire/booter/ProviderConfiguration;ZLorg/apache/maven/surefire/booter/StartupConfiguration;Z)Lorg/apache/maven/surefire/suite/RunResult;+19
j  org.apache.maven.surefire.booter.ForkedBooter.runSuitesInProcess(Ljava/lang/Object;Lorg/apache/maven/surefire/booter/StartupConfiguration;Lorg/apache/maven/surefire/booter/ProviderConfiguration;Ljava/io/PrintStream;)Lorg/apache/maven/surefire/suite/RunResult;+14
j  org.apache.maven.surefire.booter.ForkedBooter.main([Ljava/lang/String;)V+194
v  ~StubRoutines::call_stub

---------------  P R O C E S S  ---------------

Java Threads: ( => current thread )
  0x00007f10c411e000 JavaThread "surefire-forkedjvm-command-thread" daemon [_thread_in_native, id=8311, stack(0x00007f10c85c9000,0x00007f10c86ca000)]
  0x00007f10c4112000 JavaThread "last-ditch-daemon-shutdown-thread-30sec" daemon [_thread_blocked, id=8310, stack(0x00007f10c86ca000,0x00007f10c87cb000)]
  0x00007f10c40db000 JavaThread "Service Thread" daemon [_thread_blocked, id=8308, stack(0x00007f10c88cc000,0x00007f10c89cd000)]
  0x00007f10c40d8000 JavaThread "C1 CompilerThread1" daemon [_thread_blocked, id=8307, stack(0x00007f10c89cd000,0x00007f10c8ace000)]
  0x00007f10c40d6000 JavaThread "C2 CompilerThread0" daemon [_thread_blocked, id=8306, stack(0x00007f10c8ace000,0x00007f10c8bcf000)]
  0x00007f10c40d4800 JavaThread "Signal Dispatcher" daemon [_thread_blocked, id=8305, stack(0x00007f10c8bcf000,0x00007f10c8cd0000)]
  0x00007f10c40a1800 JavaThread "Finalizer" daemon [_thread_blocked, id=8304, stack(0x00007f10c8e59000,0x00007f10c8f5a000)]
  0x00007f10c409d000 JavaThread "Reference Handler" daemon [_thread_blocked, id=8303, stack(0x00007f10c8f5a000,0x00007f10c905b000)]
=>0x00007f10c400a000 JavaThread "main" [_thread_in_vm, id=8301, stack(0x00007f10ccfad000,0x00007f10cd0ae000)]

Other Threads:
  0x00007f10c4095800 VMThread [stack: 0x00007f10c905b000,0x00007f10c915c000] [id=8302]
  0x00007f10c40de800 WatcherThread [stack: 0x00007f10c87cb000,0x00007f10c88cc000] [id=8309]

VM state:not at safepoint (normal execution)

VM Mutex/Monitor currently owned by a thread: None

Heap:
 def new generation   total 9792K, used 8473K [0x00000000e0a00000, 0x00000000e14a0000, 0x00000000eb150000)
  eden space 8704K,  89% used [0x00000000e0a00000, 0x00000000e11a0110, 0x00000000e1280000)
  from space 1088K,  61% used [0x00000000e1390000, 0x00000000e1436658, 0x00000000e14a0000)
  to   space 1088K,   0% used [0x00000000e1280000, 0x00000000e1280000, 0x00000000e1390000)
 tenured generation   total 21888K, used 2036K [0x00000000eb150000, 0x00000000ec6b0000, 0x0000000100000000)
   the space 21888K,   9% used [0x00000000eb150000, 0x00000000eb34d128, 0x00000000eb34d200, 0x00000000ec6b0000)
 Metaspace       used 9900K, capacity 9962K, committed 10112K, reserved 1058816K
  class space    used 1243K, capacity 1297K, committed 1408K, reserved 1048576K

Card table byte_map: [0x00007f10c9c54000,0x00007f10c9d50000] byte_map_base: 0x00007f10c954f000

Polling page: 0x00007f10cd0ba000

CodeCache: size=245760Kb used=2802Kb max_used=2805Kb free=242957Kb
 bounds [0x00007f10b5000000, 0x00007f10b52c0000, 0x00007f10c4000000]
 total_blobs=920 nmethods=597 adapters=237
 compilation: enabled

Compilation events (10 events):
Event: 3.965 Thread 0x00007f10c40d8000  593  s    3       java.io.ByteArrayOutputStream::write (66 bytes)
Event: 3.965 Thread 0x00007f10c40d8000 nmethod 593 0x00007f10b52bef50 code [0x00007f10b52bf100, 0x00007f10b52bf740]
Event: 3.966 Thread 0x00007f10c40d8000  594       1       sun.util.calendar.CalendarDate::getYear (5 bytes)
Event: 3.966 Thread 0x00007f10c40d8000 nmethod 594 0x00007f10b52b8090 code [0x00007f10b52b81e0, 0x00007f10b52b82f0]
Event: 3.971 Thread 0x00007f10c40d8000  595       3       sun.security.util.ObjectIdentifier::pack7Oid (84 bytes)
Event: 3.971 Thread 0x00007f10c40d8000 nmethod 595 0x00007f10b52be890 code [0x00007f10b52bea20, 0x00007f10b52bed90]
Event: 3.973 Thread 0x00007f10c40d8000  596  s    3       java.io.ByteArrayInputStream::read (36 bytes)
Event: 3.973 Thread 0x00007f10c40d8000 nmethod 596 0x00007f10b52be2d0 code [0x00007f10b52be440, 0x00007f10b52be790]
Event: 3.974 Thread 0x00007f10c40d8000  597       3       java.lang.reflect.Modifier::isAbstract (14 bytes)
Event: 3.974 Thread 0x00007f10c40d8000 nmethod 597 0x00007f10b52b7a90 code [0x00007f10b52b7c00, 0x00007f10b52b7d90]

GC Heap History (10 events):
Event: 1.271 GC heap before
{Heap before GC invocations=0 (full 0):
 def new generation   total 9792K, used 8704K [0x00000000e0a00000, 0x00000000e14a0000, 0x00000000eb150000)
  eden space 8704K, 100% used [0x00000000e0a00000, 0x00000000e1280000, 0x00000000e1280000)
  from space 1088K,   0% used [0x00000000e1280000, 0x00000000e1280000, 0x00000000e1390000)
  to   space 1088K,   0% used [0x00000000e1390000, 0x00000000e1390000, 0x00000000e14a0000)
 tenured generation   total 21888K, used 0K [0x00000000eb150000, 0x00000000ec6b0000, 0x0000000100000000)
   the space 21888K,   0% used [0x00000000eb150000, 0x00000000eb150000, 0x00000000eb150200, 0x00000000ec6b0000)
 Metaspace       used 4073K, capacity 4980K, committed 5120K, reserved 1056768K
  class space    used 474K, capacity 496K, committed 512K, reserved 1048576K
Event: 1.275 GC heap after
Heap after GC invocations=1 (full 0):
 def new generation   total 9792K, used 1088K [0x00000000e0a00000, 0x00000000e14a0000, 0x00000000eb150000)
  eden space 8704K,   0% used [0x00000000e0a00000, 0x00000000e0a00000, 0x00000000e1280000)
  from space 1088K, 100% used [0x00000000e1390000, 0x00000000e14a0000, 0x00000000e14a0000)
  to   space 1088K,   0% used [0x00000000e1280000, 0x00000000e1280000, 0x00000000e1390000)
 tenured generation   total 21888K, used 463K [0x00000000eb150000, 0x00000000ec6b0000, 0x0000000100000000)
   the space 21888K,   2% used [0x00000000eb150000, 0x00000000eb1c3dc8, 0x00000000eb1c3e00, 0x00000000ec6b0000)
 Metaspace       used 4073K, capacity 4980K, committed 5120K, reserved 1056768K
  class space    used 474K, capacity 496K, committed 512K, reserved 1048576K
}
Event: 1.821 GC heap before
{Heap before GC invocations=1 (full 0):
 def new generation   total 9792K, used 9792K [0x00000000e0a00000, 0x00000000e14a0000, 0x00000000eb150000)
  eden space 8704K, 100% used [0x00000000e0a00000, 0x00000000e1280000, 0x00000000e1280000)
  from space 1088K, 100% used [0x00000000e1390000, 0x00000000e14a0000, 0x00000000e14a0000)
  to   space 1088K,   0% used [0x00000000e1280000, 0x00000000e1280000, 0x00000000e1390000)
 tenured generation   total 21888K, used 463K [0x00000000eb150000, 0x00000000ec6b0000, 0x0000000100000000)
   the space 21888K,   2% used [0x00000000eb150000, 0x00000000eb1c3dc8, 0x00000000eb1c3e00, 0x00000000ec6b0000)
 Metaspace       used 5173K, capacity 5530K, committed 5888K, reserved 1056768K
  class space    used 626K, capacity 657K, committed 768K, reserved 1048576K
Event: 1.823 GC heap after
Heap after GC invocations=2 (full 0):
 def new generation   total 9792K, used 578K [0x00000000e0a00000, 0x00000000e14a0000, 0x00000000eb150000)
  eden space 8704K,   0% used [0x00000000e0a00000, 0x00000000e0a00000, 0x00000000e1280000)
  from space 1088K,  53% used [0x00000000e1280000, 0x00000000e1310b20, 0x00000000e1390000)
  to   space 1088K,   0% used [0x00000000e1390000, 0x00000000e1390000, 0x00000000e14a0000)
 tenured generation   total 21888K, used 1304K [0x00000000eb150000, 0x00000000ec6b0000, 0x0000000100000000)
   the space 21888K,   5% used [0x00000000eb150000, 0x00000000eb296250, 0x00000000eb296400, 0x00000000ec6b0000)
 Metaspace       used 5173K, capacity 5530K, committed 5888K, reserved 1056768K
  class space    used 626K, capacity 657K, committed 768K, reserved 1048576K
}
Event: 2.298 GC heap before
{Heap before GC invocations=2 (full 0):
 def new generation   total 9792K, used 9269K [0x00000000e0a00000, 0x00000000e14a0000, 0x00000000eb150000)
  eden space 8704K,  99% used [0x00000000e0a00000, 0x00000000e127ccb0, 0x00000000e1280000)
  from space 1088K,  53% used [0x00000000e1280000, 0x00000000e1310b20, 0x00000000e1390000)
  to   space 1088K,   0% used [0x00000000e1390000, 0x00000000e1390000, 0x00000000e14a0000)
 tenured generation   total 21888K, used 1304K [0x00000000eb150000, 0x00000000ec6b0000, 0x0000000100000000)
   the space 21888K,   5% used [0x00000000eb150000, 0x00000000eb296250, 0x00000000eb296400, 0x00000000ec6b0000)
 Metaspace       used 6599K, capacity 6762K, committed 7040K, reserved 1056768K
  class space    used 806K, capacity 849K, committed 896K, reserved 1048576K
Event: 2.300 GC heap after
Heap after GC invocations=3 (full 0):
 def new generation   total 9792K, used 918K [0x00000000e0a00000, 0x00000000e14a0000, 0x00000000eb150000)
  eden space 8704K,   0% used [0x00000000e0a00000, 0x00000000e0a00000, 0x00000000e1280000)
  from space 1088K,  84% used [0x00000000e1390000, 0x00000000e1475910, 0x00000000e14a0000)
  to   space 1088K,   0% used [0x00000000e1280000, 0x00000000e1280000, 0x00000000e1390000)
 tenured generation   total 21888K, used 1449K [0x00000000eb150000, 0x00000000ec6b0000, 0x0000000100000000)
   the space 21888K,   6% used [0x00000000eb150000, 0x00000000eb2ba480, 0x00000000eb2ba600, 0x00000000ec6b0000)
 Metaspace       used 6599K, capacity 6762K, committed 7040K, reserved 1056768K
  class space    used 806K, capacity 849K, committed 896K, reserved 1048576K
}
Event: 3.009 GC heap before
{Heap before GC invocations=3 (full 0):
 def new generation   total 9792K, used 9622K [0x00000000e0a00000, 0x00000000e14a0000, 0x00000000eb150000)
  eden space 8704K, 100% used [0x00000000e0a00000, 0x00000000e1280000, 0x00000000e1280000)
  from space 1088K,  84% used [0x00000000e1390000, 0x00000000e1475910, 0x00000000e14a0000)
  to   space 1088K,   0% used [0x00000000e1280000, 0x00000000e1280000, 0x00000000e1390000)
 tenured generation   total 21888K, used 1449K [0x00000000eb150000, 0x00000000ec6b0000, 0x0000000100000000)
   the space 21888K,   6% used [0x00000000eb150000, 0x00000000eb2ba480, 0x00000000eb2ba600, 0x00000000ec6b0000)
 Metaspace       used 7590K, capacity 7722K, committed 7936K, reserved 1056768K
  class space    used 944K, capacity 977K, committed 1024K, reserved 1048576K
Event: 3.013 GC heap after
Heap after GC invocations=4 (full 0):
 def new generation   total 9792K, used 797K [0x00000000e0a00000, 0x00000000e14a0000, 0x00000000eb150000)
  eden space 8704K,   0% used [0x00000000e0a00000, 0x00000000e0a00000, 0x00000000e1280000)
  from space 1088K,  73% used [0x00000000e1280000, 0x00000000e13477a0, 0x00000000e1390000)
  to   space 1088K,   0% used [0x00000000e1390000, 0x00000000e1390000, 0x00000000e14a0000)
 tenured generation   total 21888K, used 1862K [0x00000000eb150000, 0x00000000ec6b0000, 0x0000000100000000)
   the space 21888K,   8% used [0x00000000eb150000, 0x00000000eb321ae8, 0x00000000eb321c00, 0x00000000ec6b0000)
 Metaspace       used 7590K, capacity 7722K, committed 7936K, reserved 1056768K
  class space    used 944K, capacity 977K, committed 1024K, reserved 1048576K
}
Event: 3.371 GC heap before
{Heap before GC invocations=4 (full 0):
 def new generation   total 9792K, used 9501K [0x00000000e0a00000, 0x00000000e14a0000, 0x00000000eb150000)
  eden space 8704K, 100% used [0x00000000e0a00000, 0x00000000e1280000, 0x00000000e1280000)
  from space 1088K,  73% used [0x00000000e1280000, 0x00000000e13477a0, 0x00000000e1390000)
  to   space 1088K,   0% used [0x00000000e1390000, 0x00000000e1390000, 0x00000000e14a0000)
 tenured generation   total 21888K, used 1862K [0x00000000eb150000, 0x00000000ec6b0000, 0x0000000100000000)
   the space 21888K,   8% used [0x00000000eb150000, 0x00000000eb321ae8, 0x00000000eb321c00, 0x00000000ec6b0000)
 Metaspace       used 8325K, capacity 8362K, committed 8576K, reserved 1056768K
  class space    used 1032K, capacity 1041K, committed 1152K, reserved 1048576K
Event: 3.373 GC heap after
Heap after GC invocations=5 (full 0):
 def new generation   total 9792K, used 665K [0x00000000e0a00000, 0x00000000e14a0000, 0x00000000eb150000)
  eden space 8704K,   0% used [0x00000000e0a00000, 0x00000000e0a00000, 0x00000000e1280000)
  from space 1088K,  61% used [0x00000000e1390000, 0x00000000e1436658, 0x00000000e14a0000)
  to   space 1088K,   0% used [0x00000000e1280000, 0x00000000e1280000, 0x00000000e1390000)
 tenured generation   total 21888K, used 2036K [0x00000000eb150000, 0x00000000ec6b0000, 0x0000000100000000)
   the space 21888K,   9% used [0x00000000eb150000, 0x00000000eb34d128, 0x00000000eb34d200, 0x00000000ec6b0000)
 Metaspace       used 8325K, capacity 8362K, committed 8576K, reserved 1056768K
  class space    used 1032K, capacity 1041K, committed 1152K, reserved 1048576K
}

Deoptimization events (3 events):
Event: 1.782 Thread 0x00007f10c400a000 Uncommon trap: reason=unstable_if action=reinterpret pc=0x00007f10b51b274c method=java.lang.String.indexOf([CII[CIII)I @ 3
Event: 2.013 Thread 0x00007f10c400a000 Uncommon trap: reason=predicate action=maybe_recompile pc=0x00007f10b520b458 method=sun.net.www.ParseUtil.encodePath(Ljava/lang/String;Z)Ljava/lang/String; @ 36
Event: 2.014 Thread 0x00007f10c400a000 Uncommon trap: reason=unstable_if action=reinterpret pc=0x00007f10b51de7f0 method=sun.misc.MetaIndex.mayContain(Ljava/lang/String;)Z @ 13

Internal exceptions (10 events):
Event: 1.065 Thread 0x00007f10c400a000 Exception <a 'java/security/PrivilegedActionException'> (0x00000000e1088b28) thrown at [/HUDSON3/workspace/8-2-build-linux-amd64/jdk8u111/7883/hotspot/src/share/vm/prims/jvm.cpp, line 1386]
Event: 1.068 Thread 0x00007f10c400a000 Exception <a 'java/security/PrivilegedActionException'> (0x00000000e108fcd0) thrown at [/HUDSON3/workspace/8-2-build-linux-amd64/jdk8u111/7883/hotspot/src/share/vm/prims/jvm.cpp, line 1386]
Event: 1.068 Thread 0x00007f10c400a000 Exception <a 'java/security/PrivilegedActionException'> (0x00000000e108fee0) thrown at [/HUDSON3/workspace/8-2-build-linux-amd64/jdk8u111/7883/hotspot/src/share/vm/prims/jvm.cpp, line 1386]
Event: 1.345 Thread 0x00007f10c400a000 Exception <a 'java/lang/NoSuchMethodError': org.junit.runner.Description.createSuiteDescription(Ljava/lang/String;)Lorg/junit/runner/Description;> (0x00000000e0ae1730) thrown at [/HUDSON3/workspace/8-2-build-linux-amd64/jdk8u111/7883/hotspot/src/share/vm/
Event: 1.346 Thread 0x00007f10c400a000 Exception <a 'java/lang/NoSuchMethodError': org.junit.runner.Description.createSuiteDescription(Ljava/lang/String;)Lorg/junit/runner/Description;> (0x00000000e0ae3530) thrown at [/HUDSON3/workspace/8-2-build-linux-amd64/jdk8u111/7883/hotspot/src/share/vm/
Event: 2.014 Thread 0x00007f10c400a000 Exception <a 'java/security/PrivilegedActionException'> (0x00000000e0e075e0) thrown at [/HUDSON3/workspace/8-2-build-linux-amd64/jdk8u111/7883/hotspot/src/share/vm/prims/jvm.cpp, line 1386]
Event: 2.014 Thread 0x00007f10c400a000 Exception <a 'java/security/PrivilegedActionException'> (0x00000000e0e079d8) thrown at [/HUDSON3/workspace/8-2-build-linux-amd64/jdk8u111/7883/hotspot/src/share/vm/prims/jvm.cpp, line 1386]
Event: 2.015 Thread 0x00007f10c400a000 Exception <a 'java/security/PrivilegedActionException'> (0x00000000e0e0a3d0) thrown at [/HUDSON3/workspace/8-2-build-linux-amd64/jdk8u111/7883/hotspot/src/share/vm/prims/jvm.cpp, line 1386]
Event: 2.015 Thread 0x00007f10c400a000 Exception <a 'java/security/PrivilegedActionException'> (0x00000000e0e0a7c8) thrown at [/HUDSON3/workspace/8-2-build-linux-amd64/jdk8u111/7883/hotspot/src/share/vm/prims/jvm.cpp, line 1386]
Event: 2.675 Thread 0x00007f10c400a000 Exception <a 'java/io/FileNotFoundException'> (0x00000000e0cecf88) thrown at [/HUDSON3/workspace/8-2-build-linux-amd64/jdk8u111/7883/hotspot/src/share/vm/prims/jni.cpp, line 709]

Events (10 events):
Event: 3.974 loading class sun/security/x509/SubjectKeyIdentifierExtension done
Event: 3.974 loading class sun/security/x509/KeyIdentifier
Event: 3.974 loading class sun/security/x509/KeyIdentifier done
Event: 3.974 loading class sun/security/x509/AuthorityKeyIdentifierExtension
Event: 3.974 loading class sun/security/x509/AuthorityKeyIdentifierExtension done
Event: 3.974 loading class sun/security/x509/GeneralNames
Event: 3.974 loading class sun/security/x509/GeneralNames done
Event: 3.975 loading class sun/security/x509/SubjectAlternativeNameExtension
Event: 3.975 loading class sun/security/x509/SubjectAlternativeNameExtension done
Event: 3.975 loading class sun/security/x509/GeneralName


Dynamic libraries:
00400000-00401000 r-xp 00000000 08:01 405883                             /usr/lib/jvm/java-8-oracle/jre/bin/java
00600000-00601000 rw-p 00000000 08:01 405883                             /usr/lib/jvm/java-8-oracle/jre/bin/java
02359000-0237a000 rw-p 00000000 00:00 0                                  [heap]
e0a00000-e14a0000 rw-p 00000000 00:00 0 
e14a0000-eb150000 ---p 00000000 00:00 0 
eb150000-ec6b0000 rw-p 00000000 00:00 0 
ec6b0000-100000000 ---p 00000000 00:00 0 
100000000-100160000 rw-p 00000000 00:00 0 
100160000-140000000 ---p 00000000 00:00 0 
7f1098000000-7f109832a000 rw-p 00000000 00:00 0 
7f109832a000-7f109c000000 ---p 00000000 00:00 0 
7f109c000000-7f109c021000 rw-p 00000000 00:00 0 
7f109c021000-7f10a0000000 ---p 00000000 00:00 0 
7f10a0000000-7f10a0021000 rw-p 00000000 00:00 0 
7f10a0021000-7f10a4000000 ---p 00000000 00:00 0 
7f10a4000000-7f10a4632000 rw-p 00000000 00:00 0 
7f10a4632000-7f10a8000000 ---p 00000000 00:00 0 
7f10a8000000-7f10a8021000 rw-p 00000000 00:00 0 
7f10a8021000-7f10ac000000 ---p 00000000 00:00 0 
7f10ac000000-7f10ac021000 rw-p 00000000 00:00 0 
7f10ac021000-7f10b0000000 ---p 00000000 00:00 0 
7f10b0000000-7f10b0023000 rw-p 00000000 00:00 0 
7f10b0023000-7f10b4000000 ---p 00000000 00:00 0 
7f10b49e5000-7f10b4a65000 rw-p 00000000 00:00 0 
7f10b4aa5000-7f10b4be5000 ---p 00000000 00:00 0 
7f10b4be5000-7f10b4be8000 r-xp 00000000 08:01 59185                      /lib/x86_64-linux-gnu/libnss_myhostname.so.2
7f10b4be8000-7f10b4de7000 ---p 00003000 08:01 59185                      /lib/x86_64-linux-gnu/libnss_myhostname.so.2
7f10b4de7000-7f10b4de8000 r--p 00002000 08:01 59185                      /lib/x86_64-linux-gnu/libnss_myhostname.so.2
7f10b4de8000-7f10b4de9000 rw-p 00003000 08:01 59185                      /lib/x86_64-linux-gnu/libnss_myhostname.so.2
7f10b4de9000-7f10b4dff000 r-xp 00000000 08:01 525977                     /usr/lib/jvm/java-8-oracle/jre/lib/amd64/libnet.so
7f10b4dff000-7f10b4fff000 ---p 00016000 08:01 525977                     /usr/lib/jvm/java-8-oracle/jre/lib/amd64/libnet.so
7f10b4fff000-7f10b5000000 rw-p 00016000 08:01 525977                     /usr/lib/jvm/java-8-oracle/jre/lib/amd64/libnet.so
7f10b5000000-7f10b52c0000 rwxp 00000000 00:00 0 
7f10b52c0000-7f10c4000000 ---p 00000000 00:00 0 
7f10c4000000-7f10c4b1d000 rw-p 00000000 00:00 0 
7f10c4b1d000-7f10c8000000 ---p 00000000 00:00 0 
7f10c80c4000-7f10c80c5000 rw-p 00000000 00:00 0 
7f10c80c5000-7f10c80c7000 r--s 00009000 08:01 526028                     /usr/lib/jvm/java-8-oracle/jre/lib/ext/sunec.jar
7f10c80c7000-7f10c80ca000 r--s 0001a000 08:01 405932                     /usr/lib/jvm/java-8-oracle/jre/lib/jce.jar
7f10c80ca000-7f10c80ce000 r--s 00097000 08:01 405900                     /usr/lib/jvm/java-8-oracle/jre/lib/jsse.jar
7f10c80ce000-7f10c80d8000 r--s 00116000 08:01 526031                     /usr/lib/jvm/java-8-oracle/jre/lib/ext/localedata.jar
7f10c80d8000-7f10c80f4000 r--s 00393000 08:01 526027                     /usr/lib/jvm/java-8-oracle/jre/lib/ext/cldrdata.jar
7f10c80f4000-7f10c80f7000 r--s 00010000 00:1a 13547                      /home/vagrant/.m2/repository/org/apache/maven/surefire/surefire-junit4/2.19.1/surefire-junit4-2.19.1.jar
7f10c80f7000-7f10c80f9000 r--s 00009000 00:1a 13546                      /home/vagrant/.m2/repository/org/eclipse/jetty/websocket/websocket-api/9.2.15.v20160210/websocket-api-9.2.15.v20160210.jar
7f10c80f9000-7f10c80fe000 r--s 00028000 00:1a 13545                      /home/vagrant/.m2/repository/org/eclipse/jetty/websocket/websocket-common/9.2.15.v20160210/websocket-common-9.2.15.v20160210.jar
7f10c80fe000-7f10c8101000 r--s 00018000 00:1a 13544                      /home/vagrant/.m2/repository/org/eclipse/jetty/jetty-io/9.2.15.v20160210/jetty-io-9.2.15.v20160210.jar
7f10c8101000-7f10c8107000 r--s 00054000 00:1a 13543                      /home/vagrant/.m2/repository/org/eclipse/jetty/jetty-util/9.2.15.v20160210/jetty-util-9.2.15.v20160210.jar
7f10c8107000-7f10c8108000 r--s 00008000 00:1a 13542                      /home/vagrant/.m2/repository/org/eclipse/jetty/websocket/websocket-client/9.2.15.v20160210/websocket-client-9.2.15.v20160210.jar
7f10c8108000-7f10c8109000 r--s 00002000 00:1a 13541                      /home/vagrant/.m2/repository/com/codeborne/phantomjsdriver/1.3.0/phantomjsdriver-1.3.0.jar
7f10c8109000-7f10c810d000 r--s 0002f000 00:1a 13540                      /home/vagrant/.m2/repository/commons-io/commons-io/2.5/commons-io-2.5.jar
7f10c810d000-7f10c810e000 r--s 00003000 00:1a 13539                      /home/vagrant/.m2/repository/org/w3c/css/sac/1.3/sac-1.3.jar
7f10c810e000-7f10c8112000 r--s 00059000 00:1a 13538                      /home/vagrant/.m2/repository/net/sourceforge/cssparser/cssparser/0.9.20/cssparser-0.9.20.jar
7f10c8112000-7f10c811b000 r--s 0002d000 00:1a 13537                      /home/vagrant/.m2/repository/xml-apis/xml-apis/1.4.01/xml-apis-1.4.01.jar
7f10c811b000-7f10c8134000 r--s 00135000 00:1a 13536                      /home/vagrant/.m2/repository/xerces/xercesImpl/2.11.0/xercesImpl-2.11.0.jar
7f10c8134000-7f10c8137000 r--s 0001c000 00:1a 13535                      /home/vagrant/.m2/repository/net/sourceforge/htmlunit/neko-htmlunit/2.23/neko-htmlunit-2.23.jar
7f10c8137000-7f10c8146000 r--s 0011b000 00:1a 13534                      /home/vagrant/.m2/repository/net/sourceforge/htmlunit/htmlunit-core-js/2.23/htmlunit-core-js-2.23.jar
7f10c8146000-7f10c814d000 r--s 0003f000 00:1a 13533                      /home/vagrant/.m2/repository/commons-codec/commons-codec/1.10/commons-codec-1.10.jar
7f10c814d000-7f10c814f000 r--s 00009000 00:1a 13532                      /home/vagrant/.m2/repository/org/apache/httpcomponents/httpmime/4.5.2/httpmime-4.5.2.jar
7f10c814f000-7f10c8156000 r--s 00049000 00:1a 13531                      /home/vagrant/.m2/repository/org/apache/httpcomponents/httpcore/4.4.4/httpcore-4.4.4.jar
7f10c8156000-7f10c8163000 r--s 000a7000 00:1a 13530                      /home/vagrant/.m2/repository/org/apache/httpcomponents/httpclient/4.5.2/httpclient-4.5.2.jar
7f10c8163000-7f10c816a000 r--s 00064000 00:1a 13529                      /home/vagrant/.m2/repository/org/apache/commons/commons-lang3/3.4/commons-lang3-3.4.jar
7f10c816a000-7f10c816e000 r--s 00040000 00:1a 13528                      /home/vagrant/.m2/repository/xalan/serializer/2.7.2/serializer-2.7.2.jar
7f10c816e000-7f10c8193000 r--s 002de000 00:1a 13527                      /home/vagrant/.m2/repository/xalan/xalan/2.7.2/xalan-2.7.2.jar
7f10c8193000-7f10c81b9000 r--s 001a7000 00:1a 13526                      /home/vagrant/.m2/repository/net/sourceforge/htmlunit/htmlunit/2.23/htmlunit-2.23.jar
7f10c81b9000-7f10c81be000 r--s 00025000 00:1a 13525                      /home/vagrant/.m2/repository/org/seleniumhq/selenium/selenium-support/3.0.1/selenium-support-3.0.1.jar
7f10c81be000-7f10c81d4000 r--s 000f9000 00:1a 13524                      /home/vagrant/.m2/repository/io/netty/netty/3.5.7.Final/netty-3.5.7.Final.jar
7f10c81d4000-7f10c81d6000 r--s 00008000 00:1a 13523                      /home/vagrant/.m2/repository/org/seleniumhq/selenium/selenium-safari-driver/3.0.1/selenium-safari-driver-3.0.1.jar
7f10c81d6000-7f10c81d7000 r--s 00001000 00:1a 13522                      /home/vagrant/.m2/repository/org/seleniumhq/selenium/selenium-opera-driver/3.0.1/selenium-opera-driver-3.0.1.jar
7f10c81d7000-7f10c81d8000 r--s 00002000 00:1a 13521                      /home/vagrant/.m2/repository/org/seleniumhq/selenium/selenium-ie-driver/3.0.1/selenium-ie-driver-3.0.1.jar
7f10c81d8000-7f10c81d9000 r--s 000ba000 00:1a 13520                      /home/vagrant/.m2/repository/org/seleniumhq/selenium/selenium-firefox-driver/3.0.1/selenium-firefox-driver-3.0.1.jar
7f10c81d9000-7f10c81da000 r--s 00001000 00:1a 13519                      /home/vagrant/.m2/repository/org/seleniumhq/selenium/selenium-edge-driver/3.0.1/selenium-edge-driver-3.0.1.jar
7f10c81da000-7f10c81de000 r--s 000dc000 00:1a 13518                      /home/vagrant/.m2/repository/net/java/dev/jna/jna/4.1.0/jna-4.1.0.jar
7f10c81de000-7f10c81ef000 r--s 00155000 00:1a 13517                      /home/vagrant/.m2/repository/net/java/dev/jna/jna-platform/4.1.0/jna-platform-4.1.0.jar
7f10c81ef000-7f10c821b000 r--s 00208000 00:1a 13516                      /home/vagrant/.m2/repository/com/google/guava/guava/19.0/guava-19.0.jar
7f10c821b000-7f10c8220000 r--s 0002f000 00:1a 13515                      /home/vagrant/.m2/repository/com/google/code/gson/gson/2.3.1/gson-2.3.1.jar
7f10c8220000-7f10c8222000 r--s 0000c000 00:1a 13514                      /home/vagrant/.m2/repository/org/apache/commons/commons-exec/1.3/commons-exec-1.3.jar
7f10c8222000-7f10c8229000 r--s 0004f000 00:1a 13513                      /home/vagrant/.m2/repository/cglib/cglib-nodep/3.2.4/cglib-nodep-3.2.4.jar
7f10c8229000-7f10c822d000 r--s 00014000 00:1a 13512                      /home/vagrant/.m2/repository/org/seleniumhq/selenium/selenium-api/3.0.1/selenium-api-3.0.1.jar
7f10c822d000-7f10c8233000 r--s 00046000 00:1a 13511                      /home/vagrant/.m2/repository/org/seleniumhq/selenium/selenium-remote-driver/3.0.1/selenium-remote-driver-3.0.1.jar
7f10c8233000-7f10c8234000 r--s 00002000 00:1a 13510                      /home/vagrant/.m2/repository/org/seleniumhq/selenium/selenium-chrome-driver/3.0.1/selenium-chrome-driver-3.0.1.jar
7f10c8234000-7f10c8235000 r--s 00000000 00:1a 13509                      /home/vagrant/.m2/repository/org/seleniumhq/selenium/selenium-java/3.0.1/selenium-java-3.0.1.jar
7f10c8235000-7f10c8237000 r--s 00009000 00:1a 595                        /home/vagrant/.m2/repository/org/hamcrest/hamcrest-core/1.3/hamcrest-core-1.3.jar
7f10c8237000-7f10c823f000 r--s 00045000 00:1a 594                        /home/vagrant/.m2/repository/junit/junit/4.12/junit-4.12.jar
7f10c823f000-7f10c82af000 r--s 00641000 00:1a 3002                       /home/vagrant/.m2/repository/org/codehaus/groovy/groovy-all/2.4.7/groovy-all-2.4.7.jar
7f10c82af000-7f10c8312000 r--s 00a62000 00:1a 2398                       /home/vagrant/.m2/repository/com/ibm/icu/icu4j/57.1/icu4j-57.1.jar
7f10c8312000-7f10c831a000 r--s 0007d000 00:1a 2397                       /home/vagrant/.m2/repository/com/google/zxing/core/3.2.1/core-3.2.1.jar
7f10c831a000-7f10c8322000 r--s 00065000 00:1a 2396                       /home/vagrant/.m2/repository/org/olap4j/olap4j/0.9.7.309-JS-3/olap4j-0.9.7.309-JS-3.jar
7f10c8322000-7f10c8323000 r--s 00006000 00:1a 2395                       /home/vagrant/.m2/repository/jakarta-regexp/jakarta-regexp/1.4/jakarta-regexp-1.4.jar
7f10c8323000-7f10c8325000 r--s 0000a000 00:1a 2394                       /home/vagrant/.m2/repository/org/apache/lucene/lucene-sandbox/4.5.1/lucene-sandbox-4.5.1.jar
7f10c8325000-7f10c832b000 r--s 0002d000 00:1a 2393                       /home/vagrant/.m2/repository/org/apache/lucene/lucene-queries/4.5.1/lucene-queries-4.5.1.jar
7f10c832b000-7f10c8334000 r--s 00055000 00:1a 2392                       /home/vagrant/.m2/repository/org/apache/lucene/lucene-queryparser/4.5.1/lucene-queryparser-4.5.1.jar
7f10c8334000-7f10c8344000 r--s 00174000 00:1a 2391                       /home/vagrant/.m2/repository/org/apache/lucene/lucene-analyzers-common/4.5.1/lucene-analyzers-common-4.5.1.jar
7f10c8344000-7f10c836a000 r--s 0020b000 00:1a 2390                       /home/vagrant/.m2/repository/org/apache/lucene/lucene-core/4.5.1/lucene-core-4.5.1.jar
7f10c836a000-7f10c8379000 r--s 001b0000 00:1a 2388                       /home/vagrant/.m2/repository/org/eclipse/jdt/core/compiler/ecj/4.3.1/ecj-4.3.1.jar
7f10c8379000-7f10c838a000 r--s 0016e000 00:1a 2387                       /home/vagrant/.m2/repository/org/jfree/jfreechart/1.0.19/jfreechart-1.0.19.jar
7f10c838a000-7f10c8390000 r--s 0004b000 00:1a 2386                       /home/vagrant/.m2/repository/org/jfree/jcommon/1.0.23/jcommon-1.0.23.jar
7f10c8390000-7f10c8391000 r--s 00005000 00:1a 2385                       /home/vagrant/.m2/repository/org/bouncycastle/bctsp-jdk14/1.38/bctsp-jdk14-1.38.jar
7f10c8391000-7f10c83b2000 r--s 0015a000 00:1a 2384                       /home/vagrant/.m2/repository/bouncycastle/bcprov-jdk14/138/bcprov-jdk14-138.jar
7f10c83b2000-7f10c83b6000 r--s 0002b000 00:1a 2383                       /home/vagrant/.m2/repository/bouncycastle/bcmail-jdk14/138/bcmail-jdk14-138.jar
7f10c83b6000-7f10c83c3000 r--s 00108000 00:1a 2382                       /home/vagrant/.m2/repository/com/lowagie/itext/2.1.7.js5/itext-2.1.7.js5.jar
7f10c83c3000-7f10c83c9000 r--s 0002b000 00:1a 2380                       /home/vagrant/.m2/repository/commons-digester/commons-digester/2.1/commons-digester-2.1.jar
7f10c83c9000-7f10c83d6000 r--s 00083000 00:1a 2379                       /home/vagrant/.m2/repository/commons-collections/commons-collections/3.2.2/commons-collections-3.2.2.jar
7f10c83d6000-7f10c83db000 r--s 00034000 00:1a 2378                       /home/vagrant/.m2/repository/commons-beanutils/commons-beanutils/1.9.0/commons-beanutils-1.9.0.jar
7f10c83db000-7f10c843e000 r--s 004ee000 00:1a 2377                       /home/vagrant/.m2/repository/net/sf/jasperreports/jasperreports/6.4.0/jasperreports-6.4.0.jar
7f10c843e000-7f10c8444000 r--s 00081000 00:1a 3001                       /home/vagrant/.m2/repository/postgresql/postgresql/9.1-901-1.jdbc4/postgresql-9.1-901-1.jdbc4.jar
7f10c8444000-7f10c8445000 r--s 00003000 00:1a 2376                       /home/vagrant/.m2/repository/javax/transaction/jta/1.1/jta-1.1.jar
7f10c8445000-7f10c8447000 r--s 00004000 00:1a 2373                       /home/vagrant/.m2/repository/com/fasterxml/jackson/datatype/jackson-datatype-hibernate5/2.7.4/jackson-datatype-hibernate5-2.7.4.jar
7f10c8447000-7f10c844a000 r--s 0003b000 00:1a 2375                       /home/vagrant/.m2/repository/com/fasterxml/jackson/core/jackson-core/2.7.4/jackson-core-2.7.4.jar
7f10c844a000-7f10c844d000 r--s 0000a000 00:1a 3000                       /home/vagrant/.m2/repository/com/fasterxml/jackson/core/jackson-annotations/2.7.0/jackson-annotations-2.7.0.jar
7f10c844d000-7f10c845e000 r--s 00115000 00:1a 2374                       /home/vagrant/.m2/repository/com/fasterxml/jackson/core/jackson-databind/2.7.4/jackson-databind-2.7.4.jar
7f10c845e000-7f10c8461000 r--s 0000f000 00:1a 2999                       /home/vagrant/.m2/repository/org/apache/tiles/tiles-request-api/1.0.6/tiles-request-api-1.0.6.jar
7f10c8461000-7f10c8463000 r--s 00003000 00:1a 2998                       /home/vagrant/.m2/repository/org/apache/tiles/tiles-request-jsp/1.0.6/tiles-request-jsp-1.0.6.jar
7f10c8463000-7f10c8464000 r--s 00002000 00:1a 2997                       /home/vagrant/.m2/repository/org/apache/tiles/tiles-autotag-core-runtime/1.2/tiles-autotag-core-runtime-1.2.jar
7f10c8464000-7f10c8466000 r--s 00006000 00:1a 2996                       /home/vagrant/.m2/repository/org/apache/tiles/tiles-api/3.0.7/tiles-api-3.0.7.jar
7f10c8466000-7f10c8467000 r--s 00007000 00:1a 2995                       /home/vagrant/.m2/repository/org/apache/tiles/tiles-template/3.0.7/tiles-template-3.0.7.jar
7f10c8467000-7f10c8468000 r--s 00004000 00:1a 2994                       /home/vagrant/.m2/repository/org/apache/tiles/tiles-request-servlet/1.0.6/tiles-request-servlet-1.0.6.jar
7f10c8468000-7f10c846a000 r--s 00003000 00:1a 2993                       /home/vagrant/.m2/repository/org/slf4j/jcl-over-slf4j/1.7.6/jcl-over-slf4j-1.7.6.jar
7f10c846a000-7f10c846d000 r--s 00011000 00:1a 2992                       /home/vagrant/.m2/repository/org/apache/tiles/tiles-core/3.0.7/tiles-core-3.0.7.jar
7f10c846d000-7f10c846f000 r--s 00005000 00:1a 2991                       /home/vagrant/.m2/repository/org/apache/tiles/tiles-servlet/3.0.7/tiles-servlet-3.0.7.jar
7f10c846f000-7f10c8471000 r--s 00007000 00:1a 2990                       /home/vagrant/.m2/repository/org/apache/tiles/tiles-jsp/3.0.7/tiles-jsp-3.0.7.jar
7f10c8471000-7f10c847b000 r--s 0005c000 00:1a 2989                       /home/vagrant/.m2/repository/javax/servlet/jstl/1.2/jstl-1.2.jar
7f10c847b000-7f10c847d000 r--s 0000b000 00:1a 2369                       /home/vagrant/.m2/repository/javax/servlet/jsp/javax.servlet.jsp-api/2.3.1/javax.servlet.jsp-api-2.3.1.jar
7f10c847d000-7f10c8480000 r--s 00015000 00:1a 2368                       /home/vagrant/.m2/repository/javax/servlet/javax.servlet-api/3.1.0/javax.servlet-api-3.1.0.jar
7f10c8480000-7f10c8481000 r--s 00009000 00:1a 2372                       /home/vagrant/.m2/repository/org/slf4j/slf4j-api/1.7.20/slf4j-api-1.7.20.jar
7f10c8481000-7f10c848b000 r--s 00069000 00:1a 2371                       /home/vagrant/.m2/repository/ch/qos/logback/logback-core/1.1.7/logback-core-1.1.7.jar
7f10c848b000-7f10c8492000 r--s 00044000 00:1a 2370                       /home/vagrant/.m2/repository/ch/qos/logback/logback-classic/1.1.7/logback-classic-1.1.7.jar
7f10c8492000-7f10c84a2000 r--s 000a1000 00:1a 2687                       /home/vagrant/.m2/repository/org/hibernate/hibernate-validator/5.3.3.Final/hibernate-validator-5.3.3.Final.jar
7f10c84a2000-7f10c84a6000 r--s 0000c000 00:1a 2367                       /home/vagrant/.m2/repository/javax/validation/validation-api/1.1.0.Final/validation-api-1.1.0.Final.jar
7f10c84a6000-7f10c84a7000 r--s 00000000 00:1a 2366                       /home/vagrant/.m2/repository/javax/inject/javax.inject/1/javax.inject-1.jar
7f10c84a7000-7f10c84a8000 r--s 00001000 00:1a 2365                       /home/vagrant/.m2/repository/javax/annotation/jsr250-api/1.0/jsr250-api-1.0.jar
7f10c84a8000-7f10c84a9000 r--s 00001000 00:1a 2364                       /home/vagrant/.m2/repository/org/jboss/spec/javax/interceptor/jboss-interceptors-api_1.1_spec/1.0.0.Beta1/jboss-interceptors-api_1.1_spec-1.0.0.Beta1.jar
7f10c84a9000-7f10c84ab000 r--s 00007000 00:1a 2363                       /home/vagrant/.m2/repository/javax/el/el-api/2.2/el-api-2.2.jar
7f10c84ab000-7f10c84af000 r--s 0000e000 00:1a 2362                       /home/vagrant/.m2/repository/javax/enterprise/cdi-api/1.1/cdi-api-1.1.jar
7f10c84af000-7f10c84b2000 r--s 00010000 00:1a 2361                       /home/vagrant/.m2/repository/org/hibernate/common/hibernate-commons-annotations/5.0.1.Final/hibernate-commons-annotations-5.0.1.Final.jar
7f10c84b2000-7f10c84b7000 r--s 00048000 00:1a 2360                       /home/vagrant/.m2/repository/dom4j/dom4j/1.6.1/dom4j-1.6.1.jar
7f10c84b7000-7f10c84b9000 r--s 0000e000 00:1a 2359                       /home/vagrant/.m2/repository/com/fasterxml/classmate/1.3.0/classmate-1.3.0.jar
7f10c84b9000-7f10c84bc000 r--s 0002b000 00:1a 2358                       /home/vagrant/.m2/repository/org/jboss/jandex/2.0.3.Final/jandex-2.0.3.Final.jar
7f10c84bc000-7f10c84bd000 r--s 00003000 00:1a 2357                       /home/vagrant/.m2/repository/org/apache/geronimo/specs/geronimo-jta_1.1_spec/1.1.1/geronimo-jta_1.1_spec-1.1.1.jar
7f10c84bd000-7f10c84c2000 r--s 00068000 00:1a 2356                       /home/vagrant/.m2/repository/antlr/antlr/2.7.7/antlr-2.7.7.jar
7f10c84c2000-7f10c84cc000 r--s 000ae000 00:1a 2355                       /home/vagrant/.m2/repository/org/javassist/javassist/3.20.0-GA/javassist-3.20.0-GA.jar
7f10c84cc000-7f10c84d1000 r--s 00017000 00:1a 2354                       /home/vagrant/.m2/repository/org/hibernate/javax/persistence/hibernate-jpa-2.1-api/1.0.0.Final/hibernate-jpa-2.1-api-1.0.0.Final.jar
7f10c84d1000-7f10c84d3000 r--s 0000f000 00:1a 2353                       /home/vagrant/.m2/repository/org/jboss/logging/jboss-logging/3.3.0.Final/jboss-logging-3.3.0.Final.jar
7f10c84d3000-7f10c854e000 r--s 005c3000 00:1a 2352                       /home/vagrant/.m2/repository/org/hibernate/hibernate-core/5.2.5.Final/hibernate-core-5.2.5.Final.jar
7f10c854e000-7f10c8551000 r--s 00012000 00:1a 2988                       /home/vagrant/.m2/repository/org/springframework/security/spring-security-acl/4.2.0.RELEASE/spring-security-acl-4.2.0.RELEASE.jar
7f10c8551000-7f10c8552000 r--s 00004000 00:1a 2987                       /home/vagrant/.m2/repository/org/springframework/security/spring-security-taglibs/4.2.0.RELEASE/spring-security-taglibs-4.2.0.RELEASE.jar
7f10c8552000-7f10c855c000 r--s 00086000 00:1a 2986                       /home/vagrant/.m2/repository/org/springframework/security/spring-security-config/4.2.0.RELEASE/spring-security-config-4.2.0.RELEASE.jar
7f10c855c000-7f10c8568000 r--s 00055000 00:1a 2350                       /home/vagrant/.m2/repository/org/springframework/security/spring-security-core/4.2.0.RELEASE/spring-security-core-4.2.0.RELEASE.jar
7f10c8568000-7f10c8573000 r--s 00053000 00:1a 2985                       /home/vagrant/.m2/repository/org/springframework/security/spring-security-web/4.2.0.RELEASE/spring-security-web-4.2.0.RELEASE.jar
7f10c8573000-7f10c857d000 r--s 0005f000 00:1a 2983                       /home/vagrant/.m2/repository/org/springframework/spring-jdbc/4.3.4.RELEASE/spring-jdbc-4.3.4.RELEASE.jar
7f10c857d000-7f10c8587000 r--s 0006b000 00:1a 2982                       /home/vagrant/.m2/repository/org/springframework/spring-orm/4.3.4.RELEASE/spring-orm-4.3.4.RELEASE.jar
7f10c8587000-7f10c858f000 r--s 0003a000 00:1a 2342                       /home/vagrant/.m2/repository/org/springframework/spring-tx/4.3.4.RELEASE/spring-tx-4.3.4.RELEASE.jar
7f10c858f000-7f10c85a1000 r--s 000ce000 00:1a 2348                       /home/vagrant/.m2/repository/org/springframework/spring-webmvc/4.3.4.RELEASE/spring-webmvc-4.3.4.RELEASE.jar
7f10c85a1000-7f10c85bb000 r--s 000fc000 00:1a 2347                       /home/vagrant/.m2/repository/org/springframework/spring-context/4.3.4.RELEASE/spring-context-4.3.4.RELEASE.jar
7f10c85bb000-7f10c85c9000 r--s 000ac000 00:1a 2343                       /home/vagrant/.m2/repository/org/springframework/spring-beans/4.3.4.RELEASE/spring-beans-4.3.4.RELEASE.jar
7f10c85c9000-7f10c85cc000 ---p 00000000 00:00 0 
7f10c85cc000-7f10c86ca000 rw-p 00000000 00:00 0                          [stack:8311]
7f10c86ca000-7f10c86cd000 ---p 00000000 00:00 0 
7f10c86cd000-7f10c87cb000 rw-p 00000000 00:00 0                          [stack:8310]
7f10c87cb000-7f10c87cc000 ---p 00000000 00:00 0 
7f10c87cc000-7f10c88cc000 rw-p 00000000 00:00 0                          [stack:8309]
7f10c88cc000-7f10c88cf000 ---p 00000000 00:00 0 
7f10c88cf000-7f10c89cd000 rw-p 00000000 00:00 0                          [stack:8308]
7f10c89cd000-7f10c89d0000 ---p 00000000 00:00 0 
7f10c89d0000-7f10c8ace000 rw-p 00000000 00:00 0                          [stack:8307]
7f10c8ace000-7f10c8ad1000 ---p 00000000 00:00 0 
7f10c8ad1000-7f10c8bcf000 rw-p 00000000 00:00 0                          [stack:8306]
7f10c8bcf000-7f10c8bd2000 ---p 00000000 00:00 0 
7f10c8bd2000-7f10c8cd0000 rw-p 00000000 00:00 0                          [stack:8305]
7f10c8cd0000-7f10c8e59000 r--p 00000000 08:01 5037                       /usr/lib/locale/locale-archive
7f10c8e59000-7f10c8e5c000 ---p 00000000 00:00 0 
7f10c8e5c000-7f10c8f5a000 rw-p 00000000 00:00 0                          [stack:8304]
7f10c8f5a000-7f10c8f5d000 ---p 00000000 00:00 0 
7f10c8f5d000-7f10c905b000 rw-p 00000000 00:00 0                          [stack:8303]
7f10c905b000-7f10c905c000 ---p 00000000 00:00 0 
7f10c905c000-7f10c91ab000 rw-p 00000000 00:00 0                          [stack:8302]
7f10c91ab000-7f10c9383000 r--s 03d2a000 08:01 405951                     /usr/lib/jvm/java-8-oracle/jre/lib/rt.jar
7f10c9383000-7f10c9c54000 rw-p 00000000 00:00 0 
7f10c9c54000-7f10c9c5a000 rw-p 00000000 00:00 0 
7f10c9c5a000-7f10c9ca7000 ---p 00000000 00:00 0 
7f10c9ca7000-7f10c9cb3000 rw-p 00000000 00:00 0 
7f10c9cb3000-7f10c9d4f000 ---p 00000000 00:00 0 
7f10c9d4f000-7f10c9d5b000 rw-p 00000000 00:00 0 
7f10c9d5b000-7f10ca110000 ---p 00000000 00:00 0 
7f10ca110000-7f10ca12a000 r-xp 00000000 08:01 525978                     /usr/lib/jvm/java-8-oracle/jre/lib/amd64/libzip.so
7f10ca12a000-7f10ca32a000 ---p 0001a000 08:01 525978                     /usr/lib/jvm/java-8-oracle/jre/lib/amd64/libzip.so
7f10ca32a000-7f10ca32b000 rw-p 0001a000 08:01 525978                     /usr/lib/jvm/java-8-oracle/jre/lib/amd64/libzip.so
7f10ca32b000-7f10ca335000 r-xp 00000000 08:01 2261                       /lib/x86_64-linux-gnu/libnss_files-2.19.so
7f10ca335000-7f10ca534000 ---p 0000a000 08:01 2261                       /lib/x86_64-linux-gnu/libnss_files-2.19.so
7f10ca534000-7f10ca535000 r--p 00009000 08:01 2261                       /lib/x86_64-linux-gnu/libnss_files-2.19.so
7f10ca535000-7f10ca536000 rw-p 0000a000 08:01 2261                       /lib/x86_64-linux-gnu/libnss_files-2.19.so
7f10ca536000-7f10ca541000 r-xp 00000000 08:01 2137                       /lib/x86_64-linux-gnu/libnss_nis-2.19.so
7f10ca541000-7f10ca740000 ---p 0000b000 08:01 2137                       /lib/x86_64-linux-gnu/libnss_nis-2.19.so
7f10ca740000-7f10ca741000 r--p 0000a000 08:01 2137                       /lib/x86_64-linux-gnu/libnss_nis-2.19.so
7f10ca741000-7f10ca742000 rw-p 0000b000 08:01 2137                       /lib/x86_64-linux-gnu/libnss_nis-2.19.so
7f10ca742000-7f10ca759000 r-xp 00000000 08:01 2193                       /lib/x86_64-linux-gnu/libnsl-2.19.so
7f10ca759000-7f10ca958000 ---p 00017000 08:01 2193                       /lib/x86_64-linux-gnu/libnsl-2.19.so
7f10ca958000-7f10ca959000 r--p 00016000 08:01 2193                       /lib/x86_64-linux-gnu/libnsl-2.19.so
7f10ca959000-7f10ca95a000 rw-p 00017000 08:01 2193                       /lib/x86_64-linux-gnu/libnsl-2.19.so
7f10ca95a000-7f10ca95c000 rw-p 00000000 00:00 0 
7f10ca95c000-7f10ca965000 r-xp 00000000 08:01 2142                       /lib/x86_64-linux-gnu/libnss_compat-2.19.so
7f10ca965000-7f10cab64000 ---p 00009000 08:01 2142                       /lib/x86_64-linux-gnu/libnss_compat-2.19.so
7f10cab64000-7f10cab65000 r--p 00008000 08:01 2142                       /lib/x86_64-linux-gnu/libnss_compat-2.19.so
7f10cab65000-7f10cab66000 rw-p 00009000 08:01 2142                       /lib/x86_64-linux-gnu/libnss_compat-2.19.so
7f10cab66000-7f10cab91000 r-xp 00000000 08:01 525982                     /usr/lib/jvm/java-8-oracle/jre/lib/amd64/libjava.so
7f10cab91000-7f10cad90000 ---p 0002b000 08:01 525982                     /usr/lib/jvm/java-8-oracle/jre/lib/amd64/libjava.so
7f10cad90000-7f10cad92000 rw-p 0002a000 08:01 525982                     /usr/lib/jvm/java-8-oracle/jre/lib/amd64/libjava.so
7f10cad92000-7f10cad9f000 r-xp 00000000 08:01 525952                     /usr/lib/jvm/java-8-oracle/jre/lib/amd64/libverify.so
7f10cad9f000-7f10caf9e000 ---p 0000d000 08:01 525952                     /usr/lib/jvm/java-8-oracle/jre/lib/amd64/libverify.so
7f10caf9e000-7f10cafa0000 rw-p 0000c000 08:01 525952                     /usr/lib/jvm/java-8-oracle/jre/lib/amd64/libverify.so
7f10cafa0000-7f10cafa7000 r-xp 00000000 08:01 2152                       /lib/x86_64-linux-gnu/librt-2.19.so
7f10cafa7000-7f10cb1a6000 ---p 00007000 08:01 2152                       /lib/x86_64-linux-gnu/librt-2.19.so
7f10cb1a6000-7f10cb1a7000 r--p 00006000 08:01 2152                       /lib/x86_64-linux-gnu/librt-2.19.so
7f10cb1a7000-7f10cb1a8000 rw-p 00007000 08:01 2152                       /lib/x86_64-linux-gnu/librt-2.19.so
7f10cb1a8000-7f10cb2ad000 r-xp 00000000 08:01 2130                       /lib/x86_64-linux-gnu/libm-2.19.so
7f10cb2ad000-7f10cb4ac000 ---p 00105000 08:01 2130                       /lib/x86_64-linux-gnu/libm-2.19.so
7f10cb4ac000-7f10cb4ad000 r--p 00104000 08:01 2130                       /lib/x86_64-linux-gnu/libm-2.19.so
7f10cb4ad000-7f10cb4ae000 rw-p 00105000 08:01 2130                       /lib/x86_64-linux-gnu/libm-2.19.so
7f10cb4ae000-7f10cc17b000 r-xp 00000000 08:01 525973                     /usr/lib/jvm/java-8-oracle/jre/lib/amd64/server/libjvm.so
7f10cc17b000-7f10cc37a000 ---p 00ccd000 08:01 525973                     /usr/lib/jvm/java-8-oracle/jre/lib/amd64/server/libjvm.so
7f10cc37a000-7f10cc453000 rw-p 00ccc000 08:01 525973                     /usr/lib/jvm/java-8-oracle/jre/lib/amd64/server/libjvm.so
7f10cc453000-7f10cc49e000 rw-p 00000000 00:00 0 
7f10cc49e000-7f10cc658000 r-xp 00000000 08:01 2258                       /lib/x86_64-linux-gnu/libc-2.19.so
7f10cc658000-7f10cc858000 ---p 001ba000 08:01 2258                       /lib/x86_64-linux-gnu/libc-2.19.so
7f10cc858000-7f10cc85c000 r--p 001ba000 08:01 2258                       /lib/x86_64-linux-gnu/libc-2.19.so
7f10cc85c000-7f10cc85e000 rw-p 001be000 08:01 2258                       /lib/x86_64-linux-gnu/libc-2.19.so
7f10cc85e000-7f10cc863000 rw-p 00000000 00:00 0 
7f10cc863000-7f10cc866000 r-xp 00000000 08:01 2080                       /lib/x86_64-linux-gnu/libdl-2.19.so
7f10cc866000-7f10cca65000 ---p 00003000 08:01 2080                       /lib/x86_64-linux-gnu/libdl-2.19.so
7f10cca65000-7f10cca66000 r--p 00002000 08:01 2080                       /lib/x86_64-linux-gnu/libdl-2.19.so
7f10cca66000-7f10cca67000 rw-p 00003000 08:01 2080                       /lib/x86_64-linux-gnu/libdl-2.19.so
7f10cca67000-7f10cca7c000 r-xp 00000000 08:01 526003                     /usr/lib/jvm/java-8-oracle/jre/lib/amd64/jli/libjli.so
7f10cca7c000-7f10ccc7c000 ---p 00015000 08:01 526003                     /usr/lib/jvm/java-8-oracle/jre/lib/amd64/jli/libjli.so
7f10ccc7c000-7f10ccc7d000 rw-p 00015000 08:01 526003                     /usr/lib/jvm/java-8-oracle/jre/lib/amd64/jli/libjli.so
7f10ccc7d000-7f10ccc96000 r-xp 00000000 08:01 2072                       /lib/x86_64-linux-gnu/libpthread-2.19.so
7f10ccc96000-7f10cce95000 ---p 00019000 08:01 2072                       /lib/x86_64-linux-gnu/libpthread-2.19.so
7f10cce95000-7f10cce96000 r--p 00018000 08:01 2072                       /lib/x86_64-linux-gnu/libpthread-2.19.so
7f10cce96000-7f10cce97000 rw-p 00019000 08:01 2072                       /lib/x86_64-linux-gnu/libpthread-2.19.so
7f10cce97000-7f10cce9b000 rw-p 00000000 00:00 0 
7f10cce9b000-7f10ccebe000 r-xp 00000000 08:01 2277                       /lib/x86_64-linux-gnu/ld-2.19.so
7f10ccebe000-7f10ccec3000 r--s 00029000 00:1a 2984                       /home/vagrant/.m2/repository/org/springframework/spring-context-support/4.3.4.RELEASE/spring-context-support-4.3.4.RELEASE.jar
7f10ccec3000-7f10ccec8000 r--s 0003c000 00:1a 2349                       /home/vagrant/.m2/repository/org/springframework/spring-expression/4.3.4.RELEASE/spring-expression-4.3.4.RELEASE.jar
7f10ccec8000-7f10cced1000 r--s 00054000 00:1a 2346                       /home/vagrant/.m2/repository/org/springframework/spring-aop/4.3.4.RELEASE/spring-aop-4.3.4.RELEASE.jar
7f10cced1000-7f10ccee2000 r--s 000b6000 00:1a 2345                       /home/vagrant/.m2/repository/org/springframework/spring-web/4.3.4.RELEASE/spring-web-4.3.4.RELEASE.jar
7f10ccee2000-7f10ccef8000 r--s 000fa000 00:1a 2344                       /home/vagrant/.m2/repository/org/springframework/spring-core/4.3.4.RELEASE/spring-core-4.3.4.RELEASE.jar
7f10ccef8000-7f10ccefd000 r--s 0002b000 00:1a 1355                       /home/vagrant/.m2/repository/org/apache/maven/surefire/surefire-api/2.19.1/surefire-api-2.19.1.jar
7f10ccefd000-7f10ccf08000 rw-p 00000000 00:00 0 
7f10ccf08000-7f10ccfa5000 ---p 00000000 00:00 0 
7f10ccfa5000-7f10ccfad000 rw-s 00000000 08:01 270096                     /tmp/hsperfdata_vagrant/8297
7f10ccfad000-7f10ccfb0000 ---p 00000000 00:00 0 
7f10ccfb0000-7f10cd0b2000 rw-p 00000000 00:00 0                          [stack:8301]
7f10cd0b2000-7f10cd0b4000 r--s 00000000 00:1a 2351                       /home/vagrant/.m2/repository/aopalliance/aopalliance/1.0/aopalliance-1.0.jar
7f10cd0b4000-7f10cd0b6000 r--s 0000e000 00:1a 628                        /home/vagrant/.m2/repository/commons-logging/commons-logging/1.2/commons-logging-1.2.jar
7f10cd0b6000-7f10cd0b8000 r--s 0000a000 00:1a 1333                       /home/vagrant/.m2/repository/org/apache/maven/surefire/surefire-booter/2.19.1/surefire-booter-2.19.1.jar
7f10cd0b8000-7f10cd0b9000 r--s 00003000 00:23 13508                      /home/vagrant/github/casa_das_quentinhas/casa_das_quentinhas-web/target/surefire/surefirebooter6740248604123679334.jar
7f10cd0b9000-7f10cd0ba000 rw-p 00000000 00:00 0 
7f10cd0ba000-7f10cd0bb000 r--p 00000000 00:00 0 
7f10cd0bb000-7f10cd0bd000 rw-p 00000000 00:00 0 
7f10cd0bd000-7f10cd0be000 r--p 00022000 08:01 2277                       /lib/x86_64-linux-gnu/ld-2.19.so
7f10cd0be000-7f10cd0bf000 rw-p 00023000 08:01 2277                       /lib/x86_64-linux-gnu/ld-2.19.so
7f10cd0bf000-7f10cd0c0000 rw-p 00000000 00:00 0 
7ffebd7f6000-7ffebd817000 rw-p 00000000 00:00 0                          [stack]
7ffebd858000-7ffebd85a000 r-xp 00000000 00:00 0                          [vdso]
ffffffffff600000-ffffffffff601000 r-xp 00000000 00:00 0                  [vsyscall]

VM Arguments:
java_command: /home/vagrant/github/casa_das_quentinhas/casa_das_quentinhas-web/target/surefire/surefirebooter6740248604123679334.jar /home/vagrant/github/casa_das_quentinhas/casa_das_quentinhas-web/target/surefire/surefire6001141922603983084tmp /home/vagrant/github/casa_das_quentinhas/casa_das_quentinhas-web/target/surefire/surefire_0573094517810206574tmp
java_class_path (initial): /home/vagrant/github/casa_das_quentinhas/casa_das_quentinhas-web/target/surefire/surefirebooter6740248604123679334.jar
Launcher Type: SUN_STANDARD

Environment Variables:
JAVA_HOME=/usr/lib/jvm/java-8-oracle
PATH=/usr/local/heroku/bin:/usr/local/sbin:/usr/local/bin:/usr/sbin:/usr/bin:/sbin:/bin:/usr/games:/usr/local/games:/usr/lib/jvm/java-8-oracle/bin:/usr/lib/jvm/java-8-oracle/db/bin:/usr/lib/jvm/java-8-oracle/jre/bin:/home/vagrant/apache-maven/bin:/home/vagrant/gradle/bin:/home/vagrant/spring-roo/bin
SHELL=/bin/bash

Signal Handlers:
SIGSEGV: [libjvm.so+0xac64b0], sa_mask[0]=11111111011111111101111111111110, sa_flags=SA_RESTART|SA_SIGINFO
SIGBUS: [libjvm.so+0xac64b0], sa_mask[0]=11111111011111111101111111111110, sa_flags=SA_RESTART|SA_SIGINFO
SIGFPE: [libjvm.so+0x91f950], sa_mask[0]=11111111011111111101111111111110, sa_flags=SA_RESTART|SA_SIGINFO
SIGPIPE: [libjvm.so+0x91f950], sa_mask[0]=11111111011111111101111111111110, sa_flags=SA_RESTART|SA_SIGINFO
SIGXFSZ: [libjvm.so+0x91f950], sa_mask[0]=11111111011111111101111111111110, sa_flags=SA_RESTART|SA_SIGINFO
SIGILL: [libjvm.so+0x91f950], sa_mask[0]=11111111011111111101111111111110, sa_flags=SA_RESTART|SA_SIGINFO
SIGUSR1: SIG_DFL, sa_mask[0]=00000000000000000000000000000000, sa_flags=none
SIGUSR2: [libjvm.so+0x920f80], sa_mask[0]=00100000000000000000000000000000, sa_flags=SA_RESTART|SA_SIGINFO
SIGHUP: [libjvm.so+0x922380], sa_mask[0]=11111111011111111101111111111110, sa_flags=SA_RESTART|SA_SIGINFO
SIGINT: [libjvm.so+0x922380], sa_mask[0]=11111111011111111101111111111110, sa_flags=SA_RESTART|SA_SIGINFO
SIGTERM: [libjvm.so+0x922380], sa_mask[0]=11111111011111111101111111111110, sa_flags=SA_RESTART|SA_SIGINFO
SIGQUIT: [libjvm.so+0x922380], sa_mask[0]=11111111011111111101111111111110, sa_flags=SA_RESTART|SA_SIGINFO


---------------  S Y S T E M  ---------------

OS:DISTRIB_ID=Ubuntu
DISTRIB_RELEASE=14.04
DISTRIB_CODENAME=trusty
DISTRIB_DESCRIPTION="Ubuntu 14.04.5 LTS"

uname:Linux 3.13.0-101-generic #148-Ubuntu SMP Thu Oct 20 22:08:32 UTC 2016 x86_64
libc:glibc 2.19 NPTL 2.19 
rlimit: STACK 8192k, CORE 0k, NPROC 15937, NOFILE 4096, AS infinity
load average:0.84 0.44 0.27

/proc/meminfo:
MemTotal:        2049972 kB
MemFree:           62344 kB
Buffers:             208 kB
Cached:            20352 kB
SwapCached:            0 kB
Active:          1832668 kB
Inactive:          17336 kB
Active(anon):    1832468 kB
Inactive(anon):    11448 kB
Active(file):        200 kB
Inactive(file):     5888 kB
Unevictable:           0 kB
Mlocked:               0 kB
SwapTotal:             0 kB
SwapFree:              0 kB
Dirty:                68 kB
Writeback:             0 kB
AnonPages:       1829480 kB
Mapped:            93736 kB
Shmem:             14436 kB
Slab:              24544 kB
SReclaimable:      12716 kB
SUnreclaim:        11828 kB
KernelStack:        2128 kB
PageTables:        11352 kB
NFS_Unstable:          0 kB
Bounce:                0 kB
WritebackTmp:          0 kB
CommitLimit:     1024984 kB
Committed_AS:    2133632 kB
VmallocTotal:   34359738367 kB
VmallocUsed:       26568 kB
VmallocChunk:   34359706616 kB
HardwareCorrupted:     0 kB
AnonHugePages:   1331200 kB
HugePages_Total:       0
HugePages_Free:        0
HugePages_Rsvd:        0
HugePages_Surp:        0
Hugepagesize:       2048 kB
DirectMap4k:       32704 kB
DirectMap2M:     2064384 kB


CPU:total 1 (1 cores per cpu, 1 threads per core) family 6 model 42 stepping 7, cmov, cx8, fxsr, mmx, sse, sse2, sse3, ssse3, sse4.1, sse4.2, popcnt, avx, aes, clmul, tsc, tscinvbit

/proc/cpuinfo:
processor	: 0
vendor_id	: GenuineIntel
cpu family	: 6
model		: 42
model name	: Intel(R) Core(TM) i7-2600 CPU @ 3.40GHz
stepping	: 7
cpu MHz		: 3392.260
cache size	: 8192 KB
physical id	: 0
siblings	: 1
core id		: 0
cpu cores	: 1
apicid		: 0
initial apicid	: 0
fpu		: yes
fpu_exception	: yes
cpuid level	: 13
wp		: yes
flags		: fpu vme de pse tsc msr pae mce cx8 apic sep mtrr pge mca cmov pat pse36 clflush mmx fxsr sse sse2 syscall nx rdtscp lm constant_tsc rep_good nopl xtopology nonstop_tsc pni pclmulqdq monitor ssse3 cx16 sse4_1 sse4_2 popcnt aes xsave avx lahf_lm
bogomips	: 6784.52
clflush size	: 64
cache_alignment	: 64
address sizes	: 36 bits physical, 48 bits virtual
power management:



Memory: 4k page, physical 2049972k(65568k free), swap 0k(0k free)

vm_info: Java HotSpot(TM) 64-Bit Server VM (25.111-b14) for linux-amd64 JRE (1.8.0_111-b14), built on Sep 22 2016 16:14:03 by "java_re" with gcc 4.3.0 20080428 (Red Hat 4.3.0-8)

time: Fri Jan 20 11:54:04 2017
elapsed time: 4 seconds (0d 0h 0m 4s)

